#
# There is insufficient memory for the Java Runtime Environment to continue.
# Native memory allocation (malloc) failed to allocate 32744 bytes for ChunkPool::allocate
# Possible reasons:
#   The system is out of physical RAM or swap space
#   The process is running with CompressedOops enabled, and the Java Heap may be blocking the growth of the native heap
# Possible solutions:
#   Reduce memory load on the system
#   Increase physical memory or swap space
#   Check if swap backing store is full
#   Decrease Java heap size (-Xmx/-Xms)
#   Decrease number of Java threads
#   Decrease Java thread stack sizes (-Xss)
#   Set larger code cache with -XX:ReservedCodeCacheSize=
#   JVM is running with Unscaled Compressed Oops mode in which the Java heap is
#     placed in the first 4GB address space. The Java Heap base address is the
#     maximum limit for the native heap growth. Please use -XX:HeapBaseMinAddress
#     to set the Java Heap base and to place the Java Heap above 4GB virtual address.
# This output file may be truncated or incomplete.
#
#  Out of Memory Error (arena.cpp:78), pid=12504, tid=10420
#
# JRE version: OpenJDK Runtime Environment Temurin-17.0.1+12 (17.0.1+12) (build 17.0.1+12)
# Java VM: OpenJDK 64-Bit Server VM Temurin-17.0.1+12 (17.0.1+12, mixed mode, tiered, compressed oops, compressed class ptrs, parallel gc, windows-amd64)
# No core dump will be written. Minidumps are not enabled by default on client versions of Windows
#

---------------  S U M M A R Y ------------

Command Line: --add-modules=ALL-SYSTEM --add-opens=java.base/java.util=ALL-UNNAMED --add-opens=java.base/java.lang=ALL-UNNAMED --add-opens=java.base/sun.nio.fs=ALL-UNNAMED -Declipse.application=org.eclipse.jdt.ls.core.id1 -Dosgi.bundles.defaultStartLevel=4 -Declipse.product=org.eclipse.jdt.ls.core.product -Djava.import.generatesMetadataFilesAtProjectRoot=false -Dfile.encoding=utf8 -DwatchParentProcess=false -XX:+UseParallelGC -XX:GCTimeRatio=4 -XX:AdaptiveSizePolicyWeight=90 -Dsun.zip.disableMemoryMapping=true -Xmx1G -Xms100m -XX:+HeapDumpOnOutOfMemoryError -XX:HeapDumpPath=c:\Users\cervi\AppData\Roaming\Code\User\workspaceStorage\38bc98f3c397ded34e86201629fcf2a1\redhat.java c:\Users\cervi\.vscode\extensions\redhat.java-1.3.0\server\plugins\org.eclipse.equinox.launcher_1.6.400.v20210924-0641.jar -configuration c:\Users\cervi\AppData\Roaming\Code\User\globalStorage\redhat.java\1.3.0\config_win -data c:\Users\cervi\AppData\Roaming\Code\User\workspaceStorage\38bc98f3c397ded34e86201629fcf2a1\redhat.java\jdt_ws

Host: Intel(R) Core(TM) i3-7020U CPU @ 2.30GHz, 4 cores, 3G,  Windows 10 , 64 bit Build 22000 (10.0.22000.434)
Time: Sun Feb  6 18:48:48 2022 Hora estándar de Argentina elapsed time: 38.170942 seconds (0d 0h 0m 38s)

---------------  T H R E A D  ---------------

Current thread (0x00000205452441e0):  JavaThread "C2 CompilerThread0" daemon [_thread_in_native, id=10420, stack(0x0000008039100000,0x0000008039200000)]


Current CompileTask:
C2:  38171 4527   !   4       org.eclipse.osgi.internal.loader.BundleLoader::findRequiredSource (283 bytes)

Stack: [0x0000008039100000,0x0000008039200000]
Native frames: (J=compiled Java code, j=interpreted, Vv=VM code, C=native code)
V  [jvm.dll+0x6744da]
V  [jvm.dll+0x82e144]
V  [jvm.dll+0x82f8ee]
V  [jvm.dll+0x82ff53]
V  [jvm.dll+0x245175]
V  [jvm.dll+0xabaa0]
V  [jvm.dll+0xabdec]
V  [jvm.dll+0x69d7b9]
V  [jvm.dll+0x1bb764]
V  [jvm.dll+0x218189]
V  [jvm.dll+0x217451]
V  [jvm.dll+0x1a355d]
V  [jvm.dll+0x226e38]
V  [jvm.dll+0x224f7c]
V  [jvm.dll+0x7e3f5b]
V  [jvm.dll+0x7de51a]
V  [jvm.dll+0x673305]
C  [ucrtbase.dll+0x26c0c]
C  [KERNEL32.DLL+0x154e0]
C  [ntdll.dll+0x485b]


---------------  P R O C E S S  ---------------

Threads class SMR info:
_java_thread_list=0x00000205490f7230, length=26, elements={
0x0000020531403e00, 0x0000020545213040, 0x0000020545215c00, 0x000002054523ef20,
0x000002054523f9e0, 0x0000020545240590, 0x0000020545243450, 0x00000205452441e0,
0x0000020545246c90, 0x00000205452603e0, 0x0000020546d20bd0, 0x0000020546e40df0,
0x00000205475259b0, 0x0000020546eb5f10, 0x000002054710da40, 0x0000020547481630,
0x0000020547478130, 0x0000020547158660, 0x000002054900ccf0, 0x000002054900c820,
0x000002054900be80, 0x000002054900c350, 0x000002054900b9b0, 0x000002054900d1c0,
0x000002054aef8b10, 0x000002054aef9980
}

Java Threads: ( => current thread )
  0x0000020531403e00 JavaThread "main" [_thread_blocked, id=19628, stack(0x0000008038800000,0x0000008038900000)]
  0x0000020545213040 JavaThread "Reference Handler" daemon [_thread_blocked, id=12000, stack(0x0000008038b00000,0x0000008038c00000)]
  0x0000020545215c00 JavaThread "Finalizer" daemon [_thread_blocked, id=13940, stack(0x0000008038c00000,0x0000008038d00000)]
  0x000002054523ef20 JavaThread "Signal Dispatcher" daemon [_thread_blocked, id=9728, stack(0x0000008038d00000,0x0000008038e00000)]
  0x000002054523f9e0 JavaThread "Attach Listener" daemon [_thread_blocked, id=13880, stack(0x0000008038e00000,0x0000008038f00000)]
  0x0000020545240590 JavaThread "Service Thread" daemon [_thread_blocked, id=5752, stack(0x0000008038f00000,0x0000008039000000)]
  0x0000020545243450 JavaThread "Monitor Deflation Thread" daemon [_thread_blocked, id=19380, stack(0x0000008039000000,0x0000008039100000)]
=>0x00000205452441e0 JavaThread "C2 CompilerThread0" daemon [_thread_in_native, id=10420, stack(0x0000008039100000,0x0000008039200000)]
  0x0000020545246c90 JavaThread "C1 CompilerThread0" daemon [_thread_blocked, id=9904, stack(0x0000008039200000,0x0000008039300000)]
  0x00000205452603e0 JavaThread "Sweeper thread" daemon [_thread_blocked, id=14056, stack(0x0000008039300000,0x0000008039400000)]
  0x0000020546d20bd0 JavaThread "Common-Cleaner" daemon [_thread_blocked, id=11444, stack(0x0000008039400000,0x0000008039500000)]
  0x0000020546e40df0 JavaThread "Notification Thread" daemon [_thread_blocked, id=10020, stack(0x0000008039500000,0x0000008039600000)]
  0x00000205475259b0 JavaThread "Active Thread: Equinox Container: 13040b56-bfd6-42dd-83eb-bc245cfc84ac" [_thread_blocked, id=2640, stack(0x0000008039700000,0x0000008039800000)]
  0x0000020546eb5f10 JavaThread "Framework Event Dispatcher: Equinox Container: 13040b56-bfd6-42dd-83eb-bc245cfc84ac" daemon [_thread_blocked, id=5392, stack(0x0000008039800000,0x0000008039900000)]
  0x000002054710da40 JavaThread "Start Level: Equinox Container: 13040b56-bfd6-42dd-83eb-bc245cfc84ac" daemon [_thread_blocked, id=17172, stack(0x0000008039c00000,0x0000008039d00000)]
  0x0000020547481630 JavaThread "SCR Component Actor" daemon [_thread_blocked, id=17800, stack(0x0000008039d00000,0x0000008039e00000)]
  0x0000020547478130 JavaThread "Bundle File Closer" daemon [_thread_blocked, id=5148, stack(0x0000008039e00000,0x0000008039f00000)]
  0x0000020547158660 JavaThread "Worker-JM" [_thread_blocked, id=18956, stack(0x000000803a000000,0x000000803a100000)]
  0x000002054900ccf0 JavaThread "Worker-0" [_thread_blocked, id=19248, stack(0x000000803a100000,0x000000803a200000)]
  0x000002054900c820 JavaThread "Worker-1" [_thread_blocked, id=18504, stack(0x000000803a200000,0x000000803a300000)]
  0x000002054900be80 JavaThread "Java indexing" daemon [_thread_blocked, id=18352, stack(0x000000803a300000,0x000000803a400000)]
  0x000002054900c350 JavaThread "Worker-2" [_thread_blocked, id=10928, stack(0x0000008039f00000,0x000000803a000000)]
  0x000002054900b9b0 JavaThread "pool-2-thread-1" [_thread_blocked, id=9080, stack(0x000000803a400000,0x000000803a500000)]
  0x000002054900d1c0 JavaThread "Worker-3" [_thread_blocked, id=932, stack(0x000000803a500000,0x000000803a600000)]
  0x000002054aef8b10 JavaThread "Worker-4: Initialize Workspace" [_thread_in_native, id=11244, stack(0x000000803a600000,0x000000803a700000)]
  0x000002054aef9980 JavaThread "Keep-Alive-Timer" daemon [_thread_blocked, id=8856, stack(0x000000803aa00000,0x000000803ab00000)]

Other Threads:
  0x00000205451fb800 VMThread "VM Thread" [stack: 0x0000008038a00000,0x0000008038b00000] [id=15700]
  0x0000020546e412c0 WatcherThread [stack: 0x0000008039600000,0x0000008039700000] [id=12704]
  0x000002053141cae0 GCTaskThread "GC Thread#0" [stack: 0x0000008038900000,0x0000008038a00000] [id=9120]
  0x000002054709f670 GCTaskThread "GC Thread#1" [stack: 0x0000008039900000,0x0000008039a00000] [id=11724]
  0x000002054709f920 GCTaskThread "GC Thread#2" [stack: 0x0000008039a00000,0x0000008039b00000] [id=10936]
  0x000002054709fbd0 GCTaskThread "GC Thread#3" [stack: 0x0000008039b00000,0x0000008039c00000] [id=12616]

Threads with active compile tasks:
C2 CompilerThread0    38242 4527   !   4       org.eclipse.osgi.internal.loader.BundleLoader::findRequiredSource (283 bytes)

VM state: not at safepoint (normal execution)

VM Mutex/Monitor currently owned by a thread: None

Heap address: 0x00000000c0000000, size: 1024 MB, Compressed Oops mode: 32-bit

CDS archive(s) not mapped
Compressed class space mapped at: 0x0000000100000000-0x0000000140000000, reserved size: 1073741824
Narrow klass base: 0x0000000000000000, Narrow klass shift: 3, Narrow klass range: 0x140000000

GC Precious Log:
 CPUs: 4 total, 4 available
 Memory: 3973M
 Large Page Support: Disabled
 NUMA Support: Disabled
 Compressed Oops: Enabled (32-bit)
 Alignments: Space 512K, Generation 512K, Heap 2M
 Heap Min Capacity: 100M
 Heap Initial Capacity: 100M
 Heap Max Capacity: 1G
 Pre-touch: Disabled
 Parallel Workers: 4

Heap:
 PSYoungGen      total 24576K, used 13391K [0x00000000eab00000, 0x00000000ecc80000, 0x0000000100000000)
  eden space 22016K, 49% used [0x00000000eab00000,0x00000000eb596878,0x00000000ec080000)
  from space 2560K, 99% used [0x00000000ec580000,0x00000000ec7fd590,0x00000000ec800000)
  to   space 5120K, 0% used [0x00000000ec080000,0x00000000ec080000,0x00000000ec580000)
 ParOldGen       total 68608K, used 15458K [0x00000000c0000000, 0x00000000c4300000, 0x00000000eab00000)
  object space 68608K, 22% used [0x00000000c0000000,0x00000000c0f188c0,0x00000000c4300000)
 Metaspace       used 48290K, committed 49088K, reserved 1097728K
  class space    used 5351K, committed 5696K, reserved 1048576K

Card table byte_map: [0x0000020530df0000,0x0000020531000000] _byte_map_base: 0x00000205307f0000

Marking Bits: (ParMarkBitMap*) 0x00007ffc5cde2a60
 Begin Bits: [0x0000020543090000, 0x0000020544090000)
 End Bits:   [0x0000020544090000, 0x0000020545090000)

Polling page: 0x0000020530be0000

Metaspace:

Usage:
  Non-class:     41.93 MB used.
      Class:      5.23 MB used.
       Both:     47.16 MB used.

Virtual space:
  Non-class space:       48.00 MB reserved,      42.38 MB ( 88%) committed,  6 nodes.
      Class space:        1.00 GB reserved,       5.56 MB ( <1%) committed,  1 nodes.
             Both:        1.05 GB reserved,      47.94 MB (  4%) committed. 

Chunk freelists:
   Non-Class:  1.59 MB
       Class:  2.47 MB
        Both:  4.06 MB

MaxMetaspaceSize: unlimited
CompressedClassSpaceSize: 1.00 GB
Initial GC threshold: 21.00 MB
Current GC threshold: 58.38 MB
CDS: off
MetaspaceReclaimPolicy: balanced
 - commit_granule_bytes: 65536.
 - commit_granule_words: 8192.
 - virtual_space_node_default_size: 1048576.
 - enlarge_chunks_in_place: 1.
 - new_chunks_are_fully_committed: 0.
 - uncommit_free_chunks: 1.
 - use_allocation_guard: 0.
 - handle_deallocations: 1.


Internal statistics:

num_allocs_failed_limit: 6.
num_arena_births: 308.
num_arena_deaths: 0.
num_vsnodes_births: 7.
num_vsnodes_deaths: 0.
num_space_committed: 767.
num_space_uncommitted: 0.
num_chunks_returned_to_freelist: 6.
num_chunks_taken_from_freelist: 1898.
num_chunk_merges: 6.
num_chunk_splits: 1219.
num_chunks_enlarged: 732.
num_purges: 0.
num_inconsistent_stats: 0.

CodeHeap 'non-profiled nmethods': size=120000Kb used=1857Kb max_used=1857Kb free=118142Kb
 bounds [0x000002053bb60000, 0x000002053bdd0000, 0x0000020543090000]
CodeHeap 'profiled nmethods': size=120000Kb used=9750Kb max_used=9750Kb free=110249Kb
 bounds [0x0000020534630000, 0x0000020534fc0000, 0x000002053bb60000]
CodeHeap 'non-nmethods': size=5760Kb used=1298Kb max_used=1349Kb free=4461Kb
 bounds [0x0000020534090000, 0x0000020534300000, 0x0000020534630000]
 total_blobs=5270 nmethods=4647 adapters=536
 compilation: enabled
              stopped_count=0, restarted_count=0
 full_count=0

Compilation events (20 events):
Event: 38.055 Thread 0x0000020545246c90 4677       2       jdk.internal.math.FDBigInteger::makeImmutable (6 bytes)
Event: 38.056 Thread 0x0000020545246c90 nmethod 4677 0x0000020534fafc90 code [0x0000020534fafe20, 0x0000020534faff38]
Event: 38.056 Thread 0x0000020545246c90 4678       2       jdk.internal.math.FDBigInteger::mult (44 bytes)
Event: 38.056 Thread 0x0000020545246c90 nmethod 4678 0x0000020534fb0010 code [0x0000020534fb01c0, 0x0000020534fb0478]
Event: 38.058 Thread 0x0000020545246c90 4679       2       java.lang.StringUTF16::charAt (11 bytes)
Event: 38.058 Thread 0x0000020545246c90 nmethod 4679 0x0000020534fb0590 code [0x0000020534fb0720, 0x0000020534fb0848]
Event: 38.069 Thread 0x0000020545246c90 4680       2       java.util.ArrayDeque::add (7 bytes)
Event: 38.070 Thread 0x0000020545246c90 nmethod 4680 0x0000020534fb0990 code [0x0000020534fb0b20, 0x0000020534fb0c48]
Event: 38.074 Thread 0x0000020545246c90 4681       2       org.eclipse.core.internal.jobs.JobQueue::peek (26 bytes)
Event: 38.074 Thread 0x0000020545246c90 nmethod 4681 0x0000020534fb0d10 code [0x0000020534fb0ea0, 0x0000020534fb0fb8]
Event: 38.075 Thread 0x0000020545246c90 4682       2       org.eclipse.osgi.internal.hookregistry.ClassLoaderHook::preFindLocalResource (1 bytes)
Event: 38.076 Thread 0x0000020545246c90 nmethod 4682 0x0000020534fb1090 code [0x0000020534fb1220, 0x0000020534fb1318]
Event: 38.076 Thread 0x0000020545246c90 4683       2       org.eclipse.osgi.internal.hookregistry.ClassLoaderHook::postFindLocalResource (1 bytes)
Event: 38.076 Thread 0x0000020545246c90 nmethod 4683 0x0000020534fb1390 code [0x0000020534fb1520, 0x0000020534fb1618]
Event: 38.076 Thread 0x0000020545246c90 4684 %     3       java.util.Properties::load0 @ 29 (249 bytes)
Event: 38.078 Thread 0x0000020545246c90 nmethod 4684% 0x0000020534fb1690 code [0x0000020534fb18e0, 0x0000020534fb2428]
Event: 38.078 Thread 0x0000020545246c90 4685 %     3       java.util.Properties::load0 @ 8 (249 bytes)
Event: 38.079 Thread 0x0000020545246c90 nmethod 4685% 0x0000020534fb2810 code [0x0000020534fb2a60, 0x0000020534fb3548]
Event: 38.079 Thread 0x0000020545246c90 4686       2       java.util.HashMap::afterNodeAccess (1 bytes)
Event: 38.079 Thread 0x0000020545246c90 nmethod 4686 0x0000020534fb3890 code [0x0000020534fb3a20, 0x0000020534fb3b18]

GC Heap History (20 events):
Event: 13.851 GC heap before
{Heap before GC invocations=1 (full 0):
 PSYoungGen      total 29696K, used 25600K [0x00000000eab00000, 0x00000000ecc00000, 0x0000000100000000)
  eden space 25600K, 100% used [0x00000000eab00000,0x00000000ec400000,0x00000000ec400000)
  from space 4096K, 0% used [0x00000000ec800000,0x00000000ec800000,0x00000000ecc00000)
  to   space 4096K, 0% used [0x00000000ec400000,0x00000000ec400000,0x00000000ec800000)
 ParOldGen       total 68608K, used 0K [0x00000000c0000000, 0x00000000c4300000, 0x00000000eab00000)
  object space 68608K, 0% used [0x00000000c0000000,0x00000000c0000000,0x00000000c4300000)
 Metaspace       used 12904K, committed 13056K, reserved 1064960K
  class space    used 1307K, committed 1408K, reserved 1048576K
}
Event: 13.860 GC heap after
{Heap after GC invocations=1 (full 0):
 PSYoungGen      total 29696K, used 4065K [0x00000000eab00000, 0x00000000ecc00000, 0x0000000100000000)
  eden space 25600K, 0% used [0x00000000eab00000,0x00000000eab00000,0x00000000ec400000)
  from space 4096K, 99% used [0x00000000ec400000,0x00000000ec7f8428,0x00000000ec800000)
  to   space 4096K, 0% used [0x00000000ec800000,0x00000000ec800000,0x00000000ecc00000)
 ParOldGen       total 68608K, used 616K [0x00000000c0000000, 0x00000000c4300000, 0x00000000eab00000)
  object space 68608K, 0% used [0x00000000c0000000,0x00000000c009a020,0x00000000c4300000)
 Metaspace       used 12904K, committed 13056K, reserved 1064960K
  class space    used 1307K, committed 1408K, reserved 1048576K
}
Event: 22.922 GC heap before
{Heap before GC invocations=2 (full 0):
 PSYoungGen      total 29696K, used 29665K [0x00000000eab00000, 0x00000000ecc00000, 0x0000000100000000)
  eden space 25600K, 100% used [0x00000000eab00000,0x00000000ec400000,0x00000000ec400000)
  from space 4096K, 99% used [0x00000000ec400000,0x00000000ec7f8428,0x00000000ec800000)
  to   space 4096K, 0% used [0x00000000ec800000,0x00000000ec800000,0x00000000ecc00000)
 ParOldGen       total 68608K, used 616K [0x00000000c0000000, 0x00000000c4300000, 0x00000000eab00000)
  object space 68608K, 0% used [0x00000000c0000000,0x00000000c009a020,0x00000000c4300000)
 Metaspace       used 19723K, committed 20160K, reserved 1073152K
  class space    used 2009K, committed 2240K, reserved 1048576K
}
Event: 22.939 GC heap after
{Heap after GC invocations=2 (full 0):
 PSYoungGen      total 29696K, used 4088K [0x00000000eab00000, 0x00000000ecc00000, 0x0000000100000000)
  eden space 25600K, 0% used [0x00000000eab00000,0x00000000eab00000,0x00000000ec400000)
  from space 4096K, 99% used [0x00000000ec800000,0x00000000ecbfe1b8,0x00000000ecc00000)
  to   space 4096K, 0% used [0x00000000ec400000,0x00000000ec400000,0x00000000ec800000)
 ParOldGen       total 68608K, used 6716K [0x00000000c0000000, 0x00000000c4300000, 0x00000000eab00000)
  object space 68608K, 9% used [0x00000000c0000000,0x00000000c068f1a8,0x00000000c4300000)
 Metaspace       used 19723K, committed 20160K, reserved 1073152K
  class space    used 2009K, committed 2240K, reserved 1048576K
}
Event: 24.788 GC heap before
{Heap before GC invocations=3 (full 0):
 PSYoungGen      total 29696K, used 10002K [0x00000000eab00000, 0x00000000ecc00000, 0x0000000100000000)
  eden space 25600K, 23% used [0x00000000eab00000,0x00000000eb0c68f8,0x00000000ec400000)
  from space 4096K, 99% used [0x00000000ec800000,0x00000000ecbfe1b8,0x00000000ecc00000)
  to   space 4096K, 0% used [0x00000000ec400000,0x00000000ec400000,0x00000000ec800000)
 ParOldGen       total 68608K, used 6716K [0x00000000c0000000, 0x00000000c4300000, 0x00000000eab00000)
  object space 68608K, 9% used [0x00000000c0000000,0x00000000c068f1a8,0x00000000c4300000)
 Metaspace       used 21051K, committed 21504K, reserved 1073152K
  class space    used 2125K, committed 2368K, reserved 1048576K
}
Event: 24.795 GC heap after
{Heap after GC invocations=3 (full 0):
 PSYoungGen      total 29696K, used 4081K [0x00000000eab00000, 0x00000000ecc00000, 0x0000000100000000)
  eden space 25600K, 0% used [0x00000000eab00000,0x00000000eab00000,0x00000000ec400000)
  from space 4096K, 99% used [0x00000000ec400000,0x00000000ec7fc500,0x00000000ec800000)
  to   space 4096K, 0% used [0x00000000ec800000,0x00000000ec800000,0x00000000ecc00000)
 ParOldGen       total 68608K, used 7012K [0x00000000c0000000, 0x00000000c4300000, 0x00000000eab00000)
  object space 68608K, 10% used [0x00000000c0000000,0x00000000c06d91a8,0x00000000c4300000)
 Metaspace       used 21051K, committed 21504K, reserved 1073152K
  class space    used 2125K, committed 2368K, reserved 1048576K
}
Event: 24.795 GC heap before
{Heap before GC invocations=4 (full 1):
 PSYoungGen      total 29696K, used 4081K [0x00000000eab00000, 0x00000000ecc00000, 0x0000000100000000)
  eden space 25600K, 0% used [0x00000000eab00000,0x00000000eab00000,0x00000000ec400000)
  from space 4096K, 99% used [0x00000000ec400000,0x00000000ec7fc500,0x00000000ec800000)
  to   space 4096K, 0% used [0x00000000ec800000,0x00000000ec800000,0x00000000ecc00000)
 ParOldGen       total 68608K, used 7012K [0x00000000c0000000, 0x00000000c4300000, 0x00000000eab00000)
  object space 68608K, 10% used [0x00000000c0000000,0x00000000c06d91a8,0x00000000c4300000)
 Metaspace       used 21051K, committed 21504K, reserved 1073152K
  class space    used 2125K, committed 2368K, reserved 1048576K
}
Event: 24.843 GC heap after
{Heap after GC invocations=4 (full 1):
 PSYoungGen      total 29696K, used 0K [0x00000000eab00000, 0x00000000ecc00000, 0x0000000100000000)
  eden space 25600K, 0% used [0x00000000eab00000,0x00000000eab00000,0x00000000ec400000)
  from space 4096K, 0% used [0x00000000ec400000,0x00000000ec400000,0x00000000ec800000)
  to   space 4096K, 0% used [0x00000000ec800000,0x00000000ec800000,0x00000000ecc00000)
 ParOldGen       total 68608K, used 10933K [0x00000000c0000000, 0x00000000c4300000, 0x00000000eab00000)
  object space 68608K, 15% used [0x00000000c0000000,0x00000000c0aad590,0x00000000c4300000)
 Metaspace       used 21051K, committed 21504K, reserved 1073152K
  class space    used 2125K, committed 2368K, reserved 1048576K
}
Event: 27.278 GC heap before
{Heap before GC invocations=5 (full 1):
 PSYoungGen      total 29696K, used 25600K [0x00000000eab00000, 0x00000000ecc00000, 0x0000000100000000)
  eden space 25600K, 100% used [0x00000000eab00000,0x00000000ec400000,0x00000000ec400000)
  from space 4096K, 0% used [0x00000000ec400000,0x00000000ec400000,0x00000000ec800000)
  to   space 4096K, 0% used [0x00000000ec800000,0x00000000ec800000,0x00000000ecc00000)
 ParOldGen       total 68608K, used 10933K [0x00000000c0000000, 0x00000000c4300000, 0x00000000eab00000)
  object space 68608K, 15% used [0x00000000c0000000,0x00000000c0aad590,0x00000000c4300000)
 Metaspace       used 27935K, committed 28416K, reserved 1081344K
  class space    used 2712K, committed 2944K, reserved 1048576K
}
Event: 27.280 GC heap after
{Heap after GC invocations=5 (full 1):
 PSYoungGen      total 29696K, used 1488K [0x00000000eab00000, 0x00000000ecc00000, 0x0000000100000000)
  eden space 25600K, 0% used [0x00000000eab00000,0x00000000eab00000,0x00000000ec400000)
  from space 4096K, 36% used [0x00000000ec800000,0x00000000ec974318,0x00000000ecc00000)
  to   space 4096K, 0% used [0x00000000ec400000,0x00000000ec400000,0x00000000ec800000)
 ParOldGen       total 68608K, used 10941K [0x00000000c0000000, 0x00000000c4300000, 0x00000000eab00000)
  object space 68608K, 15% used [0x00000000c0000000,0x00000000c0aaf590,0x00000000c4300000)
 Metaspace       used 27935K, committed 28416K, reserved 1081344K
  class space    used 2712K, committed 2944K, reserved 1048576K
}
Event: 32.797 GC heap before
{Heap before GC invocations=6 (full 1):
 PSYoungGen      total 29696K, used 27088K [0x00000000eab00000, 0x00000000ecc00000, 0x0000000100000000)
  eden space 25600K, 99% used [0x00000000eab00000,0x00000000ec3fff10,0x00000000ec400000)
  from space 4096K, 36% used [0x00000000ec800000,0x00000000ec974318,0x00000000ecc00000)
  to   space 4096K, 0% used [0x00000000ec400000,0x00000000ec400000,0x00000000ec800000)
 ParOldGen       total 68608K, used 10941K [0x00000000c0000000, 0x00000000c4300000, 0x00000000eab00000)
  object space 68608K, 15% used [0x00000000c0000000,0x00000000c0aaf590,0x00000000c4300000)
 Metaspace       used 33858K, committed 34624K, reserved 1081344K
  class space    used 3532K, committed 3904K, reserved 1048576K
}
Event: 32.804 GC heap after
{Heap after GC invocations=6 (full 1):
 PSYoungGen      total 28672K, used 3522K [0x00000000eab00000, 0x00000000ecb80000, 0x0000000100000000)
  eden space 25088K, 0% used [0x00000000eab00000,0x00000000eab00000,0x00000000ec380000)
  from space 3584K, 98% used [0x00000000ec400000,0x00000000ec770ba0,0x00000000ec780000)
  to   space 4096K, 0% used [0x00000000ec780000,0x00000000ec780000,0x00000000ecb80000)
 ParOldGen       total 68608K, used 10949K [0x00000000c0000000, 0x00000000c4300000, 0x00000000eab00000)
  object space 68608K, 15% used [0x00000000c0000000,0x00000000c0ab1590,0x00000000c4300000)
 Metaspace       used 33858K, committed 34624K, reserved 1081344K
  class space    used 3532K, committed 3904K, reserved 1048576K
}
Event: 33.072 GC heap before
{Heap before GC invocations=7 (full 1):
 PSYoungGen      total 28672K, used 7386K [0x00000000eab00000, 0x00000000ecb80000, 0x0000000100000000)
  eden space 25088K, 15% used [0x00000000eab00000,0x00000000eaec5ee0,0x00000000ec380000)
  from space 3584K, 98% used [0x00000000ec400000,0x00000000ec770ba0,0x00000000ec780000)
  to   space 4096K, 0% used [0x00000000ec780000,0x00000000ec780000,0x00000000ecb80000)
 ParOldGen       total 68608K, used 10949K [0x00000000c0000000, 0x00000000c4300000, 0x00000000eab00000)
  object space 68608K, 15% used [0x00000000c0000000,0x00000000c0ab1590,0x00000000c4300000)
 Metaspace       used 35157K, committed 35840K, reserved 1081344K
  class space    used 3721K, committed 4032K, reserved 1048576K
}
Event: 33.075 GC heap after
{Heap after GC invocations=7 (full 1):
 PSYoungGen      total 29184K, used 3787K [0x00000000eab00000, 0x00000000ecb80000, 0x0000000100000000)
  eden space 25088K, 0% used [0x00000000eab00000,0x00000000eab00000,0x00000000ec380000)
  from space 4096K, 92% used [0x00000000ec780000,0x00000000ecb32fe8,0x00000000ecb80000)
  to   space 4096K, 0% used [0x00000000ec380000,0x00000000ec380000,0x00000000ec780000)
 ParOldGen       total 68608K, used 10957K [0x00000000c0000000, 0x00000000c4300000, 0x00000000eab00000)
  object space 68608K, 15% used [0x00000000c0000000,0x00000000c0ab3590,0x00000000c4300000)
 Metaspace       used 35157K, committed 35840K, reserved 1081344K
  class space    used 3721K, committed 4032K, reserved 1048576K
}
Event: 33.075 GC heap before
{Heap before GC invocations=8 (full 2):
 PSYoungGen      total 29184K, used 3787K [0x00000000eab00000, 0x00000000ecb80000, 0x0000000100000000)
  eden space 25088K, 0% used [0x00000000eab00000,0x00000000eab00000,0x00000000ec380000)
  from space 4096K, 92% used [0x00000000ec780000,0x00000000ecb32fe8,0x00000000ecb80000)
  to   space 4096K, 0% used [0x00000000ec380000,0x00000000ec380000,0x00000000ec780000)
 ParOldGen       total 68608K, used 10957K [0x00000000c0000000, 0x00000000c4300000, 0x00000000eab00000)
  object space 68608K, 15% used [0x00000000c0000000,0x00000000c0ab3590,0x00000000c4300000)
 Metaspace       used 35157K, committed 35840K, reserved 1081344K
  class space    used 3721K, committed 4032K, reserved 1048576K
}
Event: 33.134 GC heap after
{Heap after GC invocations=8 (full 2):
 PSYoungGen      total 29184K, used 0K [0x00000000eab00000, 0x00000000ecb80000, 0x0000000100000000)
  eden space 25088K, 0% used [0x00000000eab00000,0x00000000eab00000,0x00000000ec380000)
  from space 4096K, 0% used [0x00000000ec780000,0x00000000ec780000,0x00000000ecb80000)
  to   space 4096K, 0% used [0x00000000ec380000,0x00000000ec380000,0x00000000ec780000)
 ParOldGen       total 68608K, used 13595K [0x00000000c0000000, 0x00000000c4300000, 0x00000000eab00000)
  object space 68608K, 19% used [0x00000000c0000000,0x00000000c0d46f88,0x00000000c4300000)
 Metaspace       used 35157K, committed 35840K, reserved 1081344K
  class space    used 3721K, committed 4032K, reserved 1048576K
}
Event: 34.711 GC heap before
{Heap before GC invocations=9 (full 2):
 PSYoungGen      total 29184K, used 25088K [0x00000000eab00000, 0x00000000ecb80000, 0x0000000100000000)
  eden space 25088K, 100% used [0x00000000eab00000,0x00000000ec380000,0x00000000ec380000)
  from space 4096K, 0% used [0x00000000ec780000,0x00000000ec780000,0x00000000ecb80000)
  to   space 4096K, 0% used [0x00000000ec380000,0x00000000ec380000,0x00000000ec780000)
 ParOldGen       total 68608K, used 13595K [0x00000000c0000000, 0x00000000c4300000, 0x00000000eab00000)
  object space 68608K, 19% used [0x00000000c0000000,0x00000000c0d46f88,0x00000000c4300000)
 Metaspace       used 39349K, committed 40064K, reserved 1089536K
  class space    used 4246K, committed 4544K, reserved 1048576K
}
Event: 34.717 GC heap after
{Heap after GC invocations=9 (full 2):
 PSYoungGen      total 26624K, used 1784K [0x00000000eab00000, 0x00000000ec800000, 0x0000000100000000)
  eden space 24576K, 0% used [0x00000000eab00000,0x00000000eab00000,0x00000000ec300000)
  from space 2048K, 87% used [0x00000000ec380000,0x00000000ec53e3d0,0x00000000ec580000)
  to   space 2560K, 0% used [0x00000000ec580000,0x00000000ec580000,0x00000000ec800000)
 ParOldGen       total 68608K, used 13603K [0x00000000c0000000, 0x00000000c4300000, 0x00000000eab00000)
  object space 68608K, 19% used [0x00000000c0000000,0x00000000c0d48f88,0x00000000c4300000)
 Metaspace       used 39349K, committed 40064K, reserved 1089536K
  class space    used 4246K, committed 4544K, reserved 1048576K
}
Event: 36.303 GC heap before
{Heap before GC invocations=10 (full 2):
 PSYoungGen      total 26624K, used 26360K [0x00000000eab00000, 0x00000000ec800000, 0x0000000100000000)
  eden space 24576K, 100% used [0x00000000eab00000,0x00000000ec300000,0x00000000ec300000)
  from space 2048K, 87% used [0x00000000ec380000,0x00000000ec53e3d0,0x00000000ec580000)
  to   space 2560K, 0% used [0x00000000ec580000,0x00000000ec580000,0x00000000ec800000)
 ParOldGen       total 68608K, used 13603K [0x00000000c0000000, 0x00000000c4300000, 0x00000000eab00000)
  object space 68608K, 19% used [0x00000000c0000000,0x00000000c0d48f88,0x00000000c4300000)
 Metaspace       used 45604K, committed 46336K, reserved 1097728K
  class space    used 5063K, committed 5376K, reserved 1048576K
}
Event: 36.309 GC heap after
{Heap after GC invocations=10 (full 2):
 PSYoungGen      total 24576K, used 2549K [0x00000000eab00000, 0x00000000ecc80000, 0x0000000100000000)
  eden space 22016K, 0% used [0x00000000eab00000,0x00000000eab00000,0x00000000ec080000)
  from space 2560K, 99% used [0x00000000ec580000,0x00000000ec7fd590,0x00000000ec800000)
  to   space 5120K, 0% used [0x00000000ec080000,0x00000000ec080000,0x00000000ec580000)
 ParOldGen       total 68608K, used 15458K [0x00000000c0000000, 0x00000000c4300000, 0x00000000eab00000)
  object space 68608K, 22% used [0x00000000c0000000,0x00000000c0f188c0,0x00000000c4300000)
 Metaspace       used 45604K, committed 46336K, reserved 1097728K
  class space    used 5063K, committed 5376K, reserved 1048576K
}

Deoptimization events (20 events):
Event: 37.200 Thread 0x000002054900c350 DEOPT PACKING pc=0x0000020534f375f1 sp=0x0000008039ffdf80
Event: 37.200 Thread 0x000002054900c350 DEOPT UNPACKING pc=0x00000205340e2843 sp=0x0000008039ffd3b0 mode 0
Event: 37.213 Thread 0x000002054900c350 DEOPT PACKING pc=0x0000020534f375f1 sp=0x0000008039ffdf80
Event: 37.213 Thread 0x000002054900c350 DEOPT UNPACKING pc=0x00000205340e2843 sp=0x0000008039ffd3b0 mode 0
Event: 37.214 Thread 0x000002054900c350 DEOPT PACKING pc=0x0000020534f375f1 sp=0x0000008039ffdf80
Event: 37.214 Thread 0x000002054900c350 DEOPT UNPACKING pc=0x00000205340e2843 sp=0x0000008039ffd3b0 mode 0
Event: 37.218 Thread 0x000002054900c350 DEOPT PACKING pc=0x0000020534f375f1 sp=0x0000008039ffdf80
Event: 37.218 Thread 0x000002054900c350 DEOPT UNPACKING pc=0x00000205340e2843 sp=0x0000008039ffd3b0 mode 0
Event: 37.220 Thread 0x000002054900c350 DEOPT PACKING pc=0x0000020534f375f1 sp=0x0000008039ffdf80
Event: 37.220 Thread 0x000002054900c350 DEOPT UNPACKING pc=0x00000205340e2843 sp=0x0000008039ffd3b0 mode 0
Event: 37.234 Thread 0x000002054900c350 DEOPT PACKING pc=0x0000020534f375f1 sp=0x0000008039ffdf80
Event: 37.234 Thread 0x000002054900c350 DEOPT UNPACKING pc=0x00000205340e2843 sp=0x0000008039ffd3b0 mode 0
Event: 37.240 Thread 0x000002054900c350 DEOPT PACKING pc=0x0000020534f375f1 sp=0x0000008039ffdf80
Event: 37.240 Thread 0x000002054900c350 DEOPT UNPACKING pc=0x00000205340e2843 sp=0x0000008039ffd3b0 mode 0
Event: 37.691 Thread 0x000002054aef8b10 DEOPT PACKING pc=0x0000020534edfb67 sp=0x000000803a6fd5a0
Event: 37.691 Thread 0x000002054aef8b10 DEOPT UNPACKING pc=0x00000205340e2843 sp=0x000000803a6fc9c0 mode 0
Event: 38.078 Thread 0x000002054aef8b10 DEOPT PACKING pc=0x0000020534bd861e sp=0x000000803a6fd610
Event: 38.078 Thread 0x000002054aef8b10 DEOPT UNPACKING pc=0x00000205340e2843 sp=0x000000803a6fcb08 mode 0
Event: 38.079 Thread 0x000002054aef8b10 DEOPT PACKING pc=0x0000020534bd861e sp=0x000000803a6fd5f0
Event: 38.079 Thread 0x000002054aef8b10 DEOPT UNPACKING pc=0x00000205340e2843 sp=0x000000803a6fcae0 mode 0

Classes unloaded (0 events):
No events

Classes redefined (0 events):
No events

Internal exceptions (20 events):
Event: 25.823 Thread 0x000002054710da40 Exception <a 'java/lang/ClassNotFoundException'{0x00000000ebd65cd8}: com/sun/org/apache/xerces/internal/impl/msg/spi/XMLMessagesProvider> (0x00000000ebd65cd8) 
thrown [e:\jenkins\tmp\workspace\build\src\src\hotspot\share\classfile\systemDictionary.cpp, line 256]
Event: 26.152 Thread 0x000002054710da40 Exception <a 'sun/nio/fs/WindowsException'{0x00000000ec0772f0}> (0x00000000ec0772f0) 
thrown [e:\jenkins\tmp\workspace\build\src\src\hotspot\share\prims\jni.cpp, line 516]
Event: 26.307 Thread 0x000002054710da40 Exception <a 'java/lang/ClassNotFoundException'{0x00000000ec1c0708}: com/sun/org/apache/xml/internal/serializer/spi/XMLEntitiesProvider> (0x00000000ec1c0708) 
thrown [e:\jenkins\tmp\workspace\build\src\src\hotspot\share\classfile\systemDictionary.cpp, line 256]
Event: 31.344 Thread 0x000002054710da40 Exception <a 'java/lang/NoSuchMethodError'{0x00000000eb243d48}: 'void java.lang.invoke.DirectMethodHandle$Holder.invokeSpecial(java.lang.Object, java.lang.Object, java.lang.Object, int)'> (0x00000000eb243d48) 
thrown [e:\jenkins\tmp\workspace\build\src\src\hotspot\share\interpreter\linkResolver.cpp, line 766]
Event: 31.461 Thread 0x000002054710da40 Exception <a 'java/lang/NoSuchMethodError'{0x00000000eb38c8b8}: 'org.slf4j.impl.StaticMDCBinder org.slf4j.impl.StaticMDCBinder.getSingleton()'> (0x00000000eb38c8b8) 
thrown [e:\jenkins\tmp\workspace\build\src\src\hotspot\share\interpreter\linkResolver.cpp, line 766]
Event: 31.527 Thread 0x000002054710da40 Exception <a 'java/io/FileNotFoundException'{0x00000000eb4b4280}> (0x00000000eb4b4280) 
thrown [e:\jenkins\tmp\workspace\build\src\src\hotspot\share\prims\jni.cpp, line 516]
Event: 31.868 Thread 0x000002054710da40 Exception <a 'java/io/FileNotFoundException'{0x00000000eb4ec780}> (0x00000000eb4ec780) 
thrown [e:\jenkins\tmp\workspace\build\src\src\hotspot\share\prims\jni.cpp, line 516]
Event: 31.883 Thread 0x000002054710da40 Exception <a 'java/io/FileNotFoundException'{0x00000000eb517230}> (0x00000000eb517230) 
thrown [e:\jenkins\tmp\workspace\build\src\src\hotspot\share\prims\jni.cpp, line 516]
Event: 32.196 Thread 0x000002054710da40 Implicit null exception at 0x000002053bc66dca to 0x000002053bc67ad0
Event: 32.472 Thread 0x000002054900ccf0 Exception <a 'java/lang/NoSuchMethodError'{0x00000000eb46fbd8}: 'java.lang.Object java.lang.invoke.DirectMethodHandle$Holder.newInvokeSpecial(java.lang.Object, java.lang.Object, java.lang.Object, java.lang.Object, java.lang.Object)'> (0x00000000eb46fbd8) 
thrown [e:\jenkins\tmp\workspace\build\src\src\hotspot\share\interpreter\linkResolver.cpp, line 766]
Event: 33.614 Thread 0x000002054900b9b0 Exception <a 'java/io/FileNotFoundException'{0x00000000eae05068}> (0x00000000eae05068) 
thrown [e:\jenkins\tmp\workspace\build\src\src\hotspot\share\prims\jni.cpp, line 516]
Event: 34.061 Thread 0x000002054900ccf0 Implicit null exception at 0x000002053bc02960 to 0x000002053bc02bd8
Event: 34.075 Thread 0x000002054900b9b0 Exception <a 'java/lang/NoSuchMethodError'{0x00000000eb3463f0}: 'void java.lang.invoke.DirectMethodHandle$Holder.invokeStatic(java.lang.Object, java.lang.Object, java.lang.Object, java.lang.Object, java.lang.Object, java.lang.Object)'> (0x00000000eb3463f0) 
thrown [e:\jenkins\tmp\workspace\build\src\src\hotspot\share\interpreter\linkResolver.cpp, line 766]
Event: 34.117 Thread 0x000002054900ccf0 Implicit null exception at 0x000002053bbed356 to 0x000002053bbed5bc
Event: 34.438 Thread 0x000002054900c350 Exception <a 'sun/nio/fs/WindowsException'{0x00000000ebd4b370}> (0x00000000ebd4b370) 
thrown [e:\jenkins\tmp\workspace\build\src\src\hotspot\share\prims\jni.cpp, line 516]
Event: 36.281 Thread 0x000002054900ccf0 Exception <a 'java/lang/NoClassDefFoundError'{0x00000000ec2a8790}: com/google/inject/servlet/ServletModuleTargetVisitor> (0x00000000ec2a8790) 
thrown [e:\jenkins\tmp\workspace\build\src\src\hotspot\share\classfile\systemDictionary.cpp, line 245]
Event: 36.281 Thread 0x000002054900ccf0 Exception <a 'java/lang/NoClassDefFoundError'{0x00000000ec2ab0b0}: javax/annotation/Priority> (0x00000000ec2ab0b0) 
thrown [e:\jenkins\tmp\workspace\build\src\src\hotspot\share\classfile\systemDictionary.cpp, line 245]
Event: 36.470 Thread 0x000002054900c350 Implicit null exception at 0x000002053bcd2ab2 to 0x000002053bcd3274
Event: 38.044 Thread 0x000002054aef8b10 Exception <a 'java/lang/NoSuchMethodError'{0x00000000eb4cd210}: 'int java.lang.invoke.DirectMethodHandle$Holder.invokeInterface(java.lang.Object, java.lang.Object)'> (0x00000000eb4cd210) 
thrown [e:\jenkins\tmp\workspace\build\src\src\hotspot\share\interpreter\linkResolver.cpp, line 766]
Event: 38.045 Thread 0x000002054aef8b10 Exception <a 'java/lang/IncompatibleClassChangeError'{0x00000000eb4d04f8}: Found class java.lang.Object, but interface was expected> (0x00000000eb4d04f8) 
thrown [e:\jenkins\tmp\workspace\build\src\src\hotspot\share\interpreter\linkResolver.cpp, line 833]

VM Operations (20 events):
Event: 35.850 Executing VM operation: Cleanup
Event: 35.850 Executing VM operation: Cleanup done
Event: 35.911 Executing VM operation: HandshakeAllThreads
Event: 35.911 Executing VM operation: HandshakeAllThreads done
Event: 36.078 Executing VM operation: HandshakeAllThreads
Event: 36.078 Executing VM operation: HandshakeAllThreads done
Event: 36.303 Executing VM operation: ParallelGCFailedAllocation
Event: 36.310 Executing VM operation: ParallelGCFailedAllocation done
Event: 36.366 Executing VM operation: HandshakeAllThreads
Event: 36.366 Executing VM operation: HandshakeAllThreads done
Event: 36.683 Executing VM operation: HandshakeAllThreads
Event: 36.683 Executing VM operation: HandshakeAllThreads done
Event: 36.831 Executing VM operation: HandshakeAllThreads
Event: 36.869 Executing VM operation: HandshakeAllThreads done
Event: 36.874 Executing VM operation: HandshakeAllThreads
Event: 36.874 Executing VM operation: HandshakeAllThreads done
Event: 37.252 Executing VM operation: HandshakeAllThreads
Event: 37.267 Executing VM operation: HandshakeAllThreads done
Event: 37.517 Executing VM operation: ICBufferFull
Event: 37.545 Executing VM operation: ICBufferFull done

Events (20 events):
Event: 37.715 loading class jdk/internal/math/FormattedFloatingDecimal
Event: 37.717 loading class jdk/internal/math/FormattedFloatingDecimal done
Event: 37.717 loading class jdk/internal/math/FormattedFloatingDecimal$1
Event: 37.717 loading class jdk/internal/math/FormattedFloatingDecimal$1 done
Event: 37.719 loading class jdk/internal/math/FormattedFloatingDecimal$2
Event: 37.719 loading class jdk/internal/math/FormattedFloatingDecimal$2 done
Event: 37.720 loading class java/util/Formattable
Event: 37.720 loading class java/util/Formattable done
Event: 37.738 loading class jdk/internal/reflect/UnsafeIntegerFieldAccessorImpl
Event: 37.739 loading class jdk/internal/reflect/UnsafeIntegerFieldAccessorImpl done
Event: 38.029 loading class java/util/TreeMap$ValueSpliterator
Event: 38.029 loading class java/util/TreeMap$TreeMapSpliterator
Event: 38.029 loading class java/util/TreeMap$TreeMapSpliterator done
Event: 38.029 loading class java/util/TreeMap$ValueSpliterator done
Event: 38.038 loading class java/util/AbstractList$RandomAccessSpliterator
Event: 38.041 loading class java/util/AbstractList$RandomAccessSpliterator done
Event: 38.052 loading class jdk/internal/math/FDBigInteger
Event: 38.053 loading class jdk/internal/math/FDBigInteger done
Event: 38.079 loading class java/text/MessageFormat$Field
Event: 38.080 loading class java/text/MessageFormat$Field done


Dynamic libraries:
0x00007ff6ab6b0000 - 0x00007ff6ab6be000 	c:\Users\cervi\.vscode\extensions\redhat.java-1.3.0\jre\17.0.1-win32-x86_64\bin\java.exe
0x00007ffcab020000 - 0x00007ffcab229000 	C:\Windows\SYSTEM32\ntdll.dll
0x00007ffca9bf0000 - 0x00007ffca9cad000 	C:\Windows\System32\KERNEL32.DLL
0x00007ffca8980000 - 0x00007ffca8cf4000 	C:\Windows\System32\KERNELBASE.dll
0x00007ffca8d00000 - 0x00007ffca8e11000 	C:\Windows\System32\ucrtbase.dll
0x00007ffca0280000 - 0x00007ffca0298000 	c:\Users\cervi\.vscode\extensions\redhat.java-1.3.0\jre\17.0.1-win32-x86_64\bin\jli.dll
0x00007ffc983d0000 - 0x00007ffc983e9000 	c:\Users\cervi\.vscode\extensions\redhat.java-1.3.0\jre\17.0.1-win32-x86_64\bin\VCRUNTIME140.dll
0x00007ffca9cd0000 - 0x00007ffca9e7c000 	C:\Windows\System32\USER32.dll
0x00007ffca88d0000 - 0x00007ffca88f6000 	C:\Windows\System32\win32u.dll
0x00007ffca9300000 - 0x00007ffca9329000 	C:\Windows\System32\GDI32.dll
0x00007ffca8510000 - 0x00007ffca8622000 	C:\Windows\System32\gdi32full.dll
0x00007ffca8e20000 - 0x00007ffca8ebd000 	C:\Windows\System32\msvcp_win.dll
0x00007ffc8f510000 - 0x00007ffc8f7b5000 	C:\Windows\WinSxS\amd64_microsoft.windows.common-controls_6595b64144ccf1df_6.0.22000.120_none_9d947278b86cc467\COMCTL32.dll
0x00007ffca9130000 - 0x00007ffca91d3000 	C:\Windows\System32\msvcrt.dll
0x00007ffca90f0000 - 0x00007ffca9121000 	C:\Windows\System32\IMM32.DLL
0x00007ffca03c0000 - 0x00007ffca03cc000 	c:\Users\cervi\.vscode\extensions\redhat.java-1.3.0\jre\17.0.1-win32-x86_64\bin\vcruntime140_1.dll
0x00007ffc87ac0000 - 0x00007ffc87b51000 	c:\Users\cervi\.vscode\extensions\redhat.java-1.3.0\jre\17.0.1-win32-x86_64\bin\msvcp140.dll
0x00007ffc5c260000 - 0x00007ffc5cea6000 	c:\Users\cervi\.vscode\extensions\redhat.java-1.3.0\jre\17.0.1-win32-x86_64\bin\server\jvm.dll
0x00007ffca9790000 - 0x00007ffca983e000 	C:\Windows\System32\ADVAPI32.dll
0x00007ffca9b50000 - 0x00007ffca9bee000 	C:\Windows\System32\sechost.dll
0x00007ffca8ec0000 - 0x00007ffca8fe0000 	C:\Windows\System32\RPCRT4.dll
0x00007ffca9290000 - 0x00007ffca9298000 	C:\Windows\System32\PSAPI.DLL
0x00007ffca03b0000 - 0x00007ffca03b9000 	C:\Windows\SYSTEM32\WSOCK32.dll
0x00007ffca9850000 - 0x00007ffca98bf000 	C:\Windows\System32\WS2_32.dll
0x00007ffca3380000 - 0x00007ffca33b3000 	C:\Windows\SYSTEM32\WINMM.dll
0x00007ffca28d0000 - 0x00007ffca28da000 	C:\Windows\SYSTEM32\VERSION.dll
0x00007ffca7610000 - 0x00007ffca7628000 	C:\Windows\SYSTEM32\kernel.appcore.dll
0x00007ffca0270000 - 0x00007ffca027a000 	c:\Users\cervi\.vscode\extensions\redhat.java-1.3.0\jre\17.0.1-win32-x86_64\bin\jimage.dll
0x00007ffc9fb20000 - 0x00007ffc9fd41000 	C:\Windows\SYSTEM32\DBGHELP.DLL
0x00007ffc9fa80000 - 0x00007ffc9fab1000 	C:\Windows\SYSTEM32\dbgcore.DLL
0x00007ffca8900000 - 0x00007ffca897f000 	C:\Windows\System32\bcryptPrimitives.dll
0x00007ffc94020000 - 0x00007ffc94045000 	c:\Users\cervi\.vscode\extensions\redhat.java-1.3.0\jre\17.0.1-win32-x86_64\bin\java.dll
0x00007ffc983b0000 - 0x00007ffc983c8000 	c:\Users\cervi\.vscode\extensions\redhat.java-1.3.0\jre\17.0.1-win32-x86_64\bin\zip.dll
0x00007ffca9ea0000 - 0x00007ffcaa64e000 	C:\Windows\System32\SHELL32.dll
0x00007ffca6680000 - 0x00007ffca6ee7000 	C:\Windows\SYSTEM32\windows.storage.dll
0x00007ffca9410000 - 0x00007ffca9788000 	C:\Windows\System32\combase.dll
0x00007ffca6510000 - 0x00007ffca6676000 	C:\Windows\SYSTEM32\wintypes.dll
0x00007ffca98c0000 - 0x00007ffca99aa000 	C:\Windows\System32\SHCORE.dll
0x00007ffcaa660000 - 0x00007ffcaa6bd000 	C:\Windows\System32\shlwapi.dll
0x00007ffca8440000 - 0x00007ffca8461000 	C:\Windows\SYSTEM32\profapi.dll
0x00007ffc94000000 - 0x00007ffc94019000 	C:\Users\cervi\.vscode\extensions\redhat.java-1.3.0\jre\17.0.1-win32-x86_64\bin\net.dll
0x00007ffca2410000 - 0x00007ffca251c000 	C:\Windows\SYSTEM32\WINHTTP.dll
0x00007ffca7a40000 - 0x00007ffca7aa7000 	C:\Windows\system32\mswsock.dll
0x00007ffc93fb0000 - 0x00007ffc93fc5000 	C:\Users\cervi\.vscode\extensions\redhat.java-1.3.0\jre\17.0.1-win32-x86_64\bin\nio.dll
0x00007ffca7c80000 - 0x00007ffca7c98000 	C:\Windows\SYSTEM32\CRYPTSP.dll
0x00007ffca7570000 - 0x00007ffca75a5000 	C:\Windows\system32\rsaenh.dll
0x00007ffca7b30000 - 0x00007ffca7b59000 	C:\Windows\SYSTEM32\USERENV.dll
0x00007ffca7e00000 - 0x00007ffca7e27000 	C:\Windows\SYSTEM32\bcrypt.dll
0x00007ffca7ca0000 - 0x00007ffca7cac000 	C:\Windows\SYSTEM32\CRYPTBASE.dll
0x00007ffca7140000 - 0x00007ffca716d000 	C:\Windows\SYSTEM32\IPHLPAPI.DLL
0x00007ffca9840000 - 0x00007ffca9849000 	C:\Windows\System32\NSI.dll
0x00007ffca28b0000 - 0x00007ffca28c9000 	C:\Windows\SYSTEM32\dhcpcsvc6.DLL
0x00007ffca29e0000 - 0x00007ffca29fe000 	C:\Windows\SYSTEM32\dhcpcsvc.DLL
0x00007ffca7170000 - 0x00007ffca7257000 	C:\Windows\SYSTEM32\DNSAPI.dll
0x00007ffc758c0000 - 0x00007ffc758fe000 	C:\Users\cervi\AppData\Roaming\Code\User\globalStorage\redhat.java\1.3.0\config_win\org.eclipse.equinox.launcher\org.eclipse.equinox.launcher.win32.win32.x86_64_1.2.400.v20211117-0650\eclipse_11602.dll
0x00007ffca99b0000 - 0x00007ffca9b4a000 	C:\Windows\System32\ole32.dll
0x00007ffc9a110000 - 0x00007ffc9a120000 	c:\Users\cervi\.vscode\extensions\redhat.java-1.3.0\jre\17.0.1-win32-x86_64\bin\verify.dll
0x00007ffc87600000 - 0x00007ffc87611000 	C:\Users\cervi\AppData\Roaming\Code\User\globalStorage\redhat.java\1.3.0\config_win\org.eclipse.osgi\22\0\.cp\jWinHttp-1.0.0.dll
0x00007ffc99fb0000 - 0x00007ffc99fbe000 	C:\Users\cervi\.vscode\extensions\redhat.java-1.3.0\jre\17.0.1-win32-x86_64\bin\sunmscapi.dll
0x00007ffca8630000 - 0x00007ffca8792000 	C:\Windows\System32\CRYPT32.dll
0x00007ffca7dd0000 - 0x00007ffca7df8000 	C:\Windows\SYSTEM32\ncrypt.dll
0x00007ffca7d90000 - 0x00007ffca7dc7000 	C:\Windows\SYSTEM32\NTASN1.dll
0x00007ffc98290000 - 0x00007ffc9829a000 	C:\Windows\System32\rasadhlp.dll
0x00007ffc9de80000 - 0x00007ffc9df01000 	C:\Windows\System32\fwpuclnt.dll

dbghelp: loaded successfully - version: 4.0.5 - missing functions: none
symbol engine: initialized successfully - sym options: 0x614 - pdb path: .;c:\Users\cervi\.vscode\extensions\redhat.java-1.3.0\jre\17.0.1-win32-x86_64\bin;C:\Windows\SYSTEM32;C:\Windows\WinSxS\amd64_microsoft.windows.common-controls_6595b64144ccf1df_6.0.22000.120_none_9d947278b86cc467;c:\Users\cervi\.vscode\extensions\redhat.java-1.3.0\jre\17.0.1-win32-x86_64\bin\server;C:\Users\cervi\AppData\Roaming\Code\User\globalStorage\redhat.java\1.3.0\config_win\org.eclipse.equinox.launcher\org.eclipse.equinox.launcher.win32.win32.x86_64_1.2.400.v20211117-0650;C:\Users\cervi\AppData\Roaming\Code\User\globalStorage\redhat.java\1.3.0\config_win\org.eclipse.osgi\22\0\.cp

VM Arguments:
jvm_args: --add-modules=ALL-SYSTEM --add-opens=java.base/java.util=ALL-UNNAMED --add-opens=java.base/java.lang=ALL-UNNAMED --add-opens=java.base/sun.nio.fs=ALL-UNNAMED -Declipse.application=org.eclipse.jdt.ls.core.id1 -Dosgi.bundles.defaultStartLevel=4 -Declipse.product=org.eclipse.jdt.ls.core.product -Djava.import.generatesMetadataFilesAtProjectRoot=false -Dfile.encoding=utf8 -DwatchParentProcess=false -XX:+UseParallelGC -XX:GCTimeRatio=4 -XX:AdaptiveSizePolicyWeight=90 -Dsun.zip.disableMemoryMapping=true -Xmx1G -Xms100m -XX:+HeapDumpOnOutOfMemoryError -XX:HeapDumpPath=c:\Users\cervi\AppData\Roaming\Code\User\workspaceStorage\38bc98f3c397ded34e86201629fcf2a1\redhat.java 
java_command: c:\Users\cervi\.vscode\extensions\redhat.java-1.3.0\server\plugins\org.eclipse.equinox.launcher_1.6.400.v20210924-0641.jar -configuration c:\Users\cervi\AppData\Roaming\Code\User\globalStorage\redhat.java\1.3.0\config_win -data c:\Users\cervi\AppData\Roaming\Code\User\workspaceStorage\38bc98f3c397ded34e86201629fcf2a1\redhat.java\jdt_ws
java_class_path (initial): c:\Users\cervi\.vscode\extensions\redhat.java-1.3.0\server\plugins\org.eclipse.equinox.launcher_1.6.400.v20210924-0641.jar
Launcher Type: SUN_STANDARD

[Global flags]
    uintx AdaptiveSizePolicyWeight                 = 90                                        {product} {command line}
     intx CICompilerCount                          = 3                                         {product} {ergonomic}
    uintx GCTimeRatio                              = 4                                         {product} {command line}
     bool HeapDumpOnOutOfMemoryError               = true                                   {manageable} {command line}
    ccstr HeapDumpPath                             = c:\Users\cervi\AppData\Roaming\Code\User\workspaceStorage\38bc98f3c397ded34e86201629fcf2a1\redhat.java         {manageable} {command line}
   size_t InitialHeapSize                          = 104857600                                 {product} {command line}
   size_t MaxHeapSize                              = 1073741824                                {product} {command line}
   size_t MaxNewSize                               = 357564416                                 {product} {ergonomic}
   size_t MinHeapDeltaBytes                        = 524288                                    {product} {ergonomic}
   size_t MinHeapSize                              = 104857600                                 {product} {command line}
   size_t NewSize                                  = 34603008                                  {product} {ergonomic}
    uintx NonNMethodCodeHeapSize                   = 5832780                                {pd product} {ergonomic}
    uintx NonProfiledCodeHeapSize                  = 122912730                              {pd product} {ergonomic}
   size_t OldSize                                  = 70254592                                  {product} {ergonomic}
    uintx ProfiledCodeHeapSize                     = 122912730                              {pd product} {ergonomic}
    uintx ReservedCodeCacheSize                    = 251658240                              {pd product} {ergonomic}
     bool SegmentedCodeCache                       = true                                      {product} {ergonomic}
   size_t SoftMaxHeapSize                          = 1073741824                             {manageable} {ergonomic}
     bool UseCompressedClassPointers               = true                           {product lp64_product} {ergonomic}
     bool UseCompressedOops                        = true                           {product lp64_product} {ergonomic}
     bool UseLargePagesIndividualAllocation        = false                                  {pd product} {ergonomic}
     bool UseParallelGC                            = true                                      {product} {command line}

Logging:
Log output configuration:
 #0: stdout all=warning uptime,level,tags
 #1: stderr all=off uptime,level,tags

Environment Variables:
JAVA_HOME=C:\Program Files\Java\jdk-11.0.13
PATH=C:\Program Files\Common Files\Oracle\Java\javapath;C:\Windows\system32;C:\Windows;C:\Windows\System32\Wbem;C:\Windows\System32\WindowsPowerShell\v1.0\;C:\Windows\System32\OpenSSH\;C:\Program Files\nodejs\;C:\Program Files\dotnet\;C:\Program Files\Git\cmd;C:\Users\cervi\miniconda3;C:\Users\cervi\miniconda3\Library\mingw-w64\bin;C:\Users\cervi\miniconda3\Library\usr\bin;C:\Users\cervi\miniconda3\Library\bin;C:\Users\cervi\miniconda3\Scripts;C:\Users\cervi\AppData\Local\Programs\Python\Python310\Scripts\;C:\Users\cervi\AppData\Local\Programs\Python\Python310\;C:\Users\cervi\AppData\Local\Microsoft\WindowsApps;C:\Users\cervi\AppData\Roaming\npm;C:\Users\cervi\AppData\Local\Programs\Microsoft VS Code\bin;C:\Users\cervi\.dotnet\tools;C:\Users\cervi\AppData\Local\Android\Sdk\platform-tools;C:\Users\cervi\AppData\Local\Android\Sdk\tools;C:\Program Files\Java\jdk-11.0.13\bin;C:\Program Files\Java\jre1.8.0_311\bin;C:\gradle\bin;C:\Program Files (x86)\FreeArc\bin
USERNAME=cervi
OS=Windows_NT
PROCESSOR_IDENTIFIER=Intel64 Family 6 Model 142 Stepping 10, GenuineIntel



---------------  S Y S T E M  ---------------

OS:
 Windows 10 , 64 bit Build 22000 (10.0.22000.434)
OS uptime: 3 days 23:37 hours

CPU: total 4 (initial active 4) (2 cores per cpu, 2 threads per core) family 6 model 142 stepping 10 microcode 0xe0, cx8, cmov, fxsr, ht, mmx, 3dnowpref, sse, sse2, sse3, ssse3, sse4.1, sse4.2, popcnt, lzcnt, tsc, tscinvbit, avx, avx2, aes, erms, clmul, bmi1, bmi2, adx, fma, vzeroupper, clflush, clflushopt

Memory: 4k page, system-wide physical 3973M (232M free)
TotalPageFile size 16261M (AvailPageFile size 2M)
current process WorkingSet (physical memory assigned to process): 180M, peak: 180M
current process commit charge ("private bytes"): 282M, peak: 282M

vm_info: OpenJDK 64-Bit Server VM (17.0.1+12) for windows-amd64 JRE (17.0.1+12), built on Oct 20 2021 07:42:55 by "" with MS VC++ 16.7 (VS2019)

END.
