#
# There is insufficient memory for the Java Runtime Environment to continue.
# Native memory allocation (mmap) failed to map 65536 bytes for Failed to commit metaspace.
# Possible reasons:
#   The system is out of physical RAM or swap space
#   The process is running with CompressedOops enabled, and the Java Heap may be blocking the growth of the native heap
# Possible solutions:
#   Reduce memory load on the system
#   Increase physical memory or swap space
#   Check if swap backing store is full
#   Decrease Java heap size (-Xmx/-Xms)
#   Decrease number of Java threads
#   Decrease Java thread stack sizes (-Xss)
#   Set larger code cache with -XX:ReservedCodeCacheSize=
#   JVM is running with Unscaled Compressed Oops mode in which the Java heap is
#     placed in the first 4GB address space. The Java Heap base address is the
#     maximum limit for the native heap growth. Please use -XX:HeapBaseMinAddress
#     to set the Java Heap base and to place the Java Heap above 4GB virtual address.
# This output file may be truncated or incomplete.
#
#  Out of Memory Error (virtualSpaceNode.cpp:110), pid=11872, tid=8664
#
# JRE version: OpenJDK Runtime Environment Temurin-17.0.1+12 (17.0.1+12) (build 17.0.1+12)
# Java VM: OpenJDK 64-Bit Server VM Temurin-17.0.1+12 (17.0.1+12, mixed mode, tiered, compressed oops, compressed class ptrs, parallel gc, windows-amd64)
# No core dump will be written. Minidumps are not enabled by default on client versions of Windows
#

---------------  S U M M A R Y ------------

Command Line: --add-modules=ALL-SYSTEM --add-opens=java.base/java.util=ALL-UNNAMED --add-opens=java.base/java.lang=ALL-UNNAMED --add-opens=java.base/sun.nio.fs=ALL-UNNAMED -Declipse.application=org.eclipse.jdt.ls.core.id1 -Dosgi.bundles.defaultStartLevel=4 -Declipse.product=org.eclipse.jdt.ls.core.product -Djava.import.generatesMetadataFilesAtProjectRoot=false -Dfile.encoding=utf8 -DwatchParentProcess=false -XX:+UseParallelGC -XX:GCTimeRatio=4 -XX:AdaptiveSizePolicyWeight=90 -Dsun.zip.disableMemoryMapping=true -Xmx1G -Xms100m c:\Users\cervi\.vscode\extensions\redhat.java-1.3.0\server\plugins\org.eclipse.equinox.launcher_1.6.400.v20210924-0641.jar -configuration c:\Users\cervi\AppData\Roaming\Code\User\globalStorage\redhat.java\1.3.0\config_ss_win -data c:\Users\cervi\AppData\Roaming\Code\User\workspaceStorage\38bc98f3c397ded34e86201629fcf2a1\redhat.java\ss_ws

Host: Intel(R) Core(TM) i3-7020U CPU @ 2.30GHz, 4 cores, 3G,  Windows 10 , 64 bit Build 22000 (10.0.22000.434)
Time: Sun Feb  6 18:48:15 2022 Hora estándar de Argentina elapsed time: 5.094636 seconds (0d 0h 0m 5s)

---------------  T H R E A D  ---------------

Current thread (0x000001a2b67656e0):  JavaThread "main" [_thread_in_vm, id=8664, stack(0x000000344b500000,0x000000344b600000)]

Stack: [0x000000344b500000,0x000000344b600000]
Native frames: (J=compiled Java code, j=interpreted, Vv=VM code, C=native code)
V  [jvm.dll+0x6744da]
V  [jvm.dll+0x82e144]
V  [jvm.dll+0x82f8ee]
V  [jvm.dll+0x82ff53]
V  [jvm.dll+0x245175]
V  [jvm.dll+0x82a0eb]
V  [jvm.dll+0x619566]
V  [jvm.dll+0x6195ca]
V  [jvm.dll+0x61bdea]
V  [jvm.dll+0x619f06]
V  [jvm.dll+0x2396df]
V  [jvm.dll+0x623b45]
V  [jvm.dll+0x1e9e4b]
V  [jvm.dll+0x1ea385]
V  [jvm.dll+0x1eadbf]
V  [jvm.dll+0x1e0261]
V  [jvm.dll+0x53b150]
V  [jvm.dll+0x1f0a57]
V  [jvm.dll+0x7a87ab]
V  [jvm.dll+0x7a9b52]
V  [jvm.dll+0x7aa2e9]
V  [jvm.dll+0x1eb074]
V  [jvm.dll+0x1e027a]
V  [jvm.dll+0x53b150]
V  [jvm.dll+0x1f0a57]
V  [jvm.dll+0x7a87ab]
V  [jvm.dll+0x7a9b52]
V  [jvm.dll+0x7a9e88]
V  [jvm.dll+0x23d45e]
V  [jvm.dll+0x37e5ae]
C  0x000001a2b940af44

Java frames: (J=compiled Java code, j=interpreted, Vv=VM code)
j  sun.nio.ch.FileChannelImpl.tryLock(JJZ)Ljava/nio/channels/FileLock;+44 java.base@17.0.1
j  org.eclipse.osgi.internal.location.Locker_JavaNio.lock()Z+28
j  org.eclipse.osgi.storagemanager.StorageManager.lock(Z)Z+54
j  org.eclipse.osgi.storagemanager.StorageManager.open(Z)V+50
j  org.eclipse.osgi.storage.Storage.getChildStorageManager()Lorg/eclipse/osgi/storagemanager/StorageManager;+57
j  org.eclipse.osgi.storage.Storage.getInfoInputStream()Ljava/io/InputStream;+1
j  org.eclipse.osgi.storage.Storage.<init>(Lorg/eclipse/osgi/internal/framework/EquinoxContainer;[Ljava/lang/String;)V+524
j  org.eclipse.osgi.storage.Storage.createStorage(Lorg/eclipse/osgi/internal/framework/EquinoxContainer;)Lorg/eclipse/osgi/storage/Storage;+11
j  org.eclipse.osgi.internal.framework.EquinoxContainer.<init>(Ljava/util/Map;Lorg/osgi/framework/connect/ModuleConnector;)V+145
j  org.eclipse.osgi.launch.Equinox.<init>(Ljava/util/Map;Lorg/osgi/framework/connect/ModuleConnector;)V+10
j  org.eclipse.osgi.launch.Equinox.<init>(Ljava/util/Map;)V+3
j  org.eclipse.core.runtime.adaptor.EclipseStarter.startup([Ljava/lang/String;Ljava/lang/Runnable;)Lorg/osgi/framework/BundleContext;+28
j  org.eclipse.core.runtime.adaptor.EclipseStarter.run([Ljava/lang/String;Ljava/lang/Runnable;)Ljava/lang/Object;+21
v  ~StubRoutines::call_stub
j  jdk.internal.reflect.NativeMethodAccessorImpl.invoke0(Ljava/lang/reflect/Method;Ljava/lang/Object;[Ljava/lang/Object;)Ljava/lang/Object;+0 java.base@17.0.1
j  jdk.internal.reflect.NativeMethodAccessorImpl.invoke(Ljava/lang/Object;[Ljava/lang/Object;)Ljava/lang/Object;+133 java.base@17.0.1
j  jdk.internal.reflect.DelegatingMethodAccessorImpl.invoke(Ljava/lang/Object;[Ljava/lang/Object;)Ljava/lang/Object;+6 java.base@17.0.1
j  java.lang.reflect.Method.invoke(Ljava/lang/Object;[Ljava/lang/Object;)Ljava/lang/Object;+59 java.base@17.0.1
j  org.eclipse.equinox.launcher.Main.invokeFramework([Ljava/lang/String;[Ljava/net/URL;)V+201
j  org.eclipse.equinox.launcher.Main.basicRun([Ljava/lang/String;)V+159
j  org.eclipse.equinox.launcher.Main.run([Ljava/lang/String;)I+4
j  org.eclipse.equinox.launcher.Main.main([Ljava/lang/String;)V+10
v  ~StubRoutines::call_stub

---------------  P R O C E S S  ---------------

Threads class SMR info:
_java_thread_list=0x000001a2cc1ba800, length=12, elements={
0x000001a2b67656e0, 0x000001a2ca571440, 0x000001a2ca5747a0, 0x000001a2ca5af410,
0x000001a2ca5afed0, 0x000001a2ca5b0a80, 0x000001a2ca5b3440, 0x000001a2ca5b6980,
0x000001a2ca5b9590, 0x000001a2cc018070, 0x000001a2b6822900, 0x000001a2cc291450
}

Java Threads: ( => current thread )
=>0x000001a2b67656e0 JavaThread "main" [_thread_in_vm, id=8664, stack(0x000000344b500000,0x000000344b600000)]
  0x000001a2ca571440 JavaThread "Reference Handler" daemon [_thread_blocked, id=2712, stack(0x000000344b800000,0x000000344b900000)]
  0x000001a2ca5747a0 JavaThread "Finalizer" daemon [_thread_blocked, id=14364, stack(0x000000344b900000,0x000000344ba00000)]
  0x000001a2ca5af410 JavaThread "Signal Dispatcher" daemon [_thread_blocked, id=2352, stack(0x000000344ba00000,0x000000344bb00000)]
  0x000001a2ca5afed0 JavaThread "Attach Listener" daemon [_thread_blocked, id=20364, stack(0x000000344bb00000,0x000000344bc00000)]
  0x000001a2ca5b0a80 JavaThread "Service Thread" daemon [_thread_blocked, id=9132, stack(0x000000344bc00000,0x000000344bd00000)]
  0x000001a2ca5b3440 JavaThread "Monitor Deflation Thread" daemon [_thread_blocked, id=16240, stack(0x000000344bd00000,0x000000344be00000)]
  0x000001a2ca5b6980 JavaThread "C2 CompilerThread0" daemon [_thread_blocked, id=6400, stack(0x000000344be00000,0x000000344bf00000)]
  0x000001a2ca5b9590 JavaThread "C1 CompilerThread0" daemon [_thread_blocked, id=18116, stack(0x000000344bf00000,0x000000344c000000)]
  0x000001a2cc018070 JavaThread "Sweeper thread" daemon [_thread_blocked, id=19448, stack(0x000000344c000000,0x000000344c100000)]
  0x000001a2b6822900 JavaThread "Common-Cleaner" daemon [_thread_blocked, id=7476, stack(0x000000344c100000,0x000000344c200000)]
  0x000001a2cc291450 JavaThread "Notification Thread" daemon [_thread_blocked, id=14260, stack(0x000000344c200000,0x000000344c300000)]

Other Threads:
  0x000001a2ca55a040 VMThread "VM Thread" [stack: 0x000000344b700000,0x000000344b800000] [id=7904]
  0x000001a2cc291920 WatcherThread [stack: 0x000000344c300000,0x000000344c400000] [id=7840]
  0x000001a2b677b240 GCTaskThread "GC Thread#0" [stack: 0x000000344b600000,0x000000344b700000] [id=18632]

Threads with active compile tasks:

VM state: not at safepoint (normal execution)

VM Mutex/Monitor currently owned by a thread:  ([mutex/lock_event])
[0x000001a2b6760500] Metaspace_lock - owner thread: 0x000001a2b67656e0

Heap address: 0x00000000c0000000, size: 1024 MB, Compressed Oops mode: 32-bit

CDS archive(s) not mapped
Compressed class space mapped at: 0x0000000100000000-0x0000000140000000, reserved size: 1073741824
Narrow klass base: 0x0000000000000000, Narrow klass shift: 3, Narrow klass range: 0x140000000

GC Precious Log:
 CPUs: 4 total, 4 available
 Memory: 3973M
 Large Page Support: Disabled
 NUMA Support: Disabled
 Compressed Oops: Enabled (32-bit)
 Alignments: Space 512K, Generation 512K, Heap 2M
 Heap Min Capacity: 100M
 Heap Initial Capacity: 100M
 Heap Max Capacity: 1G
 Pre-touch: Disabled
 Parallel Workers: 4

Heap:
 PSYoungGen      total 29696K, used 13759K [0x00000000eab00000, 0x00000000ecc00000, 0x0000000100000000)
  eden space 25600K, 53% used [0x00000000eab00000,0x00000000eb86fc60,0x00000000ec400000)
  from space 4096K, 0% used [0x00000000ec800000,0x00000000ec800000,0x00000000ecc00000)
  to   space 4096K, 0% used [0x00000000ec400000,0x00000000ec400000,0x00000000ec800000)
 ParOldGen       total 68608K, used 0K [0x00000000c0000000, 0x00000000c4300000, 0x00000000eab00000)
  object space 68608K, 0% used [0x00000000c0000000,0x00000000c0000000,0x00000000c4300000)
 Metaspace       used 10111K, committed 10240K, reserved 1064960K
  class space    used 1017K, committed 1088K, reserved 1048576K

Card table byte_map: [0x000001a2b6120000,0x000001a2b6330000] _byte_map_base: 0x000001a2b5b20000

Marking Bits: (ParMarkBitMap*) 0x00007ffc5cde2a60
 Begin Bits: [0x000001a2c83f0000, 0x000001a2c93f0000)
 End Bits:   [0x000001a2c93f0000, 0x000001a2ca3f0000)

Polling page: 0x000001a2b4630000

Metaspace:

Usage:
  Non-class:      8.88 MB used.
      Class:   1017.70 KB used.
       Both:      9.87 MB used.

Virtual space:
  Non-class space:       16.00 MB reserved,       8.94 MB ( 56%) committed,  2 nodes.
      Class space:        1.00 GB reserved,       1.06 MB ( <1%) committed,  1 nodes.
             Both:        1.02 GB reserved,      10.00 MB ( <1%) committed. 

Chunk freelists:
   Non-Class:  2.34 MB
       Class:  2.90 MB
        Both:  5.25 MB

MaxMetaspaceSize: unlimited
CompressedClassSpaceSize: 1.00 GB
Initial GC threshold: 21.00 MB
Current GC threshold: 21.00 MB
CDS: off
MetaspaceReclaimPolicy: balanced
 - commit_granule_bytes: 65536.
 - commit_granule_words: 8192.
 - virtual_space_node_default_size: 1048576.
 - enlarge_chunks_in_place: 1.
 - new_chunks_are_fully_committed: 0.
 - uncommit_free_chunks: 1.
 - use_allocation_guard: 0.
 - handle_deallocations: 1.


Internal statistics:

num_allocs_failed_limit: 0.
num_arena_births: 32.
num_arena_deaths: 0.
num_vsnodes_births: 3.
num_vsnodes_deaths: 0.
num_space_committed: 160.
num_space_uncommitted: 0.
num_chunks_returned_to_freelist: 0.
num_chunks_taken_from_freelist: 103.
num_chunk_merges: 0.
num_chunk_splits: 58.
num_chunks_enlarged: 42.
num_purges: 0.
num_inconsistent_stats: 0.

CodeHeap 'non-profiled nmethods': size=120000Kb used=265Kb max_used=265Kb free=119735Kb
 bounds [0x000001a2c0ec0000, 0x000001a2c1130000, 0x000001a2c83f0000]
CodeHeap 'profiled nmethods': size=120000Kb used=1225Kb max_used=1225Kb free=118774Kb
 bounds [0x000001a2b9990000, 0x000001a2b9c00000, 0x000001a2c0ec0000]
CodeHeap 'non-nmethods': size=5760Kb used=1130Kb max_used=1154Kb free=4629Kb
 bounds [0x000001a2b93f0000, 0x000001a2b9660000, 0x000001a2b9990000]
 total_blobs=1188 nmethods=768 adapters=335
 compilation: enabled
              stopped_count=0, restarted_count=0
 full_count=0

Compilation events (20 events):
Event: 5.059 Thread 0x000001a2ca5b9590  761       3       java.lang.SecurityManager::lambda$addNonExportedPackages$1 (14 bytes)
Event: 5.060 Thread 0x000001a2ca5b9590 nmethod 761 0x000001a2b9abfc90 code [0x000001a2b9abfe40, 0x000001a2b9ac00c8]
Event: 5.060 Thread 0x000001a2ca5b9590  762       1       java.util.stream.AbstractPipeline::getStreamAndOpFlags (5 bytes)
Event: 5.060 Thread 0x000001a2ca5b9590 nmethod 762 0x000001a2c0f01e10 code [0x000001a2c0f01fa0, 0x000001a2c0f02078]
Event: 5.060 Thread 0x000001a2ca5b9590  763       3       java.lang.SecurityManager$$Lambda$47/0x00000001000e3120::test (8 bytes)
Event: 5.060 Thread 0x000001a2ca5b9590 nmethod 763 0x000001a2b9ac0190 code [0x000001a2b9ac0340, 0x000001a2b9ac0568]
Event: 5.060 Thread 0x000001a2ca5b9590  764       3       java.lang.SecurityManager::lambda$nonExportedPkgs$2 (13 bytes)
Event: 5.060 Thread 0x000001a2ca5b9590 nmethod 764 0x000001a2b9ac0610 code [0x000001a2b9ac07c0, 0x000001a2b9ac0aa8]
Event: 5.060 Thread 0x000001a2ca5b9590  765       3       java.util.HashMap::remove (26 bytes)
Event: 5.061 Thread 0x000001a2ca5b9590 nmethod 765 0x000001a2b9ac0b90 code [0x000001a2b9ac0d60, 0x000001a2b9ac10d8]
Event: 5.061 Thread 0x000001a2ca5b9590  766       3       java.util.HashSet::remove (20 bytes)
Event: 5.061 Thread 0x000001a2ca5b9590 nmethod 766 0x000001a2b9ac1210 code [0x000001a2b9ac13c0, 0x000001a2b9ac15e8]
Event: 5.061 Thread 0x000001a2ca5b9590  768       3       java.util.stream.ReferencePipeline$StatelessOp::<init> (29 bytes)
Event: 5.061 Thread 0x000001a2ca5b9590 nmethod 768 0x000001a2b9ac1690 code [0x000001a2b9ac1840, 0x000001a2b9ac1a08]
Event: 5.061 Thread 0x000001a2ca5b9590  769       3       java.util.stream.Sink$ChainedReference::end (10 bytes)
Event: 5.062 Thread 0x000001a2ca5b9590 nmethod 769 0x000001a2b9ac1b10 code [0x000001a2b9ac1cc0, 0x000001a2b9ac1e88]
Event: 5.062 Thread 0x000001a2ca5b9590  767       1       java.util.ImmutableCollections$SetN::size (5 bytes)
Event: 5.062 Thread 0x000001a2ca5b9590 nmethod 767 0x000001a2c0f02110 code [0x000001a2c0f022a0, 0x000001a2c0f02378]
Event: 5.089 Thread 0x000001a2ca5b9590  770       3       java.lang.System::checkKey (34 bytes)
Event: 5.089 Thread 0x000001a2ca5b9590 nmethod 770 0x000001a2b9ac1f90 code [0x000001a2b9ac2160, 0x000001a2b9ac2518]

GC Heap History (0 events):
No events

Deoptimization events (20 events):
Event: 4.052 Thread 0x000001a2b67656e0 DEOPT PACKING pc=0x000001a2b9a44880 sp=0x000000344b5fdb30
Event: 4.052 Thread 0x000001a2b67656e0 DEOPT UNPACKING pc=0x000001a2b9442843 sp=0x000000344b5fcfa0 mode 0
Event: 4.052 Thread 0x000001a2b67656e0 DEOPT PACKING pc=0x000001a2b9a44880 sp=0x000000344b5fdb30
Event: 4.052 Thread 0x000001a2b67656e0 DEOPT UNPACKING pc=0x000001a2b9442843 sp=0x000000344b5fcfa0 mode 0
Event: 4.058 Thread 0x000001a2b67656e0 DEOPT PACKING pc=0x000001a2b9a44880 sp=0x000000344b5fdb30
Event: 4.058 Thread 0x000001a2b67656e0 DEOPT UNPACKING pc=0x000001a2b9442843 sp=0x000000344b5fcfa0 mode 0
Event: 4.059 Thread 0x000001a2b67656e0 DEOPT PACKING pc=0x000001a2b9a44880 sp=0x000000344b5fdb30
Event: 4.059 Thread 0x000001a2b67656e0 DEOPT UNPACKING pc=0x000001a2b9442843 sp=0x000000344b5fcfa0 mode 0
Event: 4.830 Thread 0x000001a2b67656e0 Uncommon trap: trap_request=0xffffff45 fr.pc=0x000001a2c0ee59e0 relative=0x00000000000009e0
Event: 4.831 Thread 0x000001a2b67656e0 Uncommon trap: reason=unstable_if action=reinterpret pc=0x000001a2c0ee59e0 method=java.util.HashMap.hash(Ljava/lang/Object;)I @ 1 c2
Event: 4.831 Thread 0x000001a2b67656e0 DEOPT PACKING pc=0x000001a2c0ee59e0 sp=0x000000344b5fe5a0
Event: 4.831 Thread 0x000001a2b67656e0 DEOPT UNPACKING pc=0x000001a2b94420a3 sp=0x000000344b5fe510 mode 2
Event: 4.831 Thread 0x000001a2b67656e0 Uncommon trap: trap_request=0xffffff45 fr.pc=0x000001a2c0ef6560 relative=0x0000000000000240
Event: 4.831 Thread 0x000001a2b67656e0 Uncommon trap: reason=unstable_if action=reinterpret pc=0x000001a2c0ef6560 method=java.util.HashMap.hash(Ljava/lang/Object;)I @ 1 c2
Event: 4.831 Thread 0x000001a2b67656e0 DEOPT PACKING pc=0x000001a2c0ef6560 sp=0x000000344b5fe490
Event: 4.831 Thread 0x000001a2b67656e0 DEOPT UNPACKING pc=0x000001a2b94420a3 sp=0x000000344b5fe388 mode 2
Event: 4.831 Thread 0x000001a2b67656e0 Uncommon trap: trap_request=0xffffff45 fr.pc=0x000001a2c0ee3a98 relative=0x0000000000000098
Event: 4.831 Thread 0x000001a2b67656e0 Uncommon trap: reason=unstable_if action=reinterpret pc=0x000001a2c0ee3a98 method=java.util.HashMap.hash(Ljava/lang/Object;)I @ 1 c2
Event: 4.831 Thread 0x000001a2b67656e0 DEOPT PACKING pc=0x000001a2c0ee3a98 sp=0x000000344b5fe4f0
Event: 4.831 Thread 0x000001a2b67656e0 DEOPT UNPACKING pc=0x000001a2b94420a3 sp=0x000000344b5fe488 mode 2

Classes unloaded (0 events):
No events

Classes redefined (0 events):
No events

Internal exceptions (20 events):
Event: 3.261 Thread 0x000001a2b67656e0 Exception <a 'java/io/FileNotFoundException'{0x00000000eaf88098}> (0x00000000eaf88098) 
thrown [e:\jenkins\tmp\workspace\build\src\src\hotspot\share\prims\jni.cpp, line 516]
Event: 3.263 Thread 0x000001a2b67656e0 Exception <a 'java/io/FileNotFoundException'{0x00000000eaf88d28}> (0x00000000eaf88d28) 
thrown [e:\jenkins\tmp\workspace\build\src\src\hotspot\share\prims\jni.cpp, line 516]
Event: 3.263 Thread 0x000001a2b67656e0 Exception <a 'java/io/FileNotFoundException'{0x00000000eaf899b0}> (0x00000000eaf899b0) 
thrown [e:\jenkins\tmp\workspace\build\src\src\hotspot\share\prims\jni.cpp, line 516]
Event: 3.278 Thread 0x000001a2b67656e0 Exception <a 'java/io/FileNotFoundException'{0x00000000eafab628}> (0x00000000eafab628) 
thrown [e:\jenkins\tmp\workspace\build\src\src\hotspot\share\prims\jni.cpp, line 516]
Event: 3.829 Thread 0x000001a2b67656e0 Exception <a 'java/lang/NoSuchMethodError'{0x00000000eb2b15d8}: 'java.lang.Object java.lang.invoke.DirectMethodHandle$Holder.invokeStaticInit(java.lang.Object)'> (0x00000000eb2b15d8) 
thrown [e:\jenkins\tmp\workspace\build\src\src\hotspot\share\interpreter\linkResolver.cpp, line 766]
Event: 4.450 Thread 0x000001a2b67656e0 Exception <a 'java/lang/ClassNotFoundException'{0x00000000eb5fd080}: sun/net/www/protocol/c/Handler> (0x00000000eb5fd080) 
thrown [e:\jenkins\tmp\workspace\build\src\src\hotspot\share\classfile\systemDictionary.cpp, line 256]
Event: 4.450 Thread 0x000001a2b67656e0 Exception <a 'java/lang/ClassNotFoundException'{0x00000000eb5fe3e8}: sun/net/www/protocol/c/Handler> (0x00000000eb5fe3e8) 
thrown [e:\jenkins\tmp\workspace\build\src\src\hotspot\share\classfile\systemDictionary.cpp, line 256]
Event: 4.463 Thread 0x000001a2b67656e0 Exception <a 'java/lang/ClassNotFoundException'{0x00000000eb5ff5b8}: sun/net/www/protocol/c/Handler> (0x00000000eb5ff5b8) 
thrown [e:\jenkins\tmp\workspace\build\src\src\hotspot\share\classfile\systemDictionary.cpp, line 256]
Event: 4.499 Thread 0x000001a2b67656e0 Exception <a 'java/io/FileNotFoundException'{0x00000000eb618df0}> (0x00000000eb618df0) 
thrown [e:\jenkins\tmp\workspace\build\src\src\hotspot\share\prims\jni.cpp, line 516]
Event: 4.690 Thread 0x000001a2b67656e0 Exception <a 'java/lang/NoSuchMethodError'{0x00000000eb686b30}: 'int java.lang.invoke.DirectMethodHandle$Holder.invokeStatic(java.lang.Object, java.lang.Object, java.lang.Object, int)'> (0x00000000eb686b30) 
thrown [e:\jenkins\tmp\workspace\build\src\src\hotspot\share\interpreter\linkResolver.cpp, line 766]
Event: 4.695 Thread 0x000001a2b67656e0 Exception <a 'java/lang/NoSuchMethodError'{0x00000000eb68a5d8}: 'int java.lang.invoke.DirectMethodHandle$Holder.invokeStaticInit(java.lang.Object, java.lang.Object, java.lang.Object, int)'> (0x00000000eb68a5d8) 
thrown [e:\jenkins\tmp\workspace\build\src\src\hotspot\share\interpreter\linkResolver.cpp, line 766]
Event: 4.830 Thread 0x000001a2b67656e0 Implicit null exception at 0x000001a2c0ee5040 to 0x000001a2c0ee59c8
Event: 4.831 Thread 0x000001a2b67656e0 Implicit null exception at 0x000001a2c0ef636c to 0x000001a2c0ef6548
Event: 4.831 Thread 0x000001a2b67656e0 Implicit null exception at 0x000001a2c0ee3a0f to 0x000001a2c0ee3a89
Event: 4.981 Thread 0x000001a2b67656e0 Exception <a 'java/lang/NoSuchMethodError'{0x00000000eb7fb400}: 'int java.lang.invoke.DirectMethodHandle$Holder.invokeStaticInit(java.lang.Object, java.lang.Object, java.lang.Object, java.lang.Object)'> (0x00000000eb7fb400) 
thrown [e:\jenkins\tmp\workspace\build\src\src\hotspot\share\interpreter\linkResolver.cpp, line 766]
Event: 5.014 Thread 0x000001a2b67656e0 Exception <a 'java/lang/NoSuchMethodError'{0x00000000eb805a70}: 'java.lang.Object java.lang.invoke.DirectMethodHandle$Holder.invokeInterface(java.lang.Object, java.lang.Object)'> (0x00000000eb805a70) 
thrown [e:\jenkins\tmp\workspace\build\src\src\hotspot\share\interpreter\linkResolver.cpp, line 766]
Event: 5.015 Thread 0x000001a2b67656e0 Exception <a 'java/lang/IncompatibleClassChangeError'{0x00000000eb809268}: Found class java.lang.Object, but interface was expected> (0x00000000eb809268) 
thrown [e:\jenkins\tmp\workspace\build\src\src\hotspot\share\interpreter\linkResolver.cpp, line 833]
Event: 5.017 Thread 0x000001a2b67656e0 Exception <a 'java/lang/NoSuchMethodError'{0x00000000eb80c188}: 'void java.lang.invoke.DirectMethodHandle$Holder.invokeStatic(java.lang.Object, java.lang.Object)'> (0x00000000eb80c188) 
thrown [e:\jenkins\tmp\workspace\build\src\src\hotspot\share\interpreter\linkResolver.cpp, line 766]
Event: 5.025 Thread 0x000001a2b67656e0 Exception <a 'java/lang/NoSuchMethodError'{0x00000000eb80f988}: 'void java.lang.invoke.DirectMethodHandle$Holder.invokeStaticInit(java.lang.Object, java.lang.Object)'> (0x00000000eb80f988) 
thrown [e:\jenkins\tmp\workspace\build\src\src\hotspot\share\interpreter\linkResolver.cpp, line 766]
Event: 5.030 Thread 0x000001a2b67656e0 Exception <a 'java/lang/NoSuchMethodError'{0x00000000eb8159e8}: 'int java.lang.invoke.DirectMethodHandle$Holder.invokeStaticInit(java.lang.Object, java.lang.Object)'> (0x00000000eb8159e8) 
thrown [e:\jenkins\tmp\workspace\build\src\src\hotspot\share\interpreter\linkResolver.cpp, line 766]

VM Operations (8 events):
Event: 1.456 Executing VM operation: HandshakeAllThreads
Event: 1.456 Executing VM operation: HandshakeAllThreads done
Event: 2.469 Executing VM operation: Cleanup
Event: 2.470 Executing VM operation: Cleanup done
Event: 3.471 Executing VM operation: Cleanup
Event: 3.609 Executing VM operation: Cleanup done
Event: 4.609 Executing VM operation: Cleanup
Event: 4.625 Executing VM operation: Cleanup done

Events (20 events):
Event: 5.084 loading class java/nio/channels/spi/AbstractInterruptibleChannel
Event: 5.084 loading class java/nio/channels/InterruptibleChannel
Event: 5.084 loading class java/nio/channels/InterruptibleChannel done
Event: 5.084 loading class java/nio/channels/spi/AbstractInterruptibleChannel done
Event: 5.084 loading class java/nio/channels/FileChannel done
Event: 5.084 loading class sun/nio/ch/FileChannelImpl done
Event: 5.085 loading class java/nio/file/attribute/FileAttribute
Event: 5.085 loading class java/nio/file/attribute/FileAttribute done
Event: 5.085 loading class sun/nio/ch/IOUtil
Event: 5.085 loading class sun/nio/ch/IOUtil done
Event: 5.088 loading class sun/nio/ch/NativeThreadSet
Event: 5.088 loading class sun/nio/ch/NativeThreadSet done
Event: 5.088 loading class sun/nio/ch/FileDispatcherImpl
Event: 5.088 loading class sun/nio/ch/FileDispatcher
Event: 5.088 loading class sun/nio/ch/NativeDispatcher
Event: 5.088 loading class sun/nio/ch/NativeDispatcher done
Event: 5.088 loading class sun/nio/ch/FileDispatcher done
Event: 5.088 loading class sun/nio/ch/FileDispatcherImpl done
Event: 5.089 loading class sun/nio/ch/FileLockImpl
Event: 5.089 loading class java/nio/channels/FileLock


Dynamic libraries:
0x00007ff6ab6b0000 - 0x00007ff6ab6be000 	c:\Users\cervi\.vscode\extensions\redhat.java-1.3.0\jre\17.0.1-win32-x86_64\bin\java.exe
0x00007ffcab020000 - 0x00007ffcab229000 	C:\Windows\SYSTEM32\ntdll.dll
0x00007ffca9bf0000 - 0x00007ffca9cad000 	C:\Windows\System32\KERNEL32.DLL
0x00007ffca8980000 - 0x00007ffca8cf4000 	C:\Windows\System32\KERNELBASE.dll
0x00007ffca8d00000 - 0x00007ffca8e11000 	C:\Windows\System32\ucrtbase.dll
0x00007ffca0280000 - 0x00007ffca0298000 	c:\Users\cervi\.vscode\extensions\redhat.java-1.3.0\jre\17.0.1-win32-x86_64\bin\jli.dll
0x00007ffca9cd0000 - 0x00007ffca9e7c000 	C:\Windows\System32\USER32.dll
0x00007ffca88d0000 - 0x00007ffca88f6000 	C:\Windows\System32\win32u.dll
0x00007ffca9300000 - 0x00007ffca9329000 	C:\Windows\System32\GDI32.dll
0x00007ffca8510000 - 0x00007ffca8622000 	C:\Windows\System32\gdi32full.dll
0x00007ffca8e20000 - 0x00007ffca8ebd000 	C:\Windows\System32\msvcp_win.dll
0x00007ffc8f510000 - 0x00007ffc8f7b5000 	C:\Windows\WinSxS\amd64_microsoft.windows.common-controls_6595b64144ccf1df_6.0.22000.120_none_9d947278b86cc467\COMCTL32.dll
0x00007ffca9130000 - 0x00007ffca91d3000 	C:\Windows\System32\msvcrt.dll
0x00007ffc983d0000 - 0x00007ffc983e9000 	c:\Users\cervi\.vscode\extensions\redhat.java-1.3.0\jre\17.0.1-win32-x86_64\bin\VCRUNTIME140.dll
0x00007ffca90f0000 - 0x00007ffca9121000 	C:\Windows\System32\IMM32.DLL
0x00007ffca03c0000 - 0x00007ffca03cc000 	c:\Users\cervi\.vscode\extensions\redhat.java-1.3.0\jre\17.0.1-win32-x86_64\bin\vcruntime140_1.dll
0x00007ffc87ac0000 - 0x00007ffc87b51000 	c:\Users\cervi\.vscode\extensions\redhat.java-1.3.0\jre\17.0.1-win32-x86_64\bin\msvcp140.dll
0x00007ffc5c260000 - 0x00007ffc5cea6000 	c:\Users\cervi\.vscode\extensions\redhat.java-1.3.0\jre\17.0.1-win32-x86_64\bin\server\jvm.dll
0x00007ffca9790000 - 0x00007ffca983e000 	C:\Windows\System32\ADVAPI32.dll
0x00007ffca9b50000 - 0x00007ffca9bee000 	C:\Windows\System32\sechost.dll
0x00007ffca8ec0000 - 0x00007ffca8fe0000 	C:\Windows\System32\RPCRT4.dll
0x00007ffca9290000 - 0x00007ffca9298000 	C:\Windows\System32\PSAPI.DLL
0x00007ffca3380000 - 0x00007ffca33b3000 	C:\Windows\SYSTEM32\WINMM.dll
0x00007ffca03b0000 - 0x00007ffca03b9000 	C:\Windows\SYSTEM32\WSOCK32.dll
0x00007ffca9850000 - 0x00007ffca98bf000 	C:\Windows\System32\WS2_32.dll
0x00007ffca28d0000 - 0x00007ffca28da000 	C:\Windows\SYSTEM32\VERSION.dll
0x00007ffca7610000 - 0x00007ffca7628000 	C:\Windows\SYSTEM32\kernel.appcore.dll
0x00007ffca0270000 - 0x00007ffca027a000 	c:\Users\cervi\.vscode\extensions\redhat.java-1.3.0\jre\17.0.1-win32-x86_64\bin\jimage.dll
0x00007ffc9fb20000 - 0x00007ffc9fd41000 	C:\Windows\SYSTEM32\DBGHELP.DLL
0x00007ffc9fa80000 - 0x00007ffc9fab1000 	C:\Windows\SYSTEM32\dbgcore.DLL
0x00007ffca8900000 - 0x00007ffca897f000 	C:\Windows\System32\bcryptPrimitives.dll
0x00007ffc94020000 - 0x00007ffc94045000 	c:\Users\cervi\.vscode\extensions\redhat.java-1.3.0\jre\17.0.1-win32-x86_64\bin\java.dll
0x00007ffc983b0000 - 0x00007ffc983c8000 	c:\Users\cervi\.vscode\extensions\redhat.java-1.3.0\jre\17.0.1-win32-x86_64\bin\zip.dll
0x00007ffca9ea0000 - 0x00007ffcaa64e000 	C:\Windows\System32\SHELL32.dll
0x00007ffca6680000 - 0x00007ffca6ee7000 	C:\Windows\SYSTEM32\windows.storage.dll
0x00007ffca9410000 - 0x00007ffca9788000 	C:\Windows\System32\combase.dll
0x00007ffca6510000 - 0x00007ffca6676000 	C:\Windows\SYSTEM32\wintypes.dll
0x00007ffca98c0000 - 0x00007ffca99aa000 	C:\Windows\System32\SHCORE.dll
0x00007ffcaa660000 - 0x00007ffcaa6bd000 	C:\Windows\System32\shlwapi.dll
0x00007ffca8440000 - 0x00007ffca8461000 	C:\Windows\SYSTEM32\profapi.dll
0x00007ffc94000000 - 0x00007ffc94019000 	C:\Users\cervi\.vscode\extensions\redhat.java-1.3.0\jre\17.0.1-win32-x86_64\bin\net.dll
0x00007ffca2410000 - 0x00007ffca251c000 	C:\Windows\SYSTEM32\WINHTTP.dll
0x00007ffca7a40000 - 0x00007ffca7aa7000 	C:\Windows\system32\mswsock.dll
0x00007ffc93fb0000 - 0x00007ffc93fc5000 	C:\Users\cervi\.vscode\extensions\redhat.java-1.3.0\jre\17.0.1-win32-x86_64\bin\nio.dll

dbghelp: loaded successfully - version: 4.0.5 - missing functions: none
symbol engine: initialized successfully - sym options: 0x614 - pdb path: .;c:\Users\cervi\.vscode\extensions\redhat.java-1.3.0\jre\17.0.1-win32-x86_64\bin;C:\Windows\SYSTEM32;C:\Windows\WinSxS\amd64_microsoft.windows.common-controls_6595b64144ccf1df_6.0.22000.120_none_9d947278b86cc467;c:\Users\cervi\.vscode\extensions\redhat.java-1.3.0\jre\17.0.1-win32-x86_64\bin\server

VM Arguments:
jvm_args: --add-modules=ALL-SYSTEM --add-opens=java.base/java.util=ALL-UNNAMED --add-opens=java.base/java.lang=ALL-UNNAMED --add-opens=java.base/sun.nio.fs=ALL-UNNAMED -Declipse.application=org.eclipse.jdt.ls.core.id1 -Dosgi.bundles.defaultStartLevel=4 -Declipse.product=org.eclipse.jdt.ls.core.product -Djava.import.generatesMetadataFilesAtProjectRoot=false -Dfile.encoding=utf8 -DwatchParentProcess=false -XX:+UseParallelGC -XX:GCTimeRatio=4 -XX:AdaptiveSizePolicyWeight=90 -Dsun.zip.disableMemoryMapping=true -Xmx1G -Xms100m 
java_command: c:\Users\cervi\.vscode\extensions\redhat.java-1.3.0\server\plugins\org.eclipse.equinox.launcher_1.6.400.v20210924-0641.jar -configuration c:\Users\cervi\AppData\Roaming\Code\User\globalStorage\redhat.java\1.3.0\config_ss_win -data c:\Users\cervi\AppData\Roaming\Code\User\workspaceStorage\38bc98f3c397ded34e86201629fcf2a1\redhat.java\ss_ws
java_class_path (initial): c:\Users\cervi\.vscode\extensions\redhat.java-1.3.0\server\plugins\org.eclipse.equinox.launcher_1.6.400.v20210924-0641.jar
Launcher Type: SUN_STANDARD

[Global flags]
    uintx AdaptiveSizePolicyWeight                 = 90                                        {product} {command line}
     intx CICompilerCount                          = 3                                         {product} {ergonomic}
    uintx GCTimeRatio                              = 4                                         {product} {command line}
   size_t InitialHeapSize                          = 104857600                                 {product} {command line}
   size_t MaxHeapSize                              = 1073741824                                {product} {command line}
   size_t MaxNewSize                               = 357564416                                 {product} {ergonomic}
   size_t MinHeapDeltaBytes                        = 524288                                    {product} {ergonomic}
   size_t MinHeapSize                              = 104857600                                 {product} {command line}
   size_t NewSize                                  = 34603008                                  {product} {ergonomic}
    uintx NonNMethodCodeHeapSize                   = 5832780                                {pd product} {ergonomic}
    uintx NonProfiledCodeHeapSize                  = 122912730                              {pd product} {ergonomic}
   size_t OldSize                                  = 70254592                                  {product} {ergonomic}
    uintx ProfiledCodeHeapSize                     = 122912730                              {pd product} {ergonomic}
    uintx ReservedCodeCacheSize                    = 251658240                              {pd product} {ergonomic}
     bool SegmentedCodeCache                       = true                                      {product} {ergonomic}
   size_t SoftMaxHeapSize                          = 1073741824                             {manageable} {ergonomic}
     bool UseCompressedClassPointers               = true                           {product lp64_product} {ergonomic}
     bool UseCompressedOops                        = true                           {product lp64_product} {ergonomic}
     bool UseLargePagesIndividualAllocation        = false                                  {pd product} {ergonomic}
     bool UseParallelGC                            = true                                      {product} {command line}

Logging:
Log output configuration:
 #0: stdout all=warning uptime,level,tags
 #1: stderr all=off uptime,level,tags

Environment Variables:
JAVA_HOME=C:\Program Files\Java\jdk-11.0.13
PATH=C:\Program Files\Common Files\Oracle\Java\javapath;C:\Windows\system32;C:\Windows;C:\Windows\System32\Wbem;C:\Windows\System32\WindowsPowerShell\v1.0\;C:\Windows\System32\OpenSSH\;C:\Program Files\nodejs\;C:\Program Files\dotnet\;C:\Program Files\Git\cmd;C:\Users\cervi\miniconda3;C:\Users\cervi\miniconda3\Library\mingw-w64\bin;C:\Users\cervi\miniconda3\Library\usr\bin;C:\Users\cervi\miniconda3\Library\bin;C:\Users\cervi\miniconda3\Scripts;C:\Users\cervi\AppData\Local\Programs\Python\Python310\Scripts\;C:\Users\cervi\AppData\Local\Programs\Python\Python310\;C:\Users\cervi\AppData\Local\Microsoft\WindowsApps;C:\Users\cervi\AppData\Roaming\npm;C:\Users\cervi\AppData\Local\Programs\Microsoft VS Code\bin;C:\Users\cervi\.dotnet\tools;C:\Users\cervi\AppData\Local\Android\Sdk\platform-tools;C:\Users\cervi\AppData\Local\Android\Sdk\tools;C:\Program Files\Java\jdk-11.0.13\bin;C:\Program Files\Java\jre1.8.0_311\bin;C:\gradle\bin;C:\Program Files (x86)\FreeArc\bin
USERNAME=cervi
OS=Windows_NT
PROCESSOR_IDENTIFIER=Intel64 Family 6 Model 142 Stepping 10, GenuineIntel



---------------  S Y S T E M  ---------------

OS:
 Windows 10 , 64 bit Build 22000 (10.0.22000.434)
OS uptime: 3 days 23:37 hours

CPU: total 4 (initial active 4) (2 cores per cpu, 2 threads per core) family 6 model 142 stepping 10 microcode 0xe0, cx8, cmov, fxsr, ht, mmx, 3dnowpref, sse, sse2, sse3, ssse3, sse4.1, sse4.2, popcnt, lzcnt, tsc, tscinvbit, avx, avx2, aes, erms, clmul, bmi1, bmi2, adx, fma, vzeroupper, clflush, clflushopt

Memory: 4k page, system-wide physical 3973M (287M free)
TotalPageFile size 16261M (AvailPageFile size 4M)
current process WorkingSet (physical memory assigned to process): 55M, peak: 55M
current process commit charge ("private bytes"): 182M, peak: 183M

vm_info: OpenJDK 64-Bit Server VM (17.0.1+12) for windows-amd64 JRE (17.0.1+12), built on Oct 20 2021 07:42:55 by "" with MS VC++ 16.7 (VS2019)

END.
