#
# There is insufficient memory for the Java Runtime Environment to continue.
# Native memory allocation (malloc) failed to allocate 1030096 bytes for Chunk::new
# Possible reasons:
#   The system is out of physical RAM or swap space
#   The process is running with CompressedOops enabled, and the Java Heap may be blocking the growth of the native heap
# Possible solutions:
#   Reduce memory load on the system
#   Increase physical memory or swap space
#   Check if swap backing store is full
#   Decrease Java heap size (-Xmx/-Xms)
#   Decrease number of Java threads
#   Decrease Java thread stack sizes (-Xss)
#   Set larger code cache with -XX:ReservedCodeCacheSize=
#   JVM is running with Unscaled Compressed Oops mode in which the Java heap is
#     placed in the first 4GB address space. The Java Heap base address is the
#     maximum limit for the native heap growth. Please use -XX:HeapBaseMinAddress
#     to set the Java Heap base and to place the Java Heap above 4GB virtual address.
# This output file may be truncated or incomplete.
#
#  Out of Memory Error (arena.cpp:189), pid=16232, tid=1376
#
# JRE version: OpenJDK Runtime Environment Temurin-17.0.1+12 (17.0.1+12) (build 17.0.1+12)
# Java VM: OpenJDK 64-Bit Server VM Temurin-17.0.1+12 (17.0.1+12, mixed mode, tiered, compressed oops, compressed class ptrs, parallel gc, windows-amd64)
# No core dump will be written. Minidumps are not enabled by default on client versions of Windows
#

---------------  S U M M A R Y ------------

Command Line: --add-modules=ALL-SYSTEM --add-opens=java.base/java.util=ALL-UNNAMED --add-opens=java.base/java.lang=ALL-UNNAMED --add-opens=java.base/sun.nio.fs=ALL-UNNAMED -Declipse.application=org.eclipse.jdt.ls.core.id1 -Dosgi.bundles.defaultStartLevel=4 -Declipse.product=org.eclipse.jdt.ls.core.product -Djava.import.generatesMetadataFilesAtProjectRoot=false -Dfile.encoding=utf8 -DwatchParentProcess=false -XX:+UseParallelGC -XX:GCTimeRatio=4 -XX:AdaptiveSizePolicyWeight=90 -Dsun.zip.disableMemoryMapping=true -Xmx1G -Xms100m c:\Users\cervi\.vscode\extensions\redhat.java-1.3.0\server\plugins\org.eclipse.equinox.launcher_1.6.400.v20210924-0641.jar -configuration c:\Users\cervi\AppData\Roaming\Code\User\globalStorage\redhat.java\1.3.0\config_ss_win -data c:\Users\cervi\AppData\Roaming\Code\User\workspaceStorage\38bc98f3c397ded34e86201629fcf2a1\redhat.java\ss_ws

Host: Intel(R) Core(TM) i3-7020U CPU @ 2.30GHz, 4 cores, 3G,  Windows 10 , 64 bit Build 22000 (10.0.22000.434)
Time: Sun Feb  6 18:48:35 2022 Hora estándar de Argentina elapsed time: 19.479518 seconds (0d 0h 0m 19s)

---------------  T H R E A D  ---------------

Current thread (0x0000020ee5c2db50):  JavaThread "C2 CompilerThread0" daemon [_thread_in_native, id=1376, stack(0x0000003886f00000,0x0000003887000000)]


Current CompileTask:
C2:  19479 4007 %     4       org.eclipse.jdt.internal.compiler.lookup.BinaryTypeBinding::createMethod @ 347 (1687 bytes)

Stack: [0x0000003886f00000,0x0000003887000000]
Native frames: (J=compiled Java code, j=interpreted, Vv=VM code, C=native code)
V  [jvm.dll+0x6744da]
V  [jvm.dll+0x82e144]
V  [jvm.dll+0x82f8ee]
V  [jvm.dll+0x82ff53]
V  [jvm.dll+0x245175]
V  [jvm.dll+0xab85b]
V  [jvm.dll+0xabdec]
V  [jvm.dll+0x362eb2]
V  [jvm.dll+0x1bb4b2]
V  [jvm.dll+0x218189]
V  [jvm.dll+0x217451]
V  [jvm.dll+0x1a355d]
V  [jvm.dll+0x226e38]
V  [jvm.dll+0x224f7c]
V  [jvm.dll+0x7e3f5b]
V  [jvm.dll+0x7de51a]
V  [jvm.dll+0x673305]
C  [ucrtbase.dll+0x26c0c]
C  [KERNEL32.DLL+0x154e0]
C  [ntdll.dll+0x485b]


---------------  P R O C E S S  ---------------

Threads class SMR info:
_java_thread_list=0x0000020eea1d30e0, length=23, elements={
0x0000020ed1de65f0, 0x0000020ee5bf7040, 0x0000020ee5bf9c00, 0x0000020ee5c24d50,
0x0000020ee5c25810, 0x0000020ee5c263c0, 0x0000020ee5c2ceb0, 0x0000020ee5c2db50,
0x0000020ee5c30600, 0x0000020ee5c6e740, 0x0000020ed1ea41a0, 0x0000020ee7815ee0,
0x0000020ee7d36030, 0x0000020ee8054b70, 0x0000020ee803f440, 0x0000020ee7dd4450,
0x0000020ee7b476b0, 0x0000020ee7b88480, 0x0000020ee7dee710, 0x0000020ee7dedd70,
0x0000020ee7deebe0, 0x0000020ee7dee240, 0x0000020ee7def0b0
}

Java Threads: ( => current thread )
  0x0000020ed1de65f0 JavaThread "main" [_thread_blocked, id=14664, stack(0x0000003886600000,0x0000003886700000)]
  0x0000020ee5bf7040 JavaThread "Reference Handler" daemon [_thread_blocked, id=14904, stack(0x0000003886900000,0x0000003886a00000)]
  0x0000020ee5bf9c00 JavaThread "Finalizer" daemon [_thread_blocked, id=10668, stack(0x0000003886a00000,0x0000003886b00000)]
  0x0000020ee5c24d50 JavaThread "Signal Dispatcher" daemon [_thread_blocked, id=4012, stack(0x0000003886b00000,0x0000003886c00000)]
  0x0000020ee5c25810 JavaThread "Attach Listener" daemon [_thread_blocked, id=18740, stack(0x0000003886c00000,0x0000003886d00000)]
  0x0000020ee5c263c0 JavaThread "Service Thread" daemon [_thread_blocked, id=3684, stack(0x0000003886d00000,0x0000003886e00000)]
  0x0000020ee5c2ceb0 JavaThread "Monitor Deflation Thread" daemon [_thread_blocked, id=19208, stack(0x0000003886e00000,0x0000003886f00000)]
=>0x0000020ee5c2db50 JavaThread "C2 CompilerThread0" daemon [_thread_in_native, id=1376, stack(0x0000003886f00000,0x0000003887000000)]
  0x0000020ee5c30600 JavaThread "C1 CompilerThread0" daemon [_thread_blocked, id=4064, stack(0x0000003887000000,0x0000003887100000)]
  0x0000020ee5c6e740 JavaThread "Sweeper thread" daemon [_thread_blocked, id=17344, stack(0x0000003887100000,0x0000003887200000)]
  0x0000020ed1ea41a0 JavaThread "Common-Cleaner" daemon [_thread_blocked, id=14868, stack(0x0000003887200000,0x0000003887300000)]
  0x0000020ee7815ee0 JavaThread "Notification Thread" daemon [_thread_blocked, id=13616, stack(0x0000003887300000,0x0000003887400000)]
  0x0000020ee7d36030 JavaThread "Active Thread: Equinox Container: 78aa454f-fe03-453a-9d4c-e02a91fc79f2" [_thread_blocked, id=6272, stack(0x0000003887500000,0x0000003887600000)]
  0x0000020ee8054b70 JavaThread "Framework Event Dispatcher: Equinox Container: 78aa454f-fe03-453a-9d4c-e02a91fc79f2" daemon [_thread_blocked, id=8328, stack(0x0000003887600000,0x0000003887700000)]
  0x0000020ee803f440 JavaThread "Start Level: Equinox Container: 78aa454f-fe03-453a-9d4c-e02a91fc79f2" daemon [_thread_blocked, id=17272, stack(0x0000003887700000,0x0000003887800000)]
  0x0000020ee7dd4450 JavaThread "SCR Component Actor" daemon [_thread_blocked, id=19772, stack(0x0000003887800000,0x0000003887900000)]
  0x0000020ee7b476b0 JavaThread "Worker-JM" [_thread_blocked, id=8804, stack(0x0000003887d00000,0x0000003887e00000)]
  0x0000020ee7b88480 JavaThread "Worker-0" [_thread_blocked, id=17808, stack(0x0000003887e00000,0x0000003887f00000)]
  0x0000020ee7dee710 JavaThread "Worker-1" [_thread_blocked, id=18408, stack(0x0000003887f00000,0x0000003888000000)]
  0x0000020ee7dedd70 JavaThread "pool-1-thread-1" [_thread_in_native, id=2132, stack(0x0000003888000000,0x0000003888100000)]
  0x0000020ee7deebe0 JavaThread "ForkJoinPool.commonPool-worker-1" daemon [_thread_blocked, id=13136, stack(0x0000003887c00000,0x0000003887d00000)]
  0x0000020ee7dee240 JavaThread "ForkJoinPool.commonPool-worker-2" daemon [_thread_blocked, id=13028, stack(0x0000003888100000,0x0000003888200000)]
  0x0000020ee7def0b0 JavaThread "ForkJoinPool.commonPool-worker-3" daemon [_thread_blocked, id=17940, stack(0x0000003888200000,0x0000003888300000)]

Other Threads:
  0x0000020ee5bdc110 VMThread "VM Thread" [stack: 0x0000003886800000,0x0000003886900000] [id=7468]
  0x0000020ee7816570 WatcherThread [stack: 0x0000003887400000,0x0000003887500000] [id=12240]
  0x0000020ed1dfc390 GCTaskThread "GC Thread#0" [stack: 0x0000003886700000,0x0000003886800000] [id=12944]
  0x0000020ee7e15070 GCTaskThread "GC Thread#1" [stack: 0x0000003887900000,0x0000003887a00000] [id=14712]
  0x0000020ee7e15320 GCTaskThread "GC Thread#2" [stack: 0x0000003887a00000,0x0000003887b00000] [id=9544]
  0x0000020ee7e155d0 GCTaskThread "GC Thread#3" [stack: 0x0000003887b00000,0x0000003887c00000] [id=6136]

Threads with active compile tasks:
C2 CompilerThread0    19540 4007 %     4       org.eclipse.jdt.internal.compiler.lookup.BinaryTypeBinding::createMethod @ 347 (1687 bytes)

VM state: not at safepoint (normal execution)

VM Mutex/Monitor currently owned by a thread: None

Heap address: 0x00000000c0000000, size: 1024 MB, Compressed Oops mode: 32-bit

CDS archive(s) not mapped
Compressed class space mapped at: 0x0000000100000000-0x0000000140000000, reserved size: 1073741824
Narrow klass base: 0x0000000000000000, Narrow klass shift: 3, Narrow klass range: 0x140000000

GC Precious Log:
 CPUs: 4 total, 4 available
 Memory: 3973M
 Large Page Support: Disabled
 NUMA Support: Disabled
 Compressed Oops: Enabled (32-bit)
 Alignments: Space 512K, Generation 512K, Heap 2M
 Heap Min Capacity: 100M
 Heap Initial Capacity: 100M
 Heap Max Capacity: 1G
 Pre-touch: Disabled
 Parallel Workers: 4

Heap:
 PSYoungGen      total 25088K, used 5237K [0x00000000eab00000, 0x00000000ec880000, 0x0000000100000000)
  eden space 22016K, 11% used [0x00000000eab00000,0x00000000ead87d90,0x00000000ec080000)
  from space 3072K, 86% used [0x00000000ec080000,0x00000000ec315a60,0x00000000ec380000)
  to   space 4096K, 0% used [0x00000000ec480000,0x00000000ec480000,0x00000000ec880000)
 ParOldGen       total 68608K, used 27301K [0x00000000c0000000, 0x00000000c4300000, 0x00000000eab00000)
  object space 68608K, 39% used [0x00000000c0000000,0x00000000c1aa95c8,0x00000000c4300000)
 Metaspace       used 41292K, committed 41856K, reserved 1089536K
  class space    used 4127K, committed 4352K, reserved 1048576K

Card table byte_map: [0x0000020ed17b0000,0x0000020ed19c0000] _byte_map_base: 0x0000020ed11b0000

Marking Bits: (ParMarkBitMap*) 0x00007ffc5cde2a60
 Begin Bits: [0x0000020ee3a70000, 0x0000020ee4a70000)
 End Bits:   [0x0000020ee4a70000, 0x0000020ee5a70000)

Polling page: 0x0000020ecfdf0000

Metaspace:

Usage:
  Non-class:     36.29 MB used.
      Class:      4.03 MB used.
       Both:     40.32 MB used.

Virtual space:
  Non-class space:       40.00 MB reserved,      36.62 MB ( 92%) committed,  5 nodes.
      Class space:        1.00 GB reserved,       4.25 MB ( <1%) committed,  1 nodes.
             Both:        1.04 GB reserved,      40.88 MB (  4%) committed. 

Chunk freelists:
   Non-Class:  2.83 MB
       Class:  3.72 MB
        Both:  6.55 MB

MaxMetaspaceSize: unlimited
CompressedClassSpaceSize: 1.00 GB
Initial GC threshold: 21.00 MB
Current GC threshold: 58.38 MB
CDS: off
MetaspaceReclaimPolicy: balanced
 - commit_granule_bytes: 65536.
 - commit_granule_words: 8192.
 - virtual_space_node_default_size: 1048576.
 - enlarge_chunks_in_place: 1.
 - new_chunks_are_fully_committed: 0.
 - uncommit_free_chunks: 1.
 - use_allocation_guard: 0.
 - handle_deallocations: 1.


Internal statistics:

num_allocs_failed_limit: 6.
num_arena_births: 234.
num_arena_deaths: 0.
num_vsnodes_births: 6.
num_vsnodes_deaths: 0.
num_space_committed: 654.
num_space_uncommitted: 0.
num_chunks_returned_to_freelist: 6.
num_chunks_taken_from_freelist: 1505.
num_chunk_merges: 6.
num_chunk_splits: 1055.
num_chunks_enlarged: 760.
num_purges: 0.
num_inconsistent_stats: 0.

CodeHeap 'non-profiled nmethods': size=120000Kb used=1611Kb max_used=1611Kb free=118388Kb
 bounds [0x0000020edc540000, 0x0000020edc7b0000, 0x0000020ee3a70000]
CodeHeap 'profiled nmethods': size=120000Kb used=8777Kb max_used=8777Kb free=111222Kb
 bounds [0x0000020ed5010000, 0x0000020ed58b0000, 0x0000020edc540000]
CodeHeap 'non-nmethods': size=5760Kb used=1280Kb max_used=1362Kb free=4479Kb
 bounds [0x0000020ed4a70000, 0x0000020ed4ce0000, 0x0000020ed5010000]
 total_blobs=4635 nmethods=4029 adapters=520
 compilation: enabled
              stopped_count=0, restarted_count=0
 full_count=0

Compilation events (20 events):
Event: 19.329 Thread 0x0000020ee5c30600 4073       1       org.eclipse.jdt.internal.compiler.classfmt.ClassFileReader::getInterfaceNames (5 bytes)
Event: 19.329 Thread 0x0000020ee5c30600 nmethod 4073 0x0000020edc6d2310 code [0x0000020edc6d24a0, 0x0000020edc6d2578]
Event: 19.329 Thread 0x0000020ee5c30600 4077       1       org.eclipse.jdt.internal.compiler.lookup.ReferenceBinding::getAnnotationTagBits (5 bytes)
Event: 19.329 Thread 0x0000020ee5c30600 nmethod 4077 0x0000020edc6d2610 code [0x0000020edc6d27a0, 0x0000020edc6d2878]
Event: 19.330 Thread 0x0000020ee5c30600 4078   !   3       java.io.BufferedWriter::write (117 bytes)
Event: 19.331 Thread 0x0000020ee5c30600 nmethod 4078 0x0000020ed5898310 code [0x0000020ed5898500, 0x0000020ed5898ae8]
Event: 19.331 Thread 0x0000020ee5c30600 4080       3       org.eclipse.core.runtime.SubMonitor::isCanceled (20 bytes)
Event: 19.331 Thread 0x0000020ee5c30600 nmethod 4080 0x0000020ed5898e90 code [0x0000020ed5899040, 0x0000020ed58992e8]
Event: 19.331 Thread 0x0000020ee5c30600 4079       3       java.io.BufferedWriter::min (9 bytes)
Event: 19.332 Thread 0x0000020ee5c30600 nmethod 4079 0x0000020ed5899410 code [0x0000020ed58995a0, 0x0000020ed5899718]
Event: 19.333 Thread 0x0000020ee5c30600 4081       3       org.eclipse.core.internal.jobs.OrderedLock::isConflicting (9 bytes)
Event: 19.333 Thread 0x0000020ee5c30600 nmethod 4081 0x0000020ed5899790 code [0x0000020ed5899920, 0x0000020ed5899a98]
Event: 19.333 Thread 0x0000020ee5c30600 4082       3       org.eclipse.core.runtime.jobs.Job::getState (5 bytes)
Event: 19.333 Thread 0x0000020ee5c30600 nmethod 4082 0x0000020ed5899b10 code [0x0000020ed5899ca0, 0x0000020ed5899de8]
Event: 19.333 Thread 0x0000020ee5c30600 4083       3       org.eclipse.core.internal.jobs.InternalJob::getState (60 bytes)
Event: 19.334 Thread 0x0000020ee5c30600 nmethod 4083 0x0000020ed5899e90 code [0x0000020ed589a040, 0x0000020ed589a278]
Event: 19.449 Thread 0x0000020ee5c30600 4084       1       org.eclipse.core.internal.dtree.DeltaDataTree::getRootNode (5 bytes)
Event: 19.449 Thread 0x0000020ee5c30600 nmethod 4084 0x0000020edc6d2910 code [0x0000020edc6d2aa0, 0x0000020edc6d2b78]
Event: 19.449 Thread 0x0000020ee5c30600 4086       2       jdk.internal.misc.Unsafe::weakCompareAndSetLong (11 bytes)
Event: 19.449 Thread 0x0000020ee5c30600 nmethod 4086 0x0000020ed589a310 code [0x0000020ed589a4a0, 0x0000020ed589a5b8]

GC Heap History (20 events):
Event: 9.646 GC heap before
{Heap before GC invocations=4 (full 1):
 PSYoungGen      total 29696K, used 25600K [0x00000000eab00000, 0x00000000ecc00000, 0x0000000100000000)
  eden space 25600K, 100% used [0x00000000eab00000,0x00000000ec400000,0x00000000ec400000)
  from space 4096K, 0% used [0x00000000ec800000,0x00000000ec800000,0x00000000ecc00000)
  to   space 4096K, 0% used [0x00000000ec400000,0x00000000ec400000,0x00000000ec800000)
 ParOldGen       total 68608K, used 11325K [0x00000000c0000000, 0x00000000c4300000, 0x00000000eab00000)
  object space 68608K, 16% used [0x00000000c0000000,0x00000000c0b0f6a8,0x00000000c4300000)
 Metaspace       used 28319K, committed 28800K, reserved 1081344K
  class space    used 2824K, committed 3008K, reserved 1048576K
}
Event: 9.649 GC heap after
{Heap after GC invocations=4 (full 1):
 PSYoungGen      total 29696K, used 1700K [0x00000000eab00000, 0x00000000ecc00000, 0x0000000100000000)
  eden space 25600K, 0% used [0x00000000eab00000,0x00000000eab00000,0x00000000ec400000)
  from space 4096K, 41% used [0x00000000ec400000,0x00000000ec5a92b0,0x00000000ec800000)
  to   space 4096K, 0% used [0x00000000ec800000,0x00000000ec800000,0x00000000ecc00000)
 ParOldGen       total 68608K, used 11333K [0x00000000c0000000, 0x00000000c4300000, 0x00000000eab00000)
  object space 68608K, 16% used [0x00000000c0000000,0x00000000c0b116a8,0x00000000c4300000)
 Metaspace       used 28319K, committed 28800K, reserved 1081344K
  class space    used 2824K, committed 3008K, reserved 1048576K
}
Event: 10.145 GC heap before
{Heap before GC invocations=5 (full 1):
 PSYoungGen      total 29696K, used 27300K [0x00000000eab00000, 0x00000000ecc00000, 0x0000000100000000)
  eden space 25600K, 100% used [0x00000000eab00000,0x00000000ec400000,0x00000000ec400000)
  from space 4096K, 41% used [0x00000000ec400000,0x00000000ec5a92b0,0x00000000ec800000)
  to   space 4096K, 0% used [0x00000000ec800000,0x00000000ec800000,0x00000000ecc00000)
 ParOldGen       total 68608K, used 11333K [0x00000000c0000000, 0x00000000c4300000, 0x00000000eab00000)
  object space 68608K, 16% used [0x00000000c0000000,0x00000000c0b116a8,0x00000000c4300000)
 Metaspace       used 31037K, committed 31488K, reserved 1081344K
  class space    used 3135K, committed 3328K, reserved 1048576K
}
Event: 10.149 GC heap after
{Heap after GC invocations=5 (full 1):
 PSYoungGen      total 29696K, used 2431K [0x00000000eab00000, 0x00000000ecc00000, 0x0000000100000000)
  eden space 25600K, 0% used [0x00000000eab00000,0x00000000eab00000,0x00000000ec400000)
  from space 4096K, 59% used [0x00000000ec800000,0x00000000eca5ffc0,0x00000000ecc00000)
  to   space 4096K, 0% used [0x00000000ec400000,0x00000000ec400000,0x00000000ec800000)
 ParOldGen       total 68608K, used 11341K [0x00000000c0000000, 0x00000000c4300000, 0x00000000eab00000)
  object space 68608K, 16% used [0x00000000c0000000,0x00000000c0b136a8,0x00000000c4300000)
 Metaspace       used 31037K, committed 31488K, reserved 1081344K
  class space    used 3135K, committed 3328K, reserved 1048576K
}
Event: 10.973 GC heap before
{Heap before GC invocations=6 (full 1):
 PSYoungGen      total 29696K, used 28031K [0x00000000eab00000, 0x00000000ecc00000, 0x0000000100000000)
  eden space 25600K, 100% used [0x00000000eab00000,0x00000000ec400000,0x00000000ec400000)
  from space 4096K, 59% used [0x00000000ec800000,0x00000000eca5ffc0,0x00000000ecc00000)
  to   space 4096K, 0% used [0x00000000ec400000,0x00000000ec400000,0x00000000ec800000)
 ParOldGen       total 68608K, used 11341K [0x00000000c0000000, 0x00000000c4300000, 0x00000000eab00000)
  object space 68608K, 16% used [0x00000000c0000000,0x00000000c0b136a8,0x00000000c4300000)
 Metaspace       used 32608K, committed 33152K, reserved 1081344K
  class space    used 3305K, committed 3584K, reserved 1048576K
}
Event: 10.979 GC heap after
{Heap after GC invocations=6 (full 1):
 PSYoungGen      total 29184K, used 4069K [0x00000000eab00000, 0x00000000ecc80000, 0x0000000100000000)
  eden space 25088K, 0% used [0x00000000eab00000,0x00000000eab00000,0x00000000ec380000)
  from space 4096K, 99% used [0x00000000ec400000,0x00000000ec7f97f8,0x00000000ec800000)
  to   space 4608K, 0% used [0x00000000ec800000,0x00000000ec800000,0x00000000ecc80000)
 ParOldGen       total 68608K, used 11517K [0x00000000c0000000, 0x00000000c4300000, 0x00000000eab00000)
  object space 68608K, 16% used [0x00000000c0000000,0x00000000c0b3f6a8,0x00000000c4300000)
 Metaspace       used 32608K, committed 33152K, reserved 1081344K
  class space    used 3305K, committed 3584K, reserved 1048576K
}
Event: 11.134 GC heap before
{Heap before GC invocations=7 (full 1):
 PSYoungGen      total 29184K, used 29157K [0x00000000eab00000, 0x00000000ecc80000, 0x0000000100000000)
  eden space 25088K, 100% used [0x00000000eab00000,0x00000000ec380000,0x00000000ec380000)
  from space 4096K, 99% used [0x00000000ec400000,0x00000000ec7f97f8,0x00000000ec800000)
  to   space 4608K, 0% used [0x00000000ec800000,0x00000000ec800000,0x00000000ecc80000)
 ParOldGen       total 68608K, used 11517K [0x00000000c0000000, 0x00000000c4300000, 0x00000000eab00000)
  object space 68608K, 16% used [0x00000000c0000000,0x00000000c0b3f6a8,0x00000000c4300000)
 Metaspace       used 32681K, committed 33216K, reserved 1081344K
  class space    used 3310K, committed 3584K, reserved 1048576K
}
Event: 11.141 GC heap after
{Heap after GC invocations=7 (full 1):
 PSYoungGen      total 27136K, used 4596K [0x00000000eab00000, 0x00000000ed100000, 0x0000000100000000)
  eden space 22528K, 0% used [0x00000000eab00000,0x00000000eab00000,0x00000000ec100000)
  from space 4608K, 99% used [0x00000000ec800000,0x00000000ecc7d2d0,0x00000000ecc80000)
  to   space 7168K, 0% used [0x00000000ec100000,0x00000000ec100000,0x00000000ec800000)
 ParOldGen       total 68608K, used 13245K [0x00000000c0000000, 0x00000000c4300000, 0x00000000eab00000)
  object space 68608K, 19% used [0x00000000c0000000,0x00000000c0cef738,0x00000000c4300000)
 Metaspace       used 32681K, committed 33216K, reserved 1081344K
  class space    used 3310K, committed 3584K, reserved 1048576K
}
Event: 11.244 GC heap before
{Heap before GC invocations=8 (full 1):
 PSYoungGen      total 27136K, used 27124K [0x00000000eab00000, 0x00000000ed100000, 0x0000000100000000)
  eden space 22528K, 100% used [0x00000000eab00000,0x00000000ec100000,0x00000000ec100000)
  from space 4608K, 99% used [0x00000000ec800000,0x00000000ecc7d2d0,0x00000000ecc80000)
  to   space 7168K, 0% used [0x00000000ec100000,0x00000000ec100000,0x00000000ec800000)
 ParOldGen       total 68608K, used 13245K [0x00000000c0000000, 0x00000000c4300000, 0x00000000eab00000)
  object space 68608K, 19% used [0x00000000c0000000,0x00000000c0cef738,0x00000000c4300000)
 Metaspace       used 32818K, committed 33344K, reserved 1081344K
  class space    used 3326K, committed 3584K, reserved 1048576K
}
Event: 11.253 GC heap after
{Heap after GC invocations=8 (full 1):
 PSYoungGen      total 29184K, used 7167K [0x00000000eab00000, 0x00000000ecf80000, 0x0000000100000000)
  eden space 22016K, 0% used [0x00000000eab00000,0x00000000eab00000,0x00000000ec080000)
  from space 7168K, 99% used [0x00000000ec100000,0x00000000ec7fffe0,0x00000000ec800000)
  to   space 7680K, 0% used [0x00000000ec800000,0x00000000ec800000,0x00000000ecf80000)
 ParOldGen       total 68608K, used 13253K [0x00000000c0000000, 0x00000000c4300000, 0x00000000eab00000)
  object space 68608K, 19% used [0x00000000c0000000,0x00000000c0cf1738,0x00000000c4300000)
 Metaspace       used 32818K, committed 33344K, reserved 1081344K
  class space    used 3326K, committed 3584K, reserved 1048576K
}
Event: 11.335 GC heap before
{Heap before GC invocations=9 (full 1):
 PSYoungGen      total 29184K, used 29183K [0x00000000eab00000, 0x00000000ecf80000, 0x0000000100000000)
  eden space 22016K, 100% used [0x00000000eab00000,0x00000000ec080000,0x00000000ec080000)
  from space 7168K, 99% used [0x00000000ec100000,0x00000000ec7fffe0,0x00000000ec800000)
  to   space 7680K, 0% used [0x00000000ec800000,0x00000000ec800000,0x00000000ecf80000)
 ParOldGen       total 68608K, used 13253K [0x00000000c0000000, 0x00000000c4300000, 0x00000000eab00000)
  object space 68608K, 19% used [0x00000000c0000000,0x00000000c0cf1738,0x00000000c4300000)
 Metaspace       used 32818K, committed 33344K, reserved 1081344K
  class space    used 3326K, committed 3584K, reserved 1048576K
}
Event: 11.345 GC heap after
{Heap after GC invocations=9 (full 1):
 PSYoungGen      total 29696K, used 7264K [0x00000000eab00000, 0x00000000ecf80000, 0x0000000100000000)
  eden space 22016K, 0% used [0x00000000eab00000,0x00000000eab00000,0x00000000ec080000)
  from space 7680K, 94% used [0x00000000ec800000,0x00000000ecf18020,0x00000000ecf80000)
  to   space 7680K, 0% used [0x00000000ec080000,0x00000000ec080000,0x00000000ec800000)
 ParOldGen       total 68608K, used 15394K [0x00000000c0000000, 0x00000000c4300000, 0x00000000eab00000)
  object space 68608K, 22% used [0x00000000c0000000,0x00000000c0f08a48,0x00000000c4300000)
 Metaspace       used 32818K, committed 33344K, reserved 1081344K
  class space    used 3326K, committed 3584K, reserved 1048576K
}
Event: 11.439 GC heap before
{Heap before GC invocations=10 (full 1):
 PSYoungGen      total 29696K, used 29280K [0x00000000eab00000, 0x00000000ecf80000, 0x0000000100000000)
  eden space 22016K, 100% used [0x00000000eab00000,0x00000000ec080000,0x00000000ec080000)
  from space 7680K, 94% used [0x00000000ec800000,0x00000000ecf18020,0x00000000ecf80000)
  to   space 7680K, 0% used [0x00000000ec080000,0x00000000ec080000,0x00000000ec800000)
 ParOldGen       total 68608K, used 15394K [0x00000000c0000000, 0x00000000c4300000, 0x00000000eab00000)
  object space 68608K, 22% used [0x00000000c0000000,0x00000000c0f08a48,0x00000000c4300000)
 Metaspace       used 32818K, committed 33344K, reserved 1081344K
  class space    used 3326K, committed 3584K, reserved 1048576K
}
Event: 11.449 GC heap after
{Heap after GC invocations=10 (full 1):
 PSYoungGen      total 29184K, used 7104K [0x00000000eab00000, 0x00000000ece80000, 0x0000000100000000)
  eden space 22016K, 0% used [0x00000000eab00000,0x00000000eab00000,0x00000000ec080000)
  from space 7168K, 99% used [0x00000000ec080000,0x00000000ec770020,0x00000000ec780000)
  to   space 7168K, 0% used [0x00000000ec780000,0x00000000ec780000,0x00000000ece80000)
 ParOldGen       total 68608K, used 17830K [0x00000000c0000000, 0x00000000c4300000, 0x00000000eab00000)
  object space 68608K, 25% used [0x00000000c0000000,0x00000000c1169a98,0x00000000c4300000)
 Metaspace       used 32818K, committed 33344K, reserved 1081344K
  class space    used 3326K, committed 3584K, reserved 1048576K
}
Event: 15.954 GC heap before
{Heap before GC invocations=11 (full 1):
 PSYoungGen      total 29184K, used 26407K [0x00000000eab00000, 0x00000000ece80000, 0x0000000100000000)
  eden space 22016K, 87% used [0x00000000eab00000,0x00000000ebdd9d50,0x00000000ec080000)
  from space 7168K, 99% used [0x00000000ec080000,0x00000000ec770020,0x00000000ec780000)
  to   space 7168K, 0% used [0x00000000ec780000,0x00000000ec780000,0x00000000ece80000)
 ParOldGen       total 68608K, used 17830K [0x00000000c0000000, 0x00000000c4300000, 0x00000000eab00000)
  object space 68608K, 25% used [0x00000000c0000000,0x00000000c1169a98,0x00000000c4300000)
 Metaspace       used 35389K, committed 35840K, reserved 1089536K
  class space    used 3619K, committed 3840K, reserved 1048576K
}
Event: 15.965 GC heap after
{Heap after GC invocations=11 (full 1):
 PSYoungGen      total 27136K, used 5116K [0x00000000eab00000, 0x00000000ecc80000, 0x0000000100000000)
  eden space 22016K, 0% used [0x00000000eab00000,0x00000000eab00000,0x00000000ec080000)
  from space 5120K, 99% used [0x00000000ec780000,0x00000000ecc7f000,0x00000000ecc80000)
  to   space 6144K, 0% used [0x00000000ec080000,0x00000000ec080000,0x00000000ec680000)
 ParOldGen       total 68608K, used 22501K [0x00000000c0000000, 0x00000000c4300000, 0x00000000eab00000)
  object space 68608K, 32% used [0x00000000c0000000,0x00000000c15f9548,0x00000000c4300000)
 Metaspace       used 35389K, committed 35840K, reserved 1089536K
  class space    used 3619K, committed 3840K, reserved 1048576K
}
Event: 15.965 GC heap before
{Heap before GC invocations=12 (full 2):
 PSYoungGen      total 27136K, used 5116K [0x00000000eab00000, 0x00000000ecc80000, 0x0000000100000000)
  eden space 22016K, 0% used [0x00000000eab00000,0x00000000eab00000,0x00000000ec080000)
  from space 5120K, 99% used [0x00000000ec780000,0x00000000ecc7f000,0x00000000ecc80000)
  to   space 6144K, 0% used [0x00000000ec080000,0x00000000ec080000,0x00000000ec680000)
 ParOldGen       total 68608K, used 22501K [0x00000000c0000000, 0x00000000c4300000, 0x00000000eab00000)
  object space 68608K, 32% used [0x00000000c0000000,0x00000000c15f9548,0x00000000c4300000)
 Metaspace       used 35389K, committed 35840K, reserved 1089536K
  class space    used 3619K, committed 3840K, reserved 1048576K
}
Event: 16.051 GC heap after
{Heap after GC invocations=12 (full 2):
 PSYoungGen      total 27136K, used 0K [0x00000000eab00000, 0x00000000ecc80000, 0x0000000100000000)
  eden space 22016K, 0% used [0x00000000eab00000,0x00000000eab00000,0x00000000ec080000)
  from space 5120K, 0% used [0x00000000ec780000,0x00000000ec780000,0x00000000ecc80000)
  to   space 6144K, 0% used [0x00000000ec080000,0x00000000ec080000,0x00000000ec680000)
 ParOldGen       total 68608K, used 27293K [0x00000000c0000000, 0x00000000c4300000, 0x00000000eab00000)
  object space 68608K, 39% used [0x00000000c0000000,0x00000000c1aa75c8,0x00000000c4300000)
 Metaspace       used 35389K, committed 35840K, reserved 1089536K
  class space    used 3619K, committed 3840K, reserved 1048576K
}
Event: 19.231 GC heap before
{Heap before GC invocations=13 (full 2):
 PSYoungGen      total 27136K, used 22016K [0x00000000eab00000, 0x00000000ecc80000, 0x0000000100000000)
  eden space 22016K, 100% used [0x00000000eab00000,0x00000000ec080000,0x00000000ec080000)
  from space 5120K, 0% used [0x00000000ec780000,0x00000000ec780000,0x00000000ecc80000)
  to   space 6144K, 0% used [0x00000000ec080000,0x00000000ec080000,0x00000000ec680000)
 ParOldGen       total 68608K, used 27293K [0x00000000c0000000, 0x00000000c4300000, 0x00000000eab00000)
  object space 68608K, 39% used [0x00000000c0000000,0x00000000c1aa75c8,0x00000000c4300000)
 Metaspace       used 41227K, committed 41792K, reserved 1089536K
  class space    used 4127K, committed 4352K, reserved 1048576K
}
Event: 19.237 GC heap after
{Heap after GC invocations=13 (full 2):
 PSYoungGen      total 25088K, used 2646K [0x00000000eab00000, 0x00000000ec880000, 0x0000000100000000)
  eden space 22016K, 0% used [0x00000000eab00000,0x00000000eab00000,0x00000000ec080000)
  from space 3072K, 86% used [0x00000000ec080000,0x00000000ec315a60,0x00000000ec380000)
  to   space 4096K, 0% used [0x00000000ec480000,0x00000000ec480000,0x00000000ec880000)
 ParOldGen       total 68608K, used 27301K [0x00000000c0000000, 0x00000000c4300000, 0x00000000eab00000)
  object space 68608K, 39% used [0x00000000c0000000,0x00000000c1aa95c8,0x00000000c4300000)
 Metaspace       used 41227K, committed 41792K, reserved 1089536K
  class space    used 4127K, committed 4352K, reserved 1048576K
}

Deoptimization events (20 events):
Event: 17.362 Thread 0x0000020ee7dee240 Uncommon trap: trap_request=0xffffff45 fr.pc=0x0000020edc673348 relative=0x0000000000000b08
Event: 17.362 Thread 0x0000020ee7dee240 Uncommon trap: reason=unstable_if action=reinterpret pc=0x0000020edc673348 method=java.util.concurrent.ConcurrentHashMap.transfer([Ljava/util/concurrent/ConcurrentHashMap$Node;[Ljava/util/concurrent/ConcurrentHashMap$Node;)V @ 352 c2
Event: 17.362 Thread 0x0000020ee7dee240 DEOPT PACKING pc=0x0000020edc673348 sp=0x00000038881fe610
Event: 17.362 Thread 0x0000020ee7dee240 DEOPT UNPACKING pc=0x0000020ed4ac20a3 sp=0x00000038881fe578 mode 2
Event: 17.368 Thread 0x0000020ee7dee710 Uncommon trap: trap_request=0xffffffbe fr.pc=0x0000020edc68c074 relative=0x0000000000000634
Event: 17.368 Thread 0x0000020ee7dee710 Uncommon trap: reason=profile_predicate action=maybe_recompile pc=0x0000020edc68c074 method=org.eclipse.jdt.internal.core.util.HashtableOfArrayToObject.get([Ljava/lang/Object;)Ljava/lang/Object; @ 64 c2
Event: 17.368 Thread 0x0000020ee7dee710 DEOPT PACKING pc=0x0000020edc68c074 sp=0x0000003887ffe650
Event: 17.368 Thread 0x0000020ee7dee710 DEOPT UNPACKING pc=0x0000020ed4ac20a3 sp=0x0000003887ffe610 mode 2
Event: 17.368 Thread 0x0000020ee7dee710 Uncommon trap: trap_request=0xffffffbe fr.pc=0x0000020edc68c074 relative=0x0000000000000634
Event: 17.368 Thread 0x0000020ee7dee710 Uncommon trap: reason=profile_predicate action=maybe_recompile pc=0x0000020edc68c074 method=org.eclipse.jdt.internal.core.util.HashtableOfArrayToObject.get([Ljava/lang/Object;)Ljava/lang/Object; @ 64 c2
Event: 17.368 Thread 0x0000020ee7dee710 DEOPT PACKING pc=0x0000020edc68c074 sp=0x0000003887ffe650
Event: 17.368 Thread 0x0000020ee7dee710 DEOPT UNPACKING pc=0x0000020ed4ac20a3 sp=0x0000003887ffe610 mode 2
Event: 17.368 Thread 0x0000020ee7dee710 Uncommon trap: trap_request=0xffffffbe fr.pc=0x0000020edc68c074 relative=0x0000000000000634
Event: 17.368 Thread 0x0000020ee7dee710 Uncommon trap: reason=profile_predicate action=maybe_recompile pc=0x0000020edc68c074 method=org.eclipse.jdt.internal.core.util.HashtableOfArrayToObject.get([Ljava/lang/Object;)Ljava/lang/Object; @ 64 c2
Event: 17.368 Thread 0x0000020ee7dee710 DEOPT PACKING pc=0x0000020edc68c074 sp=0x0000003887ffe650
Event: 17.368 Thread 0x0000020ee7dee710 DEOPT UNPACKING pc=0x0000020ed4ac20a3 sp=0x0000003887ffe610 mode 2
Event: 17.368 Thread 0x0000020ee7dee710 Uncommon trap: trap_request=0xffffffbe fr.pc=0x0000020edc68c074 relative=0x0000000000000634
Event: 17.368 Thread 0x0000020ee7dee710 Uncommon trap: reason=profile_predicate action=maybe_recompile pc=0x0000020edc68c074 method=org.eclipse.jdt.internal.core.util.HashtableOfArrayToObject.get([Ljava/lang/Object;)Ljava/lang/Object; @ 64 c2
Event: 17.368 Thread 0x0000020ee7dee710 DEOPT PACKING pc=0x0000020edc68c074 sp=0x0000003887ffe650
Event: 17.368 Thread 0x0000020ee7dee710 DEOPT UNPACKING pc=0x0000020ed4ac20a3 sp=0x0000003887ffe610 mode 2

Classes unloaded (0 events):
No events

Classes redefined (0 events):
No events

Internal exceptions (20 events):
Event: 7.480 Thread 0x0000020ee803f440 Exception <a 'java/lang/IncompatibleClassChangeError'{0x00000000ec04ccd8}: Found class java.lang.Object, but interface was expected> (0x00000000ec04ccd8) 
thrown [e:\jenkins\tmp\workspace\build\src\src\hotspot\share\interpreter\linkResolver.cpp, line 833]
Event: 8.184 Thread 0x0000020ee803f440 Exception <a 'java/lang/ClassNotFoundException'{0x00000000ebc3b730}: com/sun/org/apache/xerces/internal/impl/msg/spi/DOMMessagesProvider> (0x00000000ebc3b730) 
thrown [e:\jenkins\tmp\workspace\build\src\src\hotspot\share\classfile\systemDictionary.cpp, line 256]
Event: 8.188 Thread 0x0000020ee803f440 Implicit null exception at 0x0000020edc5eb78d to 0x0000020edc5ec4d0
Event: 8.193 Thread 0x0000020ee803f440 Exception <a 'java/lang/ClassNotFoundException'{0x00000000ebc63c28}: com/sun/org/apache/xerces/internal/impl/msg/spi/XMLSerializerMessagesProvider> (0x00000000ebc63c28) 
thrown [e:\jenkins\tmp\workspace\build\src\src\hotspot\share\classfile\systemDictionary.cpp, line 256]
Event: 8.196 Thread 0x0000020ee803f440 Exception <a 'java/lang/ClassNotFoundException'{0x00000000ebc7c428}: com/sun/org/apache/xerces/internal/impl/msg/spi/XMLMessagesProvider> (0x00000000ebc7c428) 
thrown [e:\jenkins\tmp\workspace\build\src\src\hotspot\share\classfile\systemDictionary.cpp, line 256]
Event: 8.970 Thread 0x0000020ee803f440 Exception <a 'java/lang/ClassNotFoundException'{0x00000000ebf66508}: com/sun/org/apache/xml/internal/serializer/spi/XMLEntitiesProvider> (0x00000000ebf66508) 
thrown [e:\jenkins\tmp\workspace\build\src\src\hotspot\share\classfile\systemDictionary.cpp, line 256]
Event: 9.319 Thread 0x0000020ee803f440 Exception <a 'java/io/FileNotFoundException'{0x00000000ec16ec58}> (0x00000000ec16ec58) 
thrown [e:\jenkins\tmp\workspace\build\src\src\hotspot\share\prims\jni.cpp, line 516]
Event: 9.474 Thread 0x0000020ee803f440 Exception <a 'java/io/FileNotFoundException'{0x00000000ec1a80b0}> (0x00000000ec1a80b0) 
thrown [e:\jenkins\tmp\workspace\build\src\src\hotspot\share\prims\jni.cpp, line 516]
Event: 9.486 Thread 0x0000020ee803f440 Exception <a 'java/io/FileNotFoundException'{0x00000000ec1d2870}> (0x00000000ec1d2870) 
thrown [e:\jenkins\tmp\workspace\build\src\src\hotspot\share\prims\jni.cpp, line 516]
Event: 9.784 Thread 0x0000020ed1de65f0 Exception <a 'java/lang/NoSuchMethodError'{0x00000000eacd0420}: 'java.lang.Object java.lang.invoke.DirectMethodHandle$Holder.newInvokeSpecial(java.lang.Object, java.lang.Object, java.lang.Object, java.lang.Object, java.lang.Object)'> (0x00000000eacd0420) 
thrown [e:\jenkins\tmp\workspace\build\src\src\hotspot\share\interpreter\linkResolver.cpp, line 766]
Event: 9.886 Thread 0x0000020ee7dedd70 Exception <a 'java/io/FileNotFoundException'{0x00000000eaefadf0}> (0x00000000eaefadf0) 
thrown [e:\jenkins\tmp\workspace\build\src\src\hotspot\share\prims\jni.cpp, line 516]
Event: 10.414 Thread 0x0000020ee7dee710 Exception <a 'java/lang/NoSuchMethodError'{0x00000000eb2712c8}: 'java.lang.Object java.lang.invoke.Invokers$Holder.invoke_MT(java.lang.Object, java.lang.Object, java.lang.Object)'> (0x00000000eb2712c8) 
thrown [e:\jenkins\tmp\workspace\build\src\src\hotspot\share\interpreter\linkResolver.cpp, line 766]
Event: 10.942 Thread 0x0000020ee7dee710 Exception <a 'java/io/FileNotFoundException'{0x00000000ec145b80}> (0x00000000ec145b80) 
thrown [e:\jenkins\tmp\workspace\build\src\src\hotspot\share\prims\jni.cpp, line 516]
Event: 10.942 Thread 0x0000020ee7dee710 Exception <a 'java/io/FileNotFoundException'{0x00000000ec147748}> (0x00000000ec147748) 
thrown [e:\jenkins\tmp\workspace\build\src\src\hotspot\share\prims\jni.cpp, line 516]
Event: 10.944 Thread 0x0000020ee7dee710 Exception <a 'java/lang/NoSuchMethodError'{0x00000000ec14f1c0}: 'void java.lang.invoke.DirectMethodHandle$Holder.invokeStaticInit(java.lang.Object, java.lang.Object, java.lang.Object)'> (0x00000000ec14f1c0) 
thrown [e:\jenkins\tmp\workspace\build\src\src\hotspot\share\interpreter\linkResolver.cpp, line 766]
Event: 11.610 Thread 0x0000020ee7dedd70 Exception <a 'java/lang/NoSuchMethodError'{0x00000000eb81f2c0}: 'java.lang.Object java.lang.invoke.DirectMethodHandle$Holder.invokeInterface(java.lang.Object, java.lang.Object, java.lang.Object)'> (0x00000000eb81f2c0) 
thrown [e:\jenkins\tmp\workspace\build\src\src\hotspot\share\interpreter\linkResolver.cpp, line 766]
Event: 16.539 Thread 0x0000020ee7deebe0 Exception <a 'java/lang/NoSuchMethodError'{0x00000000eac37370}: 'int java.lang.invoke.DirectMethodHandle$Holder.invokeSpecial(java.lang.Object, java.lang.Object, java.lang.Object)'> (0x00000000eac37370) 
thrown [e:\jenkins\tmp\workspace\build\src\src\hotspot\share\interpreter\linkResolver.cpp, line 766]
Event: 16.834 Thread 0x0000020ee7dee240 Exception <a 'java/lang/NoSuchMethodError'{0x00000000eb21d0e0}: 'int java.lang.invoke.DirectMethodHandle$Holder.invokeVirtual(java.lang.Object, java.lang.Object, java.lang.Object)'> (0x00000000eb21d0e0) 
thrown [e:\jenkins\tmp\workspace\build\src\src\hotspot\share\interpreter\linkResolver.cpp, line 766]
Event: 16.899 Thread 0x0000020ee7dee240 Exception <a 'java/io/FileNotFoundException'{0x00000000eb2e69b8}> (0x00000000eb2e69b8) 
thrown [e:\jenkins\tmp\workspace\build\src\src\hotspot\share\prims\jni.cpp, line 516]
Event: 16.906 Thread 0x0000020ee7dee240 Exception <a 'java/io/FileNotFoundException'{0x00000000eb2f3e90}> (0x00000000eb2f3e90) 
thrown [e:\jenkins\tmp\workspace\build\src\src\hotspot\share\prims\jni.cpp, line 516]

VM Operations (20 events):
Event: 12.452 Executing VM operation: Cleanup
Event: 12.452 Executing VM operation: Cleanup done
Event: 13.464 Executing VM operation: Cleanup
Event: 13.464 Executing VM operation: Cleanup done
Event: 15.913 Executing VM operation: HandshakeAllThreads
Event: 15.913 Executing VM operation: HandshakeAllThreads done
Event: 15.913 Executing VM operation: Cleanup
Event: 15.913 Executing VM operation: Cleanup done
Event: 15.954 Executing VM operation: CollectForMetadataAllocation
Event: 16.052 Executing VM operation: CollectForMetadataAllocation done
Event: 16.910 Executing VM operation: HandshakeAllThreads
Event: 16.910 Executing VM operation: HandshakeAllThreads done
Event: 17.036 Executing VM operation: ICBufferFull
Event: 17.036 Executing VM operation: ICBufferFull done
Event: 18.046 Executing VM operation: Cleanup
Event: 18.046 Executing VM operation: Cleanup done
Event: 19.053 Executing VM operation: Cleanup
Event: 19.069 Executing VM operation: Cleanup done
Event: 19.231 Executing VM operation: ParallelGCFailedAllocation
Event: 19.237 Executing VM operation: ParallelGCFailedAllocation done

Events (20 events):
Event: 16.679 loading class java/util/stream/MatchOps$MatchKind
Event: 16.679 loading class java/util/stream/MatchOps$MatchKind done
Event: 16.679 loading class java/util/stream/MatchOps
Event: 16.680 loading class java/util/stream/MatchOps done
Event: 16.680 loading class java/util/stream/MatchOps$MatchOp
Event: 16.680 loading class java/util/stream/MatchOps$MatchOp done
Event: 16.680 loading class java/util/stream/MatchOps$BooleanTerminalSink
Event: 16.680 loading class java/util/stream/MatchOps$BooleanTerminalSink done
Event: 16.680 loading class java/util/stream/MatchOps$1MatchSink
Event: 16.681 loading class java/util/stream/MatchOps$1MatchSink done
Event: 16.835 loading class java/util/stream/ReduceOps$4
Event: 16.835 loading class java/util/stream/ReduceOps$4 done
Event: 16.835 loading class java/util/stream/ReduceOps$4ReducingSink
Event: 16.835 loading class java/util/stream/ReduceOps$4ReducingSink done
Event: 17.323 loading class java/util/AbstractList$ListItr
Event: 17.323 loading class java/util/AbstractList$ListItr done
Event: 17.357 loading class java/util/concurrent/ConcurrentHashMap$TreeNode
Event: 17.357 loading class java/util/concurrent/ConcurrentHashMap$TreeNode done
Event: 17.357 loading class java/util/concurrent/ConcurrentHashMap$TreeBin
Event: 17.357 loading class java/util/concurrent/ConcurrentHashMap$TreeBin done


Dynamic libraries:
0x00007ff6ab6b0000 - 0x00007ff6ab6be000 	c:\Users\cervi\.vscode\extensions\redhat.java-1.3.0\jre\17.0.1-win32-x86_64\bin\java.exe
0x00007ffcab020000 - 0x00007ffcab229000 	C:\Windows\SYSTEM32\ntdll.dll
0x00007ffca9bf0000 - 0x00007ffca9cad000 	C:\Windows\System32\KERNEL32.DLL
0x00007ffca8980000 - 0x00007ffca8cf4000 	C:\Windows\System32\KERNELBASE.dll
0x00007ffca8d00000 - 0x00007ffca8e11000 	C:\Windows\System32\ucrtbase.dll
0x00007ffca0280000 - 0x00007ffca0298000 	c:\Users\cervi\.vscode\extensions\redhat.java-1.3.0\jre\17.0.1-win32-x86_64\bin\jli.dll
0x00007ffca9cd0000 - 0x00007ffca9e7c000 	C:\Windows\System32\USER32.dll
0x00007ffca88d0000 - 0x00007ffca88f6000 	C:\Windows\System32\win32u.dll
0x00007ffca9300000 - 0x00007ffca9329000 	C:\Windows\System32\GDI32.dll
0x00007ffca8510000 - 0x00007ffca8622000 	C:\Windows\System32\gdi32full.dll
0x00007ffca8e20000 - 0x00007ffca8ebd000 	C:\Windows\System32\msvcp_win.dll
0x00007ffc983d0000 - 0x00007ffc983e9000 	c:\Users\cervi\.vscode\extensions\redhat.java-1.3.0\jre\17.0.1-win32-x86_64\bin\VCRUNTIME140.dll
0x00007ffc8f510000 - 0x00007ffc8f7b5000 	C:\Windows\WinSxS\amd64_microsoft.windows.common-controls_6595b64144ccf1df_6.0.22000.120_none_9d947278b86cc467\COMCTL32.dll
0x00007ffca9130000 - 0x00007ffca91d3000 	C:\Windows\System32\msvcrt.dll
0x00007ffca90f0000 - 0x00007ffca9121000 	C:\Windows\System32\IMM32.DLL
0x00007ffca03c0000 - 0x00007ffca03cc000 	c:\Users\cervi\.vscode\extensions\redhat.java-1.3.0\jre\17.0.1-win32-x86_64\bin\vcruntime140_1.dll
0x00007ffc87ac0000 - 0x00007ffc87b51000 	c:\Users\cervi\.vscode\extensions\redhat.java-1.3.0\jre\17.0.1-win32-x86_64\bin\msvcp140.dll
0x00007ffc5c260000 - 0x00007ffc5cea6000 	c:\Users\cervi\.vscode\extensions\redhat.java-1.3.0\jre\17.0.1-win32-x86_64\bin\server\jvm.dll
0x00007ffca9790000 - 0x00007ffca983e000 	C:\Windows\System32\ADVAPI32.dll
0x00007ffca9b50000 - 0x00007ffca9bee000 	C:\Windows\System32\sechost.dll
0x00007ffca8ec0000 - 0x00007ffca8fe0000 	C:\Windows\System32\RPCRT4.dll
0x00007ffca9290000 - 0x00007ffca9298000 	C:\Windows\System32\PSAPI.DLL
0x00007ffca03b0000 - 0x00007ffca03b9000 	C:\Windows\SYSTEM32\WSOCK32.dll
0x00007ffca9850000 - 0x00007ffca98bf000 	C:\Windows\System32\WS2_32.dll
0x00007ffca3380000 - 0x00007ffca33b3000 	C:\Windows\SYSTEM32\WINMM.dll
0x00007ffca28d0000 - 0x00007ffca28da000 	C:\Windows\SYSTEM32\VERSION.dll
0x00007ffca7610000 - 0x00007ffca7628000 	C:\Windows\SYSTEM32\kernel.appcore.dll
0x00007ffca0270000 - 0x00007ffca027a000 	c:\Users\cervi\.vscode\extensions\redhat.java-1.3.0\jre\17.0.1-win32-x86_64\bin\jimage.dll
0x00007ffc9fb20000 - 0x00007ffc9fd41000 	C:\Windows\SYSTEM32\DBGHELP.DLL
0x00007ffc9fa80000 - 0x00007ffc9fab1000 	C:\Windows\SYSTEM32\dbgcore.DLL
0x00007ffca8900000 - 0x00007ffca897f000 	C:\Windows\System32\bcryptPrimitives.dll
0x00007ffc94020000 - 0x00007ffc94045000 	c:\Users\cervi\.vscode\extensions\redhat.java-1.3.0\jre\17.0.1-win32-x86_64\bin\java.dll
0x00007ffc983b0000 - 0x00007ffc983c8000 	c:\Users\cervi\.vscode\extensions\redhat.java-1.3.0\jre\17.0.1-win32-x86_64\bin\zip.dll
0x00007ffca9ea0000 - 0x00007ffcaa64e000 	C:\Windows\System32\SHELL32.dll
0x00007ffca6680000 - 0x00007ffca6ee7000 	C:\Windows\SYSTEM32\windows.storage.dll
0x00007ffca9410000 - 0x00007ffca9788000 	C:\Windows\System32\combase.dll
0x00007ffca6510000 - 0x00007ffca6676000 	C:\Windows\SYSTEM32\wintypes.dll
0x00007ffca98c0000 - 0x00007ffca99aa000 	C:\Windows\System32\SHCORE.dll
0x00007ffcaa660000 - 0x00007ffcaa6bd000 	C:\Windows\System32\shlwapi.dll
0x00007ffca8440000 - 0x00007ffca8461000 	C:\Windows\SYSTEM32\profapi.dll
0x00007ffc94000000 - 0x00007ffc94019000 	C:\Users\cervi\.vscode\extensions\redhat.java-1.3.0\jre\17.0.1-win32-x86_64\bin\net.dll
0x00007ffca2410000 - 0x00007ffca251c000 	C:\Windows\SYSTEM32\WINHTTP.dll
0x00007ffca7a40000 - 0x00007ffca7aa7000 	C:\Windows\system32\mswsock.dll
0x00007ffc93fb0000 - 0x00007ffc93fc5000 	C:\Users\cervi\.vscode\extensions\redhat.java-1.3.0\jre\17.0.1-win32-x86_64\bin\nio.dll
0x00007ffca7c80000 - 0x00007ffca7c98000 	C:\Windows\SYSTEM32\CRYPTSP.dll
0x00007ffca7570000 - 0x00007ffca75a5000 	C:\Windows\system32\rsaenh.dll
0x00007ffca7b30000 - 0x00007ffca7b59000 	C:\Windows\SYSTEM32\USERENV.dll
0x00007ffca7e00000 - 0x00007ffca7e27000 	C:\Windows\SYSTEM32\bcrypt.dll
0x00007ffca7ca0000 - 0x00007ffca7cac000 	C:\Windows\SYSTEM32\CRYPTBASE.dll
0x00007ffca7140000 - 0x00007ffca716d000 	C:\Windows\SYSTEM32\IPHLPAPI.DLL
0x00007ffca9840000 - 0x00007ffca9849000 	C:\Windows\System32\NSI.dll
0x00007ffca28b0000 - 0x00007ffca28c9000 	C:\Windows\SYSTEM32\dhcpcsvc6.DLL
0x00007ffca29e0000 - 0x00007ffca29fe000 	C:\Windows\SYSTEM32\dhcpcsvc.DLL
0x00007ffca7170000 - 0x00007ffca7257000 	C:\Windows\SYSTEM32\DNSAPI.dll
0x00007ffc7f580000 - 0x00007ffc7f5be000 	C:\Users\cervi\AppData\Roaming\Code\User\globalStorage\redhat.java\1.3.0\config_ss_win\org.eclipse.equinox.launcher\org.eclipse.equinox.launcher.win32.win32.x86_64_1.2.400.v20211117-0650\eclipse_11602.dll
0x00007ffca99b0000 - 0x00007ffca9b4a000 	C:\Windows\System32\ole32.dll
0x00007ffc9a110000 - 0x00007ffc9a120000 	c:\Users\cervi\.vscode\extensions\redhat.java-1.3.0\jre\17.0.1-win32-x86_64\bin\verify.dll
0x00007ffc87600000 - 0x00007ffc87611000 	C:\Users\cervi\AppData\Roaming\Code\User\globalStorage\redhat.java\1.3.0\config_ss_win\org.eclipse.osgi\15\0\.cp\jWinHttp-1.0.0.dll

dbghelp: loaded successfully - version: 4.0.5 - missing functions: none
symbol engine: initialized successfully - sym options: 0x614 - pdb path: .;c:\Users\cervi\.vscode\extensions\redhat.java-1.3.0\jre\17.0.1-win32-x86_64\bin;C:\Windows\SYSTEM32;C:\Windows\WinSxS\amd64_microsoft.windows.common-controls_6595b64144ccf1df_6.0.22000.120_none_9d947278b86cc467;c:\Users\cervi\.vscode\extensions\redhat.java-1.3.0\jre\17.0.1-win32-x86_64\bin\server;C:\Users\cervi\AppData\Roaming\Code\User\globalStorage\redhat.java\1.3.0\config_ss_win\org.eclipse.equinox.launcher\org.eclipse.equinox.launcher.win32.win32.x86_64_1.2.400.v20211117-0650;C:\Users\cervi\AppData\Roaming\Code\User\globalStorage\redhat.java\1.3.0\config_ss_win\org.eclipse.osgi\15\0\.cp

VM Arguments:
jvm_args: --add-modules=ALL-SYSTEM --add-opens=java.base/java.util=ALL-UNNAMED --add-opens=java.base/java.lang=ALL-UNNAMED --add-opens=java.base/sun.nio.fs=ALL-UNNAMED -Declipse.application=org.eclipse.jdt.ls.core.id1 -Dosgi.bundles.defaultStartLevel=4 -Declipse.product=org.eclipse.jdt.ls.core.product -Djava.import.generatesMetadataFilesAtProjectRoot=false -Dfile.encoding=utf8 -DwatchParentProcess=false -XX:+UseParallelGC -XX:GCTimeRatio=4 -XX:AdaptiveSizePolicyWeight=90 -Dsun.zip.disableMemoryMapping=true -Xmx1G -Xms100m 
java_command: c:\Users\cervi\.vscode\extensions\redhat.java-1.3.0\server\plugins\org.eclipse.equinox.launcher_1.6.400.v20210924-0641.jar -configuration c:\Users\cervi\AppData\Roaming\Code\User\globalStorage\redhat.java\1.3.0\config_ss_win -data c:\Users\cervi\AppData\Roaming\Code\User\workspaceStorage\38bc98f3c397ded34e86201629fcf2a1\redhat.java\ss_ws
java_class_path (initial): c:\Users\cervi\.vscode\extensions\redhat.java-1.3.0\server\plugins\org.eclipse.equinox.launcher_1.6.400.v20210924-0641.jar
Launcher Type: SUN_STANDARD

[Global flags]
    uintx AdaptiveSizePolicyWeight                 = 90                                        {product} {command line}
     intx CICompilerCount                          = 3                                         {product} {ergonomic}
    uintx GCTimeRatio                              = 4                                         {product} {command line}
   size_t InitialHeapSize                          = 104857600                                 {product} {command line}
   size_t MaxHeapSize                              = 1073741824                                {product} {command line}
   size_t MaxNewSize                               = 357564416                                 {product} {ergonomic}
   size_t MinHeapDeltaBytes                        = 524288                                    {product} {ergonomic}
   size_t MinHeapSize                              = 104857600                                 {product} {command line}
   size_t NewSize                                  = 34603008                                  {product} {ergonomic}
    uintx NonNMethodCodeHeapSize                   = 5832780                                {pd product} {ergonomic}
    uintx NonProfiledCodeHeapSize                  = 122912730                              {pd product} {ergonomic}
   size_t OldSize                                  = 70254592                                  {product} {ergonomic}
    uintx ProfiledCodeHeapSize                     = 122912730                              {pd product} {ergonomic}
    uintx ReservedCodeCacheSize                    = 251658240                              {pd product} {ergonomic}
     bool SegmentedCodeCache                       = true                                      {product} {ergonomic}
   size_t SoftMaxHeapSize                          = 1073741824                             {manageable} {ergonomic}
     bool UseCompressedClassPointers               = true                           {product lp64_product} {ergonomic}
     bool UseCompressedOops                        = true                           {product lp64_product} {ergonomic}
     bool UseLargePagesIndividualAllocation        = false                                  {pd product} {ergonomic}
     bool UseParallelGC                            = true                                      {product} {command line}

Logging:
Log output configuration:
 #0: stdout all=warning uptime,level,tags
 #1: stderr all=off uptime,level,tags

Environment Variables:
JAVA_HOME=C:\Program Files\Java\jdk-11.0.13
PATH=C:\Program Files\Common Files\Oracle\Java\javapath;C:\Windows\system32;C:\Windows;C:\Windows\System32\Wbem;C:\Windows\System32\WindowsPowerShell\v1.0\;C:\Windows\System32\OpenSSH\;C:\Program Files\nodejs\;C:\Program Files\dotnet\;C:\Program Files\Git\cmd;C:\Users\cervi\miniconda3;C:\Users\cervi\miniconda3\Library\mingw-w64\bin;C:\Users\cervi\miniconda3\Library\usr\bin;C:\Users\cervi\miniconda3\Library\bin;C:\Users\cervi\miniconda3\Scripts;C:\Users\cervi\AppData\Local\Programs\Python\Python310\Scripts\;C:\Users\cervi\AppData\Local\Programs\Python\Python310\;C:\Users\cervi\AppData\Local\Microsoft\WindowsApps;C:\Users\cervi\AppData\Roaming\npm;C:\Users\cervi\AppData\Local\Programs\Microsoft VS Code\bin;C:\Users\cervi\.dotnet\tools;C:\Users\cervi\AppData\Local\Android\Sdk\platform-tools;C:\Users\cervi\AppData\Local\Android\Sdk\tools;C:\Program Files\Java\jdk-11.0.13\bin;C:\Program Files\Java\jre1.8.0_311\bin;C:\gradle\bin;C:\Program Files (x86)\FreeArc\bin
USERNAME=cervi
OS=Windows_NT
PROCESSOR_IDENTIFIER=Intel64 Family 6 Model 142 Stepping 10, GenuineIntel



---------------  S Y S T E M  ---------------

OS:
 Windows 10 , 64 bit Build 22000 (10.0.22000.434)
OS uptime: 3 days 23:37 hours

CPU: total 4 (initial active 4) (2 cores per cpu, 2 threads per core) family 6 model 142 stepping 10 microcode 0xe0, cx8, cmov, fxsr, ht, mmx, 3dnowpref, sse, sse2, sse3, ssse3, sse4.1, sse4.2, popcnt, lzcnt, tsc, tscinvbit, avx, avx2, aes, erms, clmul, bmi1, bmi2, adx, fma, vzeroupper, clflush, clflushopt

Memory: 4k page, system-wide physical 3973M (284M free)
TotalPageFile size 16261M (AvailPageFile size 11M)
current process WorkingSet (physical memory assigned to process): 186M, peak: 194M
current process commit charge ("private bytes"): 262M, peak: 270M

vm_info: OpenJDK 64-Bit Server VM (17.0.1+12) for windows-amd64 JRE (17.0.1+12), built on Oct 20 2021 07:42:55 by "" with MS VC++ 16.7 (VS2019)

END.
