#
# There is insufficient memory for the Java Runtime Environment to continue.
# Native memory allocation (mmap) failed to map 67108864 bytes for Failed to commit area from 0x00000000c1e00000 to 0x00000000c5e00000 of length 67108864.
# Possible reasons:
#   The system is out of physical RAM or swap space
#   The process is running with CompressedOops enabled, and the Java Heap may be blocking the growth of the native heap
# Possible solutions:
#   Reduce memory load on the system
#   Increase physical memory or swap space
#   Check if swap backing store is full
#   Decrease Java heap size (-Xmx/-Xms)
#   Decrease number of Java threads
#   Decrease Java thread stack sizes (-Xss)
#   Set larger code cache with -XX:ReservedCodeCacheSize=
# This output file may be truncated or incomplete.
#
#  Out of Memory Error (./open/src/hotspot/os/windows/os_windows.cpp:3276), pid=10184, tid=20012
#
# JRE version:  (11.0.13+10) (build )
# Java VM: Java HotSpot(TM) 64-Bit Server VM (11.0.13+10-LTS-370, mixed mode, sharing, tiered, compressed oops, g1 gc, windows-amd64)
# No core dump will be written. Minidumps are not enabled by default on client versions of Windows
#

---------------  S U M M A R Y ------------

Command Line: org.jetbrains.kotlin.cli.jvm.K2JVMCompiler @C:\Users\cervi\Desktop\react-native-projects\SCManga2\node_modules\react-native-screens\android\build\20220206_7162203197737817686.compiler.options

Host: Intel(R) Core(TM) i3-7020U CPU @ 2.30GHz, 4 cores, 3G,  Windows 10 , 64 bit Build 22000 (10.0.22000.434)
Time: Sun Feb  6 18:58:02 2022 Hora estándar de Argentina elapsed time: 0.073674 seconds (0d 0h 0m 0s)

---------------  T H R E A D  ---------------

Current thread (0x0000020af44c7800):  JavaThread "Unknown thread" [_thread_in_vm, id=20012, stack(0x000000dc55c00000,0x000000dc55d00000)]

Stack: [0x000000dc55c00000,0x000000dc55d00000]
Native frames: (J=compiled Java code, j=interpreted, Vv=VM code, C=native code)
V  [jvm.dll+0x62870a]
V  [jvm.dll+0x761f2f]
V  [jvm.dll+0x7635d9]
V  [jvm.dll+0x763c63]
V  [jvm.dll+0x23d728]
V  [jvm.dll+0x625aba]
V  [jvm.dll+0x61a855]
V  [jvm.dll+0x2f242c]
V  [jvm.dll+0x2f22b2]
V  [jvm.dll+0x2f6fd6]
V  [jvm.dll+0x3395ff]
V  [jvm.dll+0x339030]
V  [jvm.dll+0x2cfa38]
V  [jvm.dll+0x2d0ba6]
V  [jvm.dll+0x73c547]
V  [jvm.dll+0x73dddf]
V  [jvm.dll+0x346369]
V  [jvm.dll+0x721e60]
V  [jvm.dll+0x3b500f]
V  [jvm.dll+0x3b7121]
C  [jli.dll+0x5207]
C  [ucrtbase.dll+0x26c0c]
C  [KERNEL32.DLL+0x154e0]
C  [ntdll.dll+0x485b]


---------------  P R O C E S S  ---------------

Threads class SMR info:
_java_thread_list=0x0000020af2229970, length=0, elements={
}

Java Threads: ( => current thread )

Other Threads:
  0x0000020af44d7800 GCTaskThread "GC Thread#0" [stack: 0x000000dc55d00000,0x000000dc55e00000] [id=20444]
  0x0000020af44f3000 ConcurrentGCThread "G1 Main Marker" [stack: 0x000000dc55e00000,0x000000dc55f00000] [id=18888]
  0x0000020af44f4000 ConcurrentGCThread "G1 Conc#0" [stack: 0x000000dc55f00000,0x000000dc56000000] [id=14828]

[error occurred during error reporting (printing all threads), id 0xc0000005, EXCEPTION_ACCESS_VIOLATION (0xc0000005) at pc=0x00007ffc54f5ecc7]

VM state:not at safepoint (not fully initialized)

VM Mutex/Monitor currently owned by a thread:  ([mutex/lock_event])
[0x0000020af44c5240] Heap_lock - owner thread: 0x0000020af44c7800

Heap address: 0x00000000c1e00000, size: 994 MB, Compressed Oops mode: Non-zero based: 0x00000000c1e00000
Narrow klass base: 0x0000000000000000, Narrow klass shift: 0

GC Heap History (0 events):
No events

Deoptimization events (0 events):
No events

Classes redefined (0 events):
No events

Internal exceptions (0 events):
No events

Events (0 events):
No events


Dynamic libraries:
0x00007ff6a31c0000 - 0x00007ff6a31cf000 	C:\Program Files\Java\jdk-11.0.13\bin\java.exe
0x00007ffcab020000 - 0x00007ffcab229000 	C:\Windows\SYSTEM32\ntdll.dll
0x00007ffca9bf0000 - 0x00007ffca9cad000 	C:\Windows\System32\KERNEL32.DLL
0x00007ffca8980000 - 0x00007ffca8cf4000 	C:\Windows\System32\KERNELBASE.dll
0x00007ffca8d00000 - 0x00007ffca8e11000 	C:\Windows\System32\ucrtbase.dll
0x00007ffca0220000 - 0x00007ffca0238000 	C:\Program Files\Java\jdk-11.0.13\bin\jli.dll
0x00007ffca9790000 - 0x00007ffca983e000 	C:\Windows\System32\ADVAPI32.dll
0x00007ffca9130000 - 0x00007ffca91d3000 	C:\Windows\System32\msvcrt.dll
0x00007ffca9b50000 - 0x00007ffca9bee000 	C:\Windows\System32\sechost.dll
0x00007ffca8ec0000 - 0x00007ffca8fe0000 	C:\Windows\System32\RPCRT4.dll
0x00007ffca9cd0000 - 0x00007ffca9e7c000 	C:\Windows\System32\USER32.dll
0x00007ffca88d0000 - 0x00007ffca88f6000 	C:\Windows\System32\win32u.dll
0x00007ffca9300000 - 0x00007ffca9329000 	C:\Windows\System32\GDI32.dll
0x00007ffca8510000 - 0x00007ffca8622000 	C:\Windows\System32\gdi32full.dll
0x00007ffca8e20000 - 0x00007ffca8ebd000 	C:\Windows\System32\msvcp_win.dll
0x00007ffca01e0000 - 0x00007ffca01f5000 	C:\Program Files\Java\jdk-11.0.13\bin\VCRUNTIME140.dll
0x00007ffc8f510000 - 0x00007ffc8f7b5000 	C:\Windows\WinSxS\amd64_microsoft.windows.common-controls_6595b64144ccf1df_6.0.22000.120_none_9d947278b86cc467\COMCTL32.dll
0x00007ffca28d0000 - 0x00007ffca28da000 	C:\Windows\SYSTEM32\VERSION.dll
0x00007ffca90f0000 - 0x00007ffca9121000 	C:\Windows\System32\IMM32.DLL
0x00007ffc87130000 - 0x00007ffc871cb000 	C:\Program Files\Java\jdk-11.0.13\bin\msvcp140.dll
0x00007ffc54c80000 - 0x00007ffc55793000 	C:\Program Files\Java\jdk-11.0.13\bin\server\jvm.dll
0x00007ffca9290000 - 0x00007ffca9298000 	C:\Windows\System32\PSAPI.DLL
0x00007ffca03b0000 - 0x00007ffca03b9000 	C:\Windows\SYSTEM32\WSOCK32.dll
0x00007ffca9850000 - 0x00007ffca98bf000 	C:\Windows\System32\WS2_32.dll
0x00007ffca3380000 - 0x00007ffca33b3000 	C:\Windows\SYSTEM32\WINMM.dll
0x00007ffca7610000 - 0x00007ffca7628000 	C:\Windows\SYSTEM32\kernel.appcore.dll
0x00007ffca0210000 - 0x00007ffca0220000 	C:\Program Files\Java\jdk-11.0.13\bin\verify.dll
0x00007ffc9fb20000 - 0x00007ffc9fd41000 	C:\Windows\SYSTEM32\DBGHELP.DLL
0x00007ffc9fa80000 - 0x00007ffc9fab1000 	C:\Windows\SYSTEM32\dbgcore.DLL
0x00007ffca8900000 - 0x00007ffca897f000 	C:\Windows\System32\bcryptPrimitives.dll
0x00007ffc9a120000 - 0x00007ffc9a148000 	C:\Program Files\Java\jdk-11.0.13\bin\java.dll
0x00007ffca01b0000 - 0x00007ffca01ba000 	C:\Program Files\Java\jdk-11.0.13\bin\jimage.dll
0x00007ffc94150000 - 0x00007ffc94166000 	C:\Program Files\Java\jdk-11.0.13\bin\zip.dll

dbghelp: loaded successfully - version: 4.0.5 - missing functions: none
symbol engine: initialized successfully - sym options: 0x614 - pdb path: .;C:\Program Files\Java\jdk-11.0.13\bin;C:\Windows\SYSTEM32;C:\Windows\WinSxS\amd64_microsoft.windows.common-controls_6595b64144ccf1df_6.0.22000.120_none_9d947278b86cc467;C:\Program Files\Java\jdk-11.0.13\bin\server

VM Arguments:
java_command: org.jetbrains.kotlin.cli.jvm.K2JVMCompiler @C:\Users\cervi\Desktop\react-native-projects\SCManga2\node_modules\react-native-screens\android\build\20220206_7162203197737817686.compiler.options
java_class_path (initial): C:\Users\cervi\.gradle\caches\modules-2\files-2.1\org.jetbrains.kotlin\kotlin-compiler-embeddable\1.4.10\38c4b99d5d5362debdd9302a866730379aa2328a\kotlin-compiler-embeddable-1.4.10.jar;C:\Users\cervi\.gradle\caches\modules-2\files-2.1\org.jetbrains.kotlin\kotlin-reflect\1.4.10\e2b3c6695eee6085e606d96d685396dce23a3a06\kotlin-reflect-1.4.10.jar;C:\Users\cervi\.gradle\caches\modules-2\files-2.1\org.jetbrains.kotlin\kotlin-stdlib\1.4.10\ea29e063d2bbe695be13e9d044dcfb0c7add398e\kotlin-stdlib-1.4.10.jar;C:\Users\cervi\.gradle\caches\modules-2\files-2.1\org.jetbrains.kotlin\kotlin-script-runtime\1.4.10\7c19d9c2001e016cd7664cebe9eea66fc04a7f4f\kotlin-script-runtime-1.4.10.jar;C:\Users\cervi\.gradle\caches\modules-2\files-2.1\org.jetbrains.kotlin\kotlin-daemon-embeddable\1.4.10\dbd67f42bed28043d17d7c860b06110a00a45970\kotlin-daemon-embeddable-1.4.10.jar;C:\Users\cervi\.gradle\caches\modules-2\files-2.1\org.jetbrains.intellij.deps\trove4j\1.0.20181211\216c2e14b070f334479d800987affe4054cd563f\trove4j-1.0.20181211.jar;C:\Users\cervi\.gradle\caches\modules-2\files-2.1\org.jetbrains.kotlin\kotlin-stdlib-common\1.4.10\6229be3465805c99db1142ad75e6c6ddeac0b04c\kotlin-stdlib-common-1.4.10.jar;C:\Users\cervi\.gradle\caches\modules-2\files-2.1\org.jetbrains\annotations\13.0\919f0dfe192fb4e063e7dacadee7f8bb9a2672a9\annotations-13.0.jar
Launcher Type: SUN_STANDARD

[Global flags]
     intx CICompilerCount                          = 3                                         {product} {ergonomic}
     uint ConcGCThreads                            = 1                                         {product} {ergonomic}
     uint G1ConcRefinementThreads                  = 4                                         {product} {ergonomic}
   size_t G1HeapRegionSize                         = 1048576                                   {product} {ergonomic}
    uintx GCDrainStackTargetSize                   = 64                                        {product} {ergonomic}
   size_t InitialHeapSize                          = 67108864                                  {product} {ergonomic}
   size_t MarkStackSize                            = 4194304                                   {product} {ergonomic}
   size_t MaxHeapSize                              = 1042284544                                {product} {ergonomic}
   size_t MinHeapDeltaBytes                        = 1048576                                   {product} {ergonomic}
    uintx NonNMethodCodeHeapSize                   = 5830732                                {pd product} {ergonomic}
    uintx NonProfiledCodeHeapSize                  = 122913754                              {pd product} {ergonomic}
    uintx ProfiledCodeHeapSize                     = 122913754                              {pd product} {ergonomic}
    uintx ReservedCodeCacheSize                    = 251658240                              {pd product} {ergonomic}
     bool SegmentedCodeCache                       = true                                      {product} {ergonomic}
     bool UseCompressedClassPointers               = true                                 {lp64_product} {ergonomic}
     bool UseCompressedOops                        = true                                 {lp64_product} {ergonomic}
     bool UseG1GC                                  = true                                      {product} {ergonomic}
     bool UseLargePagesIndividualAllocation        = false                                  {pd product} {ergonomic}

Logging:
Log output configuration:
 #0: stdout all=warning uptime,level,tags
 #1: stderr all=off uptime,level,tags

Environment Variables:
JAVA_HOME=C:\Program Files\Java\jdk-11.0.13
JRE_HOME=C:\Program Files\Java\jre1.8.0_311
CLASSPATH=C:\Users\cervi\Desktop\react-native-projects\SCManga2\android\\gradle\wrapper\gradle-wrapper.jar
PATH=C:\Users\cervi\Desktop\react-native-projects\SCManga2\android\node_modules\.bin;C:\Users\cervi\Desktop\react-native-projects\SCManga2\node_modules\.bin;C:\Users\cervi\Desktop\react-native-projects\node_modules\.bin;C:\Users\cervi\Desktop\node_modules\.bin;C:\Users\cervi\node_modules\.bin;C:\Users\node_modules\.bin;C:\node_modules\.bin;C:\Program Files\nodejs;C:\Users\cervi\AppData\Local\Temp\yarn--1644184467885-0.5108665452750587;C:\Users\cervi\Desktop\react-native-projects\SCManga2\node_modules\.bin;C:\Users\cervi\AppData\Local\Yarn\Data\link\node_modules\.bin;C:\Users\cervi\AppData\Local\Yarn\bin;C:\Program Files\libexec\lib\node_modules\npm\bin\node-gyp-bin;C:\Program Files\lib\node_modules\npm\bin\node-gyp-bin;C:\Program Files\nodejs\node_modules\npm\bin\node-gyp-bin;C:\Program Files\Common Files\Oracle\Java\javapath;C:\Windows\system32;C:\Windows;C:\Windows\System32\Wbem;C:\Windows\System32\WindowsPowerShell\v1.0\;C:\Windows\System32\OpenSSH\;C:\Program Files\nodejs\;C:\Program Files\dotnet\;C:\Program Files\Git\cmd;C:\Users\cervi\miniconda3;C:\Users\cervi\miniconda3\Library\mingw-w64\bin;C:\Users\cervi\miniconda3\Library\usr\bin;C:\Users\cervi\miniconda3\Library\bin;C:\Users\cervi\miniconda3\Scripts;C:\Users\cervi\AppData\Local\Programs\Python\Python310\Scripts\;C:\Users\cervi\AppData\Local\Programs\Python\Python310\;C:\Users\cervi\AppData\Local\Microsoft\WindowsApps;C:\Users\cervi\AppData\Roaming\npm;C:\Users\cervi\AppData\Local\Programs\Microsoft VS Code\bin;C:\Users\cervi\.dotnet\tools;C:\Users\cervi\AppData\Local\Android\Sdk\platform-tools;C:\Users\cervi\AppData\Local\Android\Sdk\tools;C:\Program Files\Java\jdk-11.0.13\bin;C:\Program Files\Java\jre1.8.0_311\bin;C:\gradle\bin;C:\Program Files (x86)\FreeArc\bin
USERNAME=cervi
OS=Windows_NT
PROCESSOR_IDENTIFIER=Intel64 Family 6 Model 142 Stepping 10, GenuineIntel



---------------  S Y S T E M  ---------------

OS: Windows 10 , 64 bit Build 22000 (10.0.22000.434)

CPU:total 4 (initial active 4) (2 cores per cpu, 2 threads per core) family 6 model 142 stepping 10 microcode 0xe0, cmov, cx8, fxsr, mmx, sse, sse2, sse3, ssse3, sse4.1, sse4.2, popcnt, avx, avx2, aes, clmul, erms, 3dnowpref, lzcnt, ht, tsc, tscinvbit, bmi1, bmi2, adx, fma

Memory: 4k page, system-wide physical 3973M (304M free)
TotalPageFile size 16261M (AvailPageFile size 14M)
current process WorkingSet (physical memory assigned to process): 9M, peak: 9M
current process commit charge ("private bytes"): 51M, peak: 115M

vm_info: Java HotSpot(TM) 64-Bit Server VM (11.0.13+10-LTS-370) for windows-amd64 JRE (11.0.13+10-LTS-370), built on Sep 15 2021 22:10:36 by "mach5one" with MS VC++ 15.9 (VS2017)

END.
