#
# There is insufficient memory for the Java Runtime Environment to continue.
# Native memory allocation (malloc) failed to allocate 303376 bytes for Chunk::new
# Possible reasons:
#   The system is out of physical RAM or swap space
#   The process is running with CompressedOops enabled, and the Java Heap may be blocking the growth of the native heap
# Possible solutions:
#   Reduce memory load on the system
#   Increase physical memory or swap space
#   Check if swap backing store is full
#   Decrease Java heap size (-Xmx/-Xms)
#   Decrease number of Java threads
#   Decrease Java thread stack sizes (-Xss)
#   Set larger code cache with -XX:ReservedCodeCacheSize=
#   JVM is running with Unscaled Compressed Oops mode in which the Java heap is
#     placed in the first 4GB address space. The Java Heap base address is the
#     maximum limit for the native heap growth. Please use -XX:HeapBaseMinAddress
#     to set the Java Heap base and to place the Java Heap above 4GB virtual address.
# This output file may be truncated or incomplete.
#
#  Out of Memory Error (./open/src/hotspot/share/memory/arena.cpp:197), pid=19928, tid=13284
#
# JRE version: Java(TM) SE Runtime Environment 18.9 (11.0.13+10) (build 11.0.13+10-LTS-370)
# Java VM: Java HotSpot(TM) 64-Bit Server VM 18.9 (11.0.13+10-LTS-370, mixed mode, tiered, compressed oops, g1 gc, windows-amd64)
# No core dump will be written. Minidumps are not enabled by default on client versions of Windows
#

---------------  S U M M A R Y ------------

Command Line: -Xmx64m -Xms64m -Dorg.gradle.appname=gradlew org.gradle.wrapper.GradleWrapperMain app:installDebug -PreactNativeDevServerPort=8081

Host: Intel(R) Core(TM) i3-7020U CPU @ 2.30GHz, 4 cores, 3G,  Windows 10 , 64 bit Build 22000 (10.0.22000.434)
Time: Sun Feb  6 18:53:07 2022 Hora estándar de Argentina elapsed time: 1.062291 seconds (0d 0h 0m 1s)

---------------  T H R E A D  ---------------

Current thread (0x0000028dea256800):  JavaThread "C2 CompilerThread0" daemon [_thread_in_native, id=13284, stack(0x000000ae7d500000,0x000000ae7d600000)]


Current CompileTask:
C2:   1062  451       4       java.util.HashMap::putVal (300 bytes)

Stack: [0x000000ae7d500000,0x000000ae7d600000]
Native frames: (J=compiled Java code, j=interpreted, Vv=VM code, C=native code)
V  [jvm.dll+0x62870a]
V  [jvm.dll+0x761f2f]
V  [jvm.dll+0x7635d9]
V  [jvm.dll+0x763c63]
V  [jvm.dll+0x23d728]
V  [jvm.dll+0xb293c]
V  [jvm.dll+0xb2efc]
V  [jvm.dll+0x3408b7]
V  [jvm.dll+0x30e603]
V  [jvm.dll+0x30d94a]
V  [jvm.dll+0x1f8255]
V  [jvm.dll+0x1f743d]
V  [jvm.dll+0x177991]
V  [jvm.dll+0x206d84]
V  [jvm.dll+0x204ebb]
V  [jvm.dll+0x727e70]
V  [jvm.dll+0x720a54]
V  [jvm.dll+0x627606]
C  [ucrtbase.dll+0x26c0c]
C  [KERNEL32.DLL+0x154e0]
C  [ntdll.dll+0x485b]


---------------  P R O C E S S  ---------------

Threads class SMR info:
_java_thread_list=0x0000028dea4f7310, length=10, elements={
0x0000028dd0d20000, 0x0000028dea1c4800, 0x0000028dea1c6000, 0x0000028dea243000,
0x0000028dea248000, 0x0000028dea24b000, 0x0000028dea256800, 0x0000028dea27c000,
0x0000028dea27f800, 0x0000028dea51e800
}

Java Threads: ( => current thread )
  0x0000028dd0d20000 JavaThread "main" [_thread_in_Java, id=10496, stack(0x000000ae7c900000,0x000000ae7ca00000)]
  0x0000028dea1c4800 JavaThread "Reference Handler" daemon [_thread_blocked, id=15568, stack(0x000000ae7d000000,0x000000ae7d100000)]
  0x0000028dea1c6000 JavaThread "Finalizer" daemon [_thread_blocked, id=14540, stack(0x000000ae7d100000,0x000000ae7d200000)]
  0x0000028dea243000 JavaThread "Signal Dispatcher" daemon [_thread_blocked, id=19600, stack(0x000000ae7d200000,0x000000ae7d300000)]
  0x0000028dea248000 JavaThread "Attach Listener" daemon [_thread_blocked, id=13244, stack(0x000000ae7d300000,0x000000ae7d400000)]
  0x0000028dea24b000 JavaThread "Service Thread" daemon [_thread_blocked, id=17060, stack(0x000000ae7d400000,0x000000ae7d500000)]
=>0x0000028dea256800 JavaThread "C2 CompilerThread0" daemon [_thread_in_native, id=13284, stack(0x000000ae7d500000,0x000000ae7d600000)]
  0x0000028dea27c000 JavaThread "C1 CompilerThread0" daemon [_thread_blocked, id=15060, stack(0x000000ae7d600000,0x000000ae7d700000)]
  0x0000028dea27f800 JavaThread "Sweeper thread" daemon [_thread_blocked, id=5748, stack(0x000000ae7d700000,0x000000ae7d800000)]
  0x0000028dea51e800 JavaThread "Common-Cleaner" daemon [_thread_blocked, id=19800, stack(0x000000ae7d900000,0x000000ae7da00000)]

Other Threads:
  0x0000028dea1a8000 VMThread "VM Thread" [stack: 0x000000ae7cf00000,0x000000ae7d000000] [id=18008]
  0x0000028dea51d800 WatcherThread [stack: 0x000000ae7d800000,0x000000ae7d900000] [id=5884]
  0x0000028dd0d34800 GCTaskThread "GC Thread#0" [stack: 0x000000ae7ca00000,0x000000ae7cb00000] [id=8436]
  0x0000028dd0d3c800 ConcurrentGCThread "G1 Main Marker" [stack: 0x000000ae7cb00000,0x000000ae7cc00000] [id=11120]
  0x0000028dd0d40800 ConcurrentGCThread "G1 Conc#0" [stack: 0x000000ae7cc00000,0x000000ae7cd00000] [id=13776]
  0x0000028dd0d9a800 ConcurrentGCThread "G1 Refine#0" [stack: 0x000000ae7cd00000,0x000000ae7ce00000] [id=17096]
  0x0000028dd0d9b800 ConcurrentGCThread "G1 Young RemSet Sampling" [stack: 0x000000ae7ce00000,0x000000ae7cf00000] [id=11328]

Threads with active compile tasks:
C2 CompilerThread0   1134  451       4       java.util.HashMap::putVal (300 bytes)

VM state:not at safepoint (normal execution)

VM Mutex/Monitor currently owned by a thread: None

Heap address: 0x00000000fc000000, size: 64 MB, Compressed Oops mode: 32-bit
Narrow klass base: 0x0000000000000000, Narrow klass shift: 3
Compressed class space size: 1073741824 Address: 0x0000000100000000

Heap:
 garbage-first heap   total 65536K, used 11264K [0x00000000fc000000, 0x0000000100000000)
  region size 1024K, 10 young (10240K), 0 survivors (0K)
 Metaspace       used 7366K, capacity 7524K, committed 7680K, reserved 1056768K
  class space    used 650K, capacity 718K, committed 768K, reserved 1048576K
Heap Regions: E=young(eden), S=young(survivor), O=old, HS=humongous(starts), HC=humongous(continues), CS=collection set, F=free, A=archive, TAMS=top-at-mark-start (previous, next)
|   0|0x00000000fc000000, 0x00000000fc100000, 0x00000000fc100000|100%|HS|  |TAMS 0x00000000fc000000, 0x00000000fc000000| Complete 
|   1|0x00000000fc100000, 0x00000000fc200000, 0x00000000fc200000|100%|HC|  |TAMS 0x00000000fc100000, 0x00000000fc100000| Complete 
|   2|0x00000000fc200000, 0x00000000fc300000, 0x00000000fc300000|100%|HC|  |TAMS 0x00000000fc200000, 0x00000000fc200000| Complete 
|   3|0x00000000fc300000, 0x00000000fc300000, 0x00000000fc400000|  0%| F|  |TAMS 0x00000000fc300000, 0x00000000fc300000| Untracked 
|   4|0x00000000fc400000, 0x00000000fc400000, 0x00000000fc500000|  0%| F|  |TAMS 0x00000000fc400000, 0x00000000fc400000| Untracked 
|   5|0x00000000fc500000, 0x00000000fc500000, 0x00000000fc600000|  0%| F|  |TAMS 0x00000000fc500000, 0x00000000fc500000| Untracked 
|   6|0x00000000fc600000, 0x00000000fc600000, 0x00000000fc700000|  0%| F|  |TAMS 0x00000000fc600000, 0x00000000fc600000| Untracked 
|   7|0x00000000fc700000, 0x00000000fc700000, 0x00000000fc800000|  0%| F|  |TAMS 0x00000000fc700000, 0x00000000fc700000| Untracked 
|   8|0x00000000fc800000, 0x00000000fc800000, 0x00000000fc900000|  0%| F|  |TAMS 0x00000000fc800000, 0x00000000fc800000| Untracked 
|   9|0x00000000fc900000, 0x00000000fc900000, 0x00000000fca00000|  0%| F|  |TAMS 0x00000000fc900000, 0x00000000fc900000| Untracked 
|  10|0x00000000fca00000, 0x00000000fca00000, 0x00000000fcb00000|  0%| F|  |TAMS 0x00000000fca00000, 0x00000000fca00000| Untracked 
|  11|0x00000000fcb00000, 0x00000000fcb00000, 0x00000000fcc00000|  0%| F|  |TAMS 0x00000000fcb00000, 0x00000000fcb00000| Untracked 
|  12|0x00000000fcc00000, 0x00000000fcc00000, 0x00000000fcd00000|  0%| F|  |TAMS 0x00000000fcc00000, 0x00000000fcc00000| Untracked 
|  13|0x00000000fcd00000, 0x00000000fcd00000, 0x00000000fce00000|  0%| F|  |TAMS 0x00000000fcd00000, 0x00000000fcd00000| Untracked 
|  14|0x00000000fce00000, 0x00000000fce00000, 0x00000000fcf00000|  0%| F|  |TAMS 0x00000000fce00000, 0x00000000fce00000| Untracked 
|  15|0x00000000fcf00000, 0x00000000fcf00000, 0x00000000fd000000|  0%| F|  |TAMS 0x00000000fcf00000, 0x00000000fcf00000| Untracked 
|  16|0x00000000fd000000, 0x00000000fd000000, 0x00000000fd100000|  0%| F|  |TAMS 0x00000000fd000000, 0x00000000fd000000| Untracked 
|  17|0x00000000fd100000, 0x00000000fd100000, 0x00000000fd200000|  0%| F|  |TAMS 0x00000000fd100000, 0x00000000fd100000| Untracked 
|  18|0x00000000fd200000, 0x00000000fd200000, 0x00000000fd300000|  0%| F|  |TAMS 0x00000000fd200000, 0x00000000fd200000| Untracked 
|  19|0x00000000fd300000, 0x00000000fd300000, 0x00000000fd400000|  0%| F|  |TAMS 0x00000000fd300000, 0x00000000fd300000| Untracked 
|  20|0x00000000fd400000, 0x00000000fd400000, 0x00000000fd500000|  0%| F|  |TAMS 0x00000000fd400000, 0x00000000fd400000| Untracked 
|  21|0x00000000fd500000, 0x00000000fd500000, 0x00000000fd600000|  0%| F|  |TAMS 0x00000000fd500000, 0x00000000fd500000| Untracked 
|  22|0x00000000fd600000, 0x00000000fd600000, 0x00000000fd700000|  0%| F|  |TAMS 0x00000000fd600000, 0x00000000fd600000| Untracked 
|  23|0x00000000fd700000, 0x00000000fd700000, 0x00000000fd800000|  0%| F|  |TAMS 0x00000000fd700000, 0x00000000fd700000| Untracked 
|  24|0x00000000fd800000, 0x00000000fd800000, 0x00000000fd900000|  0%| F|  |TAMS 0x00000000fd800000, 0x00000000fd800000| Untracked 
|  25|0x00000000fd900000, 0x00000000fd900000, 0x00000000fda00000|  0%| F|  |TAMS 0x00000000fd900000, 0x00000000fd900000| Untracked 
|  26|0x00000000fda00000, 0x00000000fda00000, 0x00000000fdb00000|  0%| F|  |TAMS 0x00000000fda00000, 0x00000000fda00000| Untracked 
|  27|0x00000000fdb00000, 0x00000000fdb00000, 0x00000000fdc00000|  0%| F|  |TAMS 0x00000000fdb00000, 0x00000000fdb00000| Untracked 
|  28|0x00000000fdc00000, 0x00000000fdc00000, 0x00000000fdd00000|  0%| F|  |TAMS 0x00000000fdc00000, 0x00000000fdc00000| Untracked 
|  29|0x00000000fdd00000, 0x00000000fdd00000, 0x00000000fde00000|  0%| F|  |TAMS 0x00000000fdd00000, 0x00000000fdd00000| Untracked 
|  30|0x00000000fde00000, 0x00000000fde00000, 0x00000000fdf00000|  0%| F|  |TAMS 0x00000000fde00000, 0x00000000fde00000| Untracked 
|  31|0x00000000fdf00000, 0x00000000fdf00000, 0x00000000fe000000|  0%| F|  |TAMS 0x00000000fdf00000, 0x00000000fdf00000| Untracked 
|  32|0x00000000fe000000, 0x00000000fe000000, 0x00000000fe100000|  0%| F|  |TAMS 0x00000000fe000000, 0x00000000fe000000| Untracked 
|  33|0x00000000fe100000, 0x00000000fe100000, 0x00000000fe200000|  0%| F|  |TAMS 0x00000000fe100000, 0x00000000fe100000| Untracked 
|  34|0x00000000fe200000, 0x00000000fe200000, 0x00000000fe300000|  0%| F|  |TAMS 0x00000000fe200000, 0x00000000fe200000| Untracked 
|  35|0x00000000fe300000, 0x00000000fe300000, 0x00000000fe400000|  0%| F|  |TAMS 0x00000000fe300000, 0x00000000fe300000| Untracked 
|  36|0x00000000fe400000, 0x00000000fe400000, 0x00000000fe500000|  0%| F|  |TAMS 0x00000000fe400000, 0x00000000fe400000| Untracked 
|  37|0x00000000fe500000, 0x00000000fe500000, 0x00000000fe600000|  0%| F|  |TAMS 0x00000000fe500000, 0x00000000fe500000| Untracked 
|  38|0x00000000fe600000, 0x00000000fe600000, 0x00000000fe700000|  0%| F|  |TAMS 0x00000000fe600000, 0x00000000fe600000| Untracked 
|  39|0x00000000fe700000, 0x00000000fe700000, 0x00000000fe800000|  0%| F|  |TAMS 0x00000000fe700000, 0x00000000fe700000| Untracked 
|  40|0x00000000fe800000, 0x00000000fe800000, 0x00000000fe900000|  0%| F|  |TAMS 0x00000000fe800000, 0x00000000fe800000| Untracked 
|  41|0x00000000fe900000, 0x00000000fe900000, 0x00000000fea00000|  0%| F|  |TAMS 0x00000000fe900000, 0x00000000fe900000| Untracked 
|  42|0x00000000fea00000, 0x00000000fea00000, 0x00000000feb00000|  0%| F|  |TAMS 0x00000000fea00000, 0x00000000fea00000| Untracked 
|  43|0x00000000feb00000, 0x00000000feb00000, 0x00000000fec00000|  0%| F|  |TAMS 0x00000000feb00000, 0x00000000feb00000| Untracked 
|  44|0x00000000fec00000, 0x00000000fec00000, 0x00000000fed00000|  0%| F|  |TAMS 0x00000000fec00000, 0x00000000fec00000| Untracked 
|  45|0x00000000fed00000, 0x00000000fed00000, 0x00000000fee00000|  0%| F|  |TAMS 0x00000000fed00000, 0x00000000fed00000| Untracked 
|  46|0x00000000fee00000, 0x00000000fee00000, 0x00000000fef00000|  0%| F|  |TAMS 0x00000000fee00000, 0x00000000fee00000| Untracked 
|  47|0x00000000fef00000, 0x00000000fef00000, 0x00000000ff000000|  0%| F|  |TAMS 0x00000000fef00000, 0x00000000fef00000| Untracked 
|  48|0x00000000ff000000, 0x00000000ff000000, 0x00000000ff100000|  0%| F|  |TAMS 0x00000000ff000000, 0x00000000ff000000| Untracked 
|  49|0x00000000ff100000, 0x00000000ff100000, 0x00000000ff200000|  0%| F|  |TAMS 0x00000000ff100000, 0x00000000ff100000| Untracked 
|  50|0x00000000ff200000, 0x00000000ff200000, 0x00000000ff300000|  0%| F|  |TAMS 0x00000000ff200000, 0x00000000ff200000| Untracked 
|  51|0x00000000ff300000, 0x00000000ff300000, 0x00000000ff400000|  0%| F|  |TAMS 0x00000000ff300000, 0x00000000ff300000| Untracked 
|  52|0x00000000ff400000, 0x00000000ff400000, 0x00000000ff500000|  0%| F|  |TAMS 0x00000000ff400000, 0x00000000ff400000| Untracked 
|  53|0x00000000ff500000, 0x00000000ff500000, 0x00000000ff600000|  0%| F|  |TAMS 0x00000000ff500000, 0x00000000ff500000| Untracked 
|  54|0x00000000ff600000, 0x00000000ff6d99d8, 0x00000000ff700000| 85%| E|  |TAMS 0x00000000ff600000, 0x00000000ff600000| Complete 
|  55|0x00000000ff700000, 0x00000000ff800000, 0x00000000ff800000|100%| E|CS|TAMS 0x00000000ff700000, 0x00000000ff700000| Complete 
|  56|0x00000000ff800000, 0x00000000ff900000, 0x00000000ff900000|100%| E|CS|TAMS 0x00000000ff800000, 0x00000000ff800000| Complete 
|  57|0x00000000ff900000, 0x00000000ffa00000, 0x00000000ffa00000|100%| E|CS|TAMS 0x00000000ff900000, 0x00000000ff900000| Complete 
|  58|0x00000000ffa00000, 0x00000000ffb00000, 0x00000000ffb00000|100%| E|CS|TAMS 0x00000000ffa00000, 0x00000000ffa00000| Complete 
|  59|0x00000000ffb00000, 0x00000000ffc00000, 0x00000000ffc00000|100%| E|CS|TAMS 0x00000000ffb00000, 0x00000000ffb00000| Complete 
|  60|0x00000000ffc00000, 0x00000000ffd00000, 0x00000000ffd00000|100%| E|CS|TAMS 0x00000000ffc00000, 0x00000000ffc00000| Complete 
|  61|0x00000000ffd00000, 0x00000000ffe00000, 0x00000000ffe00000|100%| E|  |TAMS 0x00000000ffd00000, 0x00000000ffd00000| Complete 
|  62|0x00000000ffe00000, 0x00000000fff00000, 0x00000000fff00000|100%| E|CS|TAMS 0x00000000ffe00000, 0x00000000ffe00000| Complete 
|  63|0x00000000fff00000, 0x0000000100000000, 0x0000000100000000|100%| E|CS|TAMS 0x00000000fff00000, 0x00000000fff00000| Complete 

Card table byte_map: [0x0000028dd0b60000,0x0000028dd0b80000] _byte_map_base: 0x0000028dd0380000

Marking Bits (Prev, Next): (CMBitMap*) 0x0000028dd0d3b5f8, (CMBitMap*) 0x0000028dd0d3b630
 Prev Bits: [0x0000028dd0ba0000, 0x0000028dd0ca0000)
 Next Bits: [0x0000028de7350000, 0x0000028de7450000)

Polling page: 0x0000028dceed0000

Metaspace:

Usage:
  Non-class:      6.65 MB capacity,     6.56 MB ( 99%) used,    83.88 KB (  1%) free+waste,     5.38 KB ( <1%) overhead. 
      Class:    718.00 KB capacity,   650.12 KB ( 91%) used,    65.26 KB (  9%) free+waste,     2.63 KB ( <1%) overhead. 
       Both:      7.35 MB capacity,     7.19 MB ( 98%) used,   149.13 KB (  2%) free+waste,     8.00 KB ( <1%) overhead. 

Virtual space:
  Non-class space:        8.00 MB reserved,       6.75 MB ( 84%) committed 
      Class space:        1.00 GB reserved,     768.00 KB ( <1%) committed 
             Both:        1.01 GB reserved,       7.50 MB ( <1%) committed 

Chunk freelists:
   Non-Class:  5.25 KB
       Class:  2.25 KB
        Both:  7.50 KB

CodeHeap 'non-profiled nmethods': size=120064Kb used=133Kb max_used=133Kb free=119930Kb
 bounds [0x0000028ddfe10000, 0x0000028de0080000, 0x0000028de7350000]
CodeHeap 'profiled nmethods': size=120000Kb used=860Kb max_used=860Kb free=119139Kb
 bounds [0x0000028dd88e0000, 0x0000028dd8b50000, 0x0000028ddfe10000]
CodeHeap 'non-nmethods': size=5696Kb used=1062Kb max_used=1074Kb free=4633Kb
 bounds [0x0000028dd8350000, 0x0000028dd85c0000, 0x0000028dd88e0000]
 total_blobs=852 nmethods=498 adapters=266
 compilation: enabled
              stopped_count=0, restarted_count=0
 full_count=0

Compilation events (10 events):
Event: 1.039 Thread 0x0000028dea27c000 nmethod 468 0x0000028dd89a6e10 code [0x0000028dd89a6fc0, 0x0000028dd89a7228]
Event: 1.039 Thread 0x0000028dea27c000  467       3       jdk.internal.misc.Unsafe::getInt (7 bytes)
Event: 1.039 Thread 0x0000028dea27c000 nmethod 467 0x0000028dd89a7310 code [0x0000028dd89a74a0, 0x0000028dd89a75b8]
Event: 1.039 Thread 0x0000028dea27c000  469       3       java.lang.ref.Reference::clear (6 bytes)
Event: 1.039 Thread 0x0000028dea27c000 nmethod 469 0x0000028dd89a7690 code [0x0000028dd89a7820, 0x0000028dd89a7938]
Event: 1.040 Thread 0x0000028dea27c000  470       3       java.util.Arrays::copyOf (40 bytes)
Event: 1.041 Thread 0x0000028dea27c000 nmethod 470 0x0000028dd89a7a10 code [0x0000028dd89a7c00, 0x0000028dd89a82a8]
Event: 1.041 Thread 0x0000028dea27c000  471       3       java.io.File::isDirectory (43 bytes)
Event: 1.042 Thread 0x0000028dea27c000 nmethod 471 0x0000028dd89a8490 code [0x0000028dd89a8660, 0x0000028dd89a8a08]
Event: 1.043 Thread 0x0000028dea27c000  473       3       java.net.URI$Parser::scan (76 bytes)

GC Heap History (0 events):
No events

Deoptimization events (3 events):
Event: 0.144 Thread 0x0000028dd0d20000 Uncommon trap: reason=unstable_if action=reinterpret pc=0x0000028ddfe142fc method=java.lang.String.hashCode()I @ 14 c2
Event: 0.969 Thread 0x0000028dd0d20000 Uncommon trap: reason=unstable_if action=reinterpret pc=0x0000028ddfe1e260 method=java.util.zip.ZipFile$Source.checkUTF8([BII)V @ 12 c2
Event: 0.970 Thread 0x0000028dd0d20000 Uncommon trap: reason=unstable_if action=reinterpret pc=0x0000028ddfe2e2ac method=java.util.zip.ZipFile$Source.isMetaName([BII)Z @ 57 c2

Classes redefined (0 events):
No events

Internal exceptions (3 events):
Event: 0.448 Thread 0x0000028dd0d20000 Exception <a 'java/lang/NoSuchMethodError'{0x00000000ffdffb68}: java.lang.invoke.DirectMethodHandle$Holder.invokeStaticInit(Ljava/lang/Object;Ljava/lang/Object;)I> (0x00000000ffdffb68) thrown at [./open/src/hotspot/share/interpreter/linkResolver.cpp, line
Event: 0.546 Thread 0x0000028dd0d20000 Exception <a 'java/lang/NoSuchMethodError'{0x00000000ffcfa940}: java.lang.invoke.DirectMethodHandle$Holder.invokeSpecial(Ljava/lang/Object;Ljava/lang/Object;Ljava/lang/Object;Ljava/lang/Object;)I> (0x00000000ffcfa940) thrown at [./open/src/hotspot/share/i
Event: 0.594 Thread 0x0000028dd0d20000 Exception <a 'java/lang/NoSuchMethodError'{0x00000000ffb2deb0}: java.lang.invoke.DirectMethodHandle$Holder.invokeSpecialIFC(Ljava/lang/Object;Ljava/lang/Object;I)I> (0x00000000ffb2deb0) thrown at [./open/src/hotspot/share/interpreter/linkResolver.cpp, lin

Events (10 events):
Event: 1.032 loading class jdk/internal/jimage/ImageStringsReader
Event: 1.032 loading class jdk/internal/jimage/ImageStrings
Event: 1.032 loading class jdk/internal/jimage/ImageStrings done
Event: 1.032 loading class jdk/internal/jimage/ImageStringsReader done
Event: 1.032 loading class jdk/internal/jimage/decompressor/Decompressor
Event: 1.032 loading class jdk/internal/jimage/decompressor/Decompressor done
Event: 1.033 loading class jdk/internal/jimage/ImageLocation
Event: 1.033 loading class jdk/internal/jimage/ImageLocation done
Event: 1.039 loading class org/gradle/internal/classloader/VisitableURLClassLoader$Spec
Event: 1.039 loading class org/gradle/internal/classloader/VisitableURLClassLoader$Spec done


Dynamic libraries:
0x00007ff6a31c0000 - 0x00007ff6a31cf000 	C:\Program Files\Java\jdk-11.0.13\bin\java.exe
0x00007ffcab020000 - 0x00007ffcab229000 	C:\Windows\SYSTEM32\ntdll.dll
0x00007ffca9bf0000 - 0x00007ffca9cad000 	C:\Windows\System32\KERNEL32.DLL
0x00007ffca8980000 - 0x00007ffca8cf4000 	C:\Windows\System32\KERNELBASE.dll
0x00007ffca8d00000 - 0x00007ffca8e11000 	C:\Windows\System32\ucrtbase.dll
0x00007ffca01e0000 - 0x00007ffca01f5000 	C:\Program Files\Java\jdk-11.0.13\bin\VCRUNTIME140.dll
0x00007ffca0220000 - 0x00007ffca0238000 	C:\Program Files\Java\jdk-11.0.13\bin\jli.dll
0x00007ffca9790000 - 0x00007ffca983e000 	C:\Windows\System32\ADVAPI32.dll
0x00007ffca9130000 - 0x00007ffca91d3000 	C:\Windows\System32\msvcrt.dll
0x00007ffca9b50000 - 0x00007ffca9bee000 	C:\Windows\System32\sechost.dll
0x00007ffca8ec0000 - 0x00007ffca8fe0000 	C:\Windows\System32\RPCRT4.dll
0x00007ffca9cd0000 - 0x00007ffca9e7c000 	C:\Windows\System32\USER32.dll
0x00007ffc8f510000 - 0x00007ffc8f7b5000 	C:\Windows\WinSxS\amd64_microsoft.windows.common-controls_6595b64144ccf1df_6.0.22000.120_none_9d947278b86cc467\COMCTL32.dll
0x00007ffca88d0000 - 0x00007ffca88f6000 	C:\Windows\System32\win32u.dll
0x00007ffca9300000 - 0x00007ffca9329000 	C:\Windows\System32\GDI32.dll
0x00007ffca8510000 - 0x00007ffca8622000 	C:\Windows\System32\gdi32full.dll
0x00007ffca8e20000 - 0x00007ffca8ebd000 	C:\Windows\System32\msvcp_win.dll
0x00007ffca28d0000 - 0x00007ffca28da000 	C:\Windows\SYSTEM32\VERSION.dll
0x00007ffca90f0000 - 0x00007ffca9121000 	C:\Windows\System32\IMM32.DLL
0x00007ffc87130000 - 0x00007ffc871cb000 	C:\Program Files\Java\jdk-11.0.13\bin\msvcp140.dll
0x00007ffc54c80000 - 0x00007ffc55793000 	C:\Program Files\Java\jdk-11.0.13\bin\server\jvm.dll
0x00007ffca9290000 - 0x00007ffca9298000 	C:\Windows\System32\PSAPI.DLL
0x00007ffca03b0000 - 0x00007ffca03b9000 	C:\Windows\SYSTEM32\WSOCK32.dll
0x00007ffca3380000 - 0x00007ffca33b3000 	C:\Windows\SYSTEM32\WINMM.dll
0x00007ffca9850000 - 0x00007ffca98bf000 	C:\Windows\System32\WS2_32.dll
0x00007ffca7610000 - 0x00007ffca7628000 	C:\Windows\SYSTEM32\kernel.appcore.dll
0x00007ffca0210000 - 0x00007ffca0220000 	C:\Program Files\Java\jdk-11.0.13\bin\verify.dll
0x00007ffc9fb20000 - 0x00007ffc9fd41000 	C:\Windows\SYSTEM32\DBGHELP.DLL
0x00007ffc9fa80000 - 0x00007ffc9fab1000 	C:\Windows\SYSTEM32\dbgcore.DLL
0x00007ffca8900000 - 0x00007ffca897f000 	C:\Windows\System32\bcryptPrimitives.dll
0x00007ffc9a120000 - 0x00007ffc9a148000 	C:\Program Files\Java\jdk-11.0.13\bin\java.dll
0x00007ffca01b0000 - 0x00007ffca01ba000 	C:\Program Files\Java\jdk-11.0.13\bin\jimage.dll
0x00007ffc94150000 - 0x00007ffc94166000 	C:\Program Files\Java\jdk-11.0.13\bin\zip.dll
0x00007ffca9ea0000 - 0x00007ffcaa64e000 	C:\Windows\System32\SHELL32.dll
0x00007ffca6680000 - 0x00007ffca6ee7000 	C:\Windows\SYSTEM32\windows.storage.dll
0x00007ffca9410000 - 0x00007ffca9788000 	C:\Windows\System32\combase.dll
0x00007ffca6510000 - 0x00007ffca6676000 	C:\Windows\SYSTEM32\wintypes.dll
0x00007ffca98c0000 - 0x00007ffca99aa000 	C:\Windows\System32\SHCORE.dll
0x00007ffcaa660000 - 0x00007ffcaa6bd000 	C:\Windows\System32\shlwapi.dll
0x00007ffca8440000 - 0x00007ffca8461000 	C:\Windows\SYSTEM32\profapi.dll
0x00007ffc93fd0000 - 0x00007ffc93fe9000 	C:\Program Files\Java\jdk-11.0.13\bin\net.dll
0x00007ffca2410000 - 0x00007ffca251c000 	C:\Windows\SYSTEM32\WINHTTP.dll
0x00007ffca7a40000 - 0x00007ffca7aa7000 	C:\Windows\system32\mswsock.dll
0x00007ffc91180000 - 0x00007ffc91192000 	C:\Program Files\Java\jdk-11.0.13\bin\nio.dll

dbghelp: loaded successfully - version: 4.0.5 - missing functions: none
symbol engine: initialized successfully - sym options: 0x614 - pdb path: .;C:\Program Files\Java\jdk-11.0.13\bin;C:\Windows\SYSTEM32;C:\Windows\WinSxS\amd64_microsoft.windows.common-controls_6595b64144ccf1df_6.0.22000.120_none_9d947278b86cc467;C:\Program Files\Java\jdk-11.0.13\bin\server

VM Arguments:
jvm_args: -Xmx64m -Xms64m -Dorg.gradle.appname=gradlew 
java_command: org.gradle.wrapper.GradleWrapperMain app:installDebug -PreactNativeDevServerPort=8081
java_class_path (initial): C:\Users\cervi\Desktop\react-native-projects\SCManga2\android\\gradle\wrapper\gradle-wrapper.jar
Launcher Type: SUN_STANDARD

[Global flags]
     intx CICompilerCount                          = 3                                         {product} {ergonomic}
     uint ConcGCThreads                            = 1                                         {product} {ergonomic}
     uint G1ConcRefinementThreads                  = 4                                         {product} {ergonomic}
   size_t G1HeapRegionSize                         = 1048576                                   {product} {ergonomic}
    uintx GCDrainStackTargetSize                   = 64                                        {product} {ergonomic}
   size_t InitialHeapSize                          = 67108864                                  {product} {command line}
   size_t MarkStackSize                            = 4194304                                   {product} {ergonomic}
   size_t MaxHeapSize                              = 67108864                                  {product} {command line}
   size_t MaxNewSize                               = 39845888                                  {product} {ergonomic}
   size_t MinHeapDeltaBytes                        = 1048576                                   {product} {ergonomic}
    uintx NonNMethodCodeHeapSize                   = 5830732                                {pd product} {ergonomic}
    uintx NonProfiledCodeHeapSize                  = 122913754                              {pd product} {ergonomic}
    uintx ProfiledCodeHeapSize                     = 122913754                              {pd product} {ergonomic}
    uintx ReservedCodeCacheSize                    = 251658240                              {pd product} {ergonomic}
     bool SegmentedCodeCache                       = true                                      {product} {ergonomic}
     bool UseCompressedClassPointers               = true                                 {lp64_product} {ergonomic}
     bool UseCompressedOops                        = true                                 {lp64_product} {ergonomic}
     bool UseG1GC                                  = true                                      {product} {ergonomic}
     bool UseLargePagesIndividualAllocation        = false                                  {pd product} {ergonomic}

Logging:
Log output configuration:
 #0: stdout all=warning uptime,level,tags
 #1: stderr all=off uptime,level,tags

Environment Variables:
JAVA_HOME=C:\Program Files\Java\jdk-11.0.13
JRE_HOME=C:\Program Files\Java\jre1.8.0_311
CLASSPATH=C:\Users\cervi\Desktop\react-native-projects\SCManga2\android\\gradle\wrapper\gradle-wrapper.jar
PATH=C:\Users\cervi\Desktop\react-native-projects\SCManga2\android\node_modules\.bin;C:\Users\cervi\Desktop\react-native-projects\SCManga2\node_modules\.bin;C:\Users\cervi\Desktop\react-native-projects\node_modules\.bin;C:\Users\cervi\Desktop\node_modules\.bin;C:\Users\cervi\node_modules\.bin;C:\Users\node_modules\.bin;C:\node_modules\.bin;C:\Program Files\nodejs;C:\Users\cervi\AppData\Local\Temp\yarn--1644184345445-0.38589849813029575;C:\Users\cervi\Desktop\react-native-projects\SCManga2\node_modules\.bin;C:\Users\cervi\AppData\Local\Yarn\Data\link\node_modules\.bin;C:\Users\cervi\AppData\Local\Yarn\bin;C:\Program Files\libexec\lib\node_modules\npm\bin\node-gyp-bin;C:\Program Files\lib\node_modules\npm\bin\node-gyp-bin;C:\Program Files\nodejs\node_modules\npm\bin\node-gyp-bin;C:\Program Files\Common Files\Oracle\Java\javapath;C:\Windows\system32;C:\Windows;C:\Windows\System32\Wbem;C:\Windows\System32\WindowsPowerShell\v1.0\;C:\Windows\System32\OpenSSH\;C:\Program Files\nodejs\;C:\Program Files\dotnet\;C:\Program Files\Git\cmd;C:\Users\cervi\miniconda3;C:\Users\cervi\miniconda3\Library\mingw-w64\bin;C:\Users\cervi\miniconda3\Library\usr\bin;C:\Users\cervi\miniconda3\Library\bin;C:\Users\cervi\miniconda3\Scripts;C:\Users\cervi\AppData\Local\Programs\Python\Python310\Scripts\;C:\Users\cervi\AppData\Local\Programs\Python\Python310\;C:\Users\cervi\AppData\Local\Microsoft\WindowsApps;C:\Users\cervi\AppData\Roaming\npm;C:\Users\cervi\AppData\Local\Programs\Microsoft VS Code\bin;C:\Users\cervi\.dotnet\tools;C:\Users\cervi\AppData\Local\Android\Sdk\platform-tools;C:\Users\cervi\AppData\Local\Android\Sdk\tools;C:\Program Files\Java\jdk-11.0.13\bin;C:\Program Files\Java\jre1.8.0_311\bin;C:\gradle\bin;C:\Program Files (x86)\FreeArc\bin
USERNAME=cervi
OS=Windows_NT
PROCESSOR_IDENTIFIER=Intel64 Family 6 Model 142 Stepping 10, GenuineIntel



---------------  S Y S T E M  ---------------

OS: Windows 10 , 64 bit Build 22000 (10.0.22000.434)

CPU:total 4 (initial active 4) (2 cores per cpu, 2 threads per core) family 6 model 142 stepping 10 microcode 0xe0, cmov, cx8, fxsr, mmx, sse, sse2, sse3, ssse3, sse4.1, sse4.2, popcnt, avx, avx2, aes, clmul, erms, 3dnowpref, lzcnt, ht, tsc, tscinvbit, bmi1, bmi2, adx, fma

Memory: 4k page, system-wide physical 3973M (263M free)
TotalPageFile size 16261M (AvailPageFile size 0M)
current process WorkingSet (physical memory assigned to process): 49M, peak: 49M
current process commit charge ("private bytes"): 136M, peak: 136M

vm_info: Java HotSpot(TM) 64-Bit Server VM (11.0.13+10-LTS-370) for windows-amd64 JRE (11.0.13+10-LTS-370), built on Sep 15 2021 22:10:36 by "mach5one" with MS VC++ 15.9 (VS2017)

END.
