#
# There is insufficient memory for the Java Runtime Environment to continue.
# Native memory allocation (malloc) failed to allocate 946576 bytes for Chunk::new
# Possible reasons:
#   The system is out of physical RAM or swap space
#   The process is running with CompressedOops enabled, and the Java Heap may be blocking the growth of the native heap
# Possible solutions:
#   Reduce memory load on the system
#   Increase physical memory or swap space
#   Check if swap backing store is full
#   Decrease Java heap size (-Xmx/-Xms)
#   Decrease number of Java threads
#   Decrease Java thread stack sizes (-Xss)
#   Set larger code cache with -XX:ReservedCodeCacheSize=
#   JVM is running with Unscaled Compressed Oops mode in which the Java heap is
#     placed in the first 4GB address space. The Java Heap base address is the
#     maximum limit for the native heap growth. Please use -XX:HeapBaseMinAddress
#     to set the Java Heap base and to place the Java Heap above 4GB virtual address.
# This output file may be truncated or incomplete.
#
#  Out of Memory Error (./open/src/hotspot/share/memory/arena.cpp:197), pid=4028, tid=11272
#
# JRE version: Java(TM) SE Runtime Environment 18.9 (11.0.13+10) (build 11.0.13+10-LTS-370)
# Java VM: Java HotSpot(TM) 64-Bit Server VM 18.9 (11.0.13+10-LTS-370, mixed mode, tiered, compressed oops, g1 gc, windows-amd64)
# No core dump will be written. Minidumps are not enabled by default on client versions of Windows
#

---------------  S U M M A R Y ------------

Command Line: org.jetbrains.kotlin.cli.jvm.K2JVMCompiler @C:\Users\cervi\Desktop\react-native-projects\SCManga2\node_modules\react-native-pager-view\android\build\20220206_16807586967848713155.compiler.options

Host: Intel(R) Core(TM) i3-7020U CPU @ 2.30GHz, 4 cores, 3G,  Windows 10 , 64 bit Build 22000 (10.0.22000.434)
Time: Sun Feb  6 18:59:12 2022 Hora estándar de Argentina elapsed time: 26.934742 seconds (0d 0h 0m 26s)

---------------  T H R E A D  ---------------

Current thread (0x000002241ae00800):  JavaThread "C2 CompilerThread0" daemon [_thread_in_native, id=11272, stack(0x000000bdbd800000,0x000000bdbd900000)]


Current CompileTask:
C2:  26934 11527       4       org.jetbrains.org.objectweb.asm.tree.analysis.Frame::execute (2125 bytes)

Stack: [0x000000bdbd800000,0x000000bdbd900000]
Native frames: (J=compiled Java code, j=interpreted, Vv=VM code, C=native code)
V  [jvm.dll+0x62870a]
V  [jvm.dll+0x761f2f]
V  [jvm.dll+0x7635d9]
V  [jvm.dll+0x763c63]
V  [jvm.dll+0x23d728]
V  [jvm.dll+0xb293c]
V  [jvm.dll+0xb2efc]
V  [jvm.dll+0x340872]
V  [jvm.dll+0x30e603]
V  [jvm.dll+0x30d94a]
V  [jvm.dll+0x1f8255]
V  [jvm.dll+0x1f743d]
V  [jvm.dll+0x177991]
V  [jvm.dll+0x206d84]
V  [jvm.dll+0x204ebb]
V  [jvm.dll+0x727e70]
V  [jvm.dll+0x720a54]
V  [jvm.dll+0x627606]
C  [ucrtbase.dll+0x26c0c]
C  [KERNEL32.DLL+0x154e0]
C  [ntdll.dll+0x485b]


---------------  P R O C E S S  ---------------

Threads class SMR info:
_java_thread_list=0x000002241ae4c930, length=10, elements={
0x000002247f5c3800, 0x000002241addf000, 0x000002241ade8000, 0x000002241ae4f000,
0x000002241adf7000, 0x000002241adf8000, 0x000002241ae00800, 0x000002241ae01800,
0x000002241ae03000, 0x000002241b109000
}

Java Threads: ( => current thread )
  0x000002247f5c3800 JavaThread "main" [_thread_in_Java, id=8816, stack(0x000000bdbcc00000,0x000000bdbcd00000)]
  0x000002241addf000 JavaThread "Reference Handler" daemon [_thread_blocked, id=18996, stack(0x000000bdbd300000,0x000000bdbd400000)]
  0x000002241ade8000 JavaThread "Finalizer" daemon [_thread_blocked, id=8236, stack(0x000000bdbd400000,0x000000bdbd500000)]
  0x000002241ae4f000 JavaThread "Signal Dispatcher" daemon [_thread_blocked, id=14624, stack(0x000000bdbd500000,0x000000bdbd600000)]
  0x000002241adf7000 JavaThread "Attach Listener" daemon [_thread_blocked, id=3296, stack(0x000000bdbd600000,0x000000bdbd700000)]
  0x000002241adf8000 JavaThread "Service Thread" daemon [_thread_blocked, id=13276, stack(0x000000bdbd700000,0x000000bdbd800000)]
=>0x000002241ae00800 JavaThread "C2 CompilerThread0" daemon [_thread_in_native, id=11272, stack(0x000000bdbd800000,0x000000bdbd900000)]
  0x000002241ae01800 JavaThread "C1 CompilerThread0" daemon [_thread_blocked, id=4756, stack(0x000000bdbd900000,0x000000bdbda00000)]
  0x000002241ae03000 JavaThread "Sweeper thread" daemon [_thread_blocked, id=14600, stack(0x000000bdbda00000,0x000000bdbdb00000)]
  0x000002241b109000 JavaThread "Common-Cleaner" daemon [_thread_blocked, id=15992, stack(0x000000bdbdc00000,0x000000bdbdd00000)]

Other Threads:
  0x000002241adbc000 VMThread "VM Thread" [stack: 0x000000bdbd200000,0x000000bdbd300000] [id=14108]
  0x000002241b108800 WatcherThread [stack: 0x000000bdbdb00000,0x000000bdbdc00000] [id=4856]
  0x000002247f5d8800 GCTaskThread "GC Thread#0" [stack: 0x000000bdbcd00000,0x000000bdbce00000] [id=5516]
  0x000002241b66c000 GCTaskThread "GC Thread#1" [stack: 0x000000bdbdd00000,0x000000bdbde00000] [id=15708]
  0x000002247f5f2000 ConcurrentGCThread "G1 Main Marker" [stack: 0x000000bdbce00000,0x000000bdbcf00000] [id=18836]
  0x000002247f5f3800 ConcurrentGCThread "G1 Conc#0" [stack: 0x000000bdbcf00000,0x000000bdbd000000] [id=14376]
  0x000002247f653000 ConcurrentGCThread "G1 Refine#0" [stack: 0x000000bdbd000000,0x000000bdbd100000] [id=18972]
  0x000002247f654800 ConcurrentGCThread "G1 Young RemSet Sampling" [stack: 0x000000bdbd100000,0x000000bdbd200000] [id=11948]

Threads with active compile tasks:
C2 CompilerThread0  26990 11527       4       org.jetbrains.org.objectweb.asm.tree.analysis.Frame::execute (2125 bytes)

VM state:not at safepoint (normal execution)

VM Mutex/Monitor currently owned by a thread: None

Heap address: 0x00000000c1e00000, size: 994 MB, Compressed Oops mode: 32-bit
Narrow klass base: 0x0000000000000000, Narrow klass shift: 3
Compressed class space size: 1073741824 Address: 0x0000000100000000

Heap:
 garbage-first heap   total 138240K, used 77832K [0x00000000c1e00000, 0x0000000100000000)
  region size 1024K, 12 young (12288K), 3 survivors (3072K)
 Metaspace       used 76607K, capacity 77236K, committed 77312K, reserved 1118208K
  class space    used 8165K, capacity 8428K, committed 8448K, reserved 1048576K
Heap Regions: E=young(eden), S=young(survivor), O=old, HS=humongous(starts), HC=humongous(continues), CS=collection set, F=free, A=archive, TAMS=top-at-mark-start (previous, next)
|   0|0x00000000c1e00000, 0x00000000c1f00000, 0x00000000c1f00000|100%|HS|  |TAMS 0x00000000c1f00000, 0x00000000c1e00000| Complete 
|   1|0x00000000c1f00000, 0x00000000c2000000, 0x00000000c2000000|100%|HC|  |TAMS 0x00000000c2000000, 0x00000000c1f00000| Complete 
|   2|0x00000000c2000000, 0x00000000c2100000, 0x00000000c2100000|100%|HC|  |TAMS 0x00000000c2100000, 0x00000000c2000000| Complete 
|   3|0x00000000c2100000, 0x00000000c2200000, 0x00000000c2200000|100%| O|  |TAMS 0x00000000c2200000, 0x00000000c2100000| Untracked 
|   4|0x00000000c2200000, 0x00000000c2300000, 0x00000000c2300000|100%| O|  |TAMS 0x00000000c2300000, 0x00000000c2200000| Untracked 
|   5|0x00000000c2300000, 0x00000000c2400000, 0x00000000c2400000|100%| O|  |TAMS 0x00000000c2400000, 0x00000000c2300000| Untracked 
|   6|0x00000000c2400000, 0x00000000c2500000, 0x00000000c2500000|100%| O|  |TAMS 0x00000000c2500000, 0x00000000c2400000| Untracked 
|   7|0x00000000c2500000, 0x00000000c2600000, 0x00000000c2600000|100%| O|  |TAMS 0x00000000c2600000, 0x00000000c2500000| Untracked 
|   8|0x00000000c2600000, 0x00000000c2700000, 0x00000000c2700000|100%| O|  |TAMS 0x00000000c2700000, 0x00000000c2600000| Untracked 
|   9|0x00000000c2700000, 0x00000000c2800000, 0x00000000c2800000|100%|HS|  |TAMS 0x00000000c2800000, 0x00000000c2700000| Complete 
|  10|0x00000000c2800000, 0x00000000c2900000, 0x00000000c2900000|100%|HC|  |TAMS 0x00000000c2900000, 0x00000000c2800000| Complete 
|  11|0x00000000c2900000, 0x00000000c2a00000, 0x00000000c2a00000|100%|HC|  |TAMS 0x00000000c2a00000, 0x00000000c2900000| Complete 
|  12|0x00000000c2a00000, 0x00000000c2b00000, 0x00000000c2b00000|100%|HS|  |TAMS 0x00000000c2b00000, 0x00000000c2a00000| Complete 
|  13|0x00000000c2b00000, 0x00000000c2c00000, 0x00000000c2c00000|100%|HC|  |TAMS 0x00000000c2c00000, 0x00000000c2b00000| Complete 
|  14|0x00000000c2c00000, 0x00000000c2d00000, 0x00000000c2d00000|100%|HC|  |TAMS 0x00000000c2d00000, 0x00000000c2c00000| Complete 
|  15|0x00000000c2d00000, 0x00000000c2e00000, 0x00000000c2e00000|100%| O|  |TAMS 0x00000000c2e00000, 0x00000000c2d00000| Untracked 
|  16|0x00000000c2e00000, 0x00000000c2f00000, 0x00000000c2f00000|100%| O|  |TAMS 0x00000000c2f00000, 0x00000000c2e00000| Untracked 
|  17|0x00000000c2f00000, 0x00000000c3000000, 0x00000000c3000000|100%| O|  |TAMS 0x00000000c3000000, 0x00000000c2f00000| Untracked 
|  18|0x00000000c3000000, 0x00000000c3100000, 0x00000000c3100000|100%| O|  |TAMS 0x00000000c3100000, 0x00000000c3000000| Untracked 
|  19|0x00000000c3100000, 0x00000000c3200000, 0x00000000c3200000|100%| O|  |TAMS 0x00000000c3200000, 0x00000000c3100000| Untracked 
|  20|0x00000000c3200000, 0x00000000c3300000, 0x00000000c3300000|100%| O|  |TAMS 0x00000000c3300000, 0x00000000c3200000| Untracked 
|  21|0x00000000c3300000, 0x00000000c3400000, 0x00000000c3400000|100%| O|  |TAMS 0x00000000c3400000, 0x00000000c3300000| Untracked 
|  22|0x00000000c3400000, 0x00000000c3500000, 0x00000000c3500000|100%| O|  |TAMS 0x00000000c3500000, 0x00000000c3400000| Untracked 
|  23|0x00000000c3500000, 0x00000000c3600000, 0x00000000c3600000|100%| O|  |TAMS 0x00000000c3600000, 0x00000000c3500000| Untracked 
|  24|0x00000000c3600000, 0x00000000c3700000, 0x00000000c3700000|100%| O|  |TAMS 0x00000000c3700000, 0x00000000c3600000| Untracked 
|  25|0x00000000c3700000, 0x00000000c3800000, 0x00000000c3800000|100%| O|  |TAMS 0x00000000c3800000, 0x00000000c3700000| Untracked 
|  26|0x00000000c3800000, 0x00000000c3900000, 0x00000000c3900000|100%| O|  |TAMS 0x00000000c3900000, 0x00000000c3800000| Untracked 
|  27|0x00000000c3900000, 0x00000000c3a00000, 0x00000000c3a00000|100%| O|  |TAMS 0x00000000c3a00000, 0x00000000c3900000| Untracked 
|  28|0x00000000c3a00000, 0x00000000c3b00000, 0x00000000c3b00000|100%| O|  |TAMS 0x00000000c3b00000, 0x00000000c3a00000| Untracked 
|  29|0x00000000c3b00000, 0x00000000c3c00000, 0x00000000c3c00000|100%| O|  |TAMS 0x00000000c3c00000, 0x00000000c3b00000| Untracked 
|  30|0x00000000c3c00000, 0x00000000c3d00000, 0x00000000c3d00000|100%| O|  |TAMS 0x00000000c3d00000, 0x00000000c3c00000| Untracked 
|  31|0x00000000c3d00000, 0x00000000c3e00000, 0x00000000c3e00000|100%|HS|  |TAMS 0x00000000c3e00000, 0x00000000c3d00000| Complete 
|  32|0x00000000c3e00000, 0x00000000c3f00000, 0x00000000c3f00000|100%|HC|  |TAMS 0x00000000c3f00000, 0x00000000c3e00000| Complete 
|  33|0x00000000c3f00000, 0x00000000c4000000, 0x00000000c4000000|100%| O|  |TAMS 0x00000000c4000000, 0x00000000c3f00000| Untracked 
|  34|0x00000000c4000000, 0x00000000c4100000, 0x00000000c4100000|100%| O|  |TAMS 0x00000000c4100000, 0x00000000c4000000| Untracked 
|  35|0x00000000c4100000, 0x00000000c4200000, 0x00000000c4200000|100%| O|  |TAMS 0x00000000c4200000, 0x00000000c4100000| Untracked 
|  36|0x00000000c4200000, 0x00000000c4300000, 0x00000000c4300000|100%| O|  |TAMS 0x00000000c4300000, 0x00000000c4200000| Untracked 
|  37|0x00000000c4300000, 0x00000000c4400000, 0x00000000c4400000|100%| O|  |TAMS 0x00000000c4400000, 0x00000000c4300000| Untracked 
|  38|0x00000000c4400000, 0x00000000c4500000, 0x00000000c4500000|100%| O|  |TAMS 0x00000000c4500000, 0x00000000c4400000| Untracked 
|  39|0x00000000c4500000, 0x00000000c4600000, 0x00000000c4600000|100%| O|  |TAMS 0x00000000c4600000, 0x00000000c4500000| Untracked 
|  40|0x00000000c4600000, 0x00000000c4700000, 0x00000000c4700000|100%| O|  |TAMS 0x00000000c4700000, 0x00000000c4600000| Untracked 
|  41|0x00000000c4700000, 0x00000000c4800000, 0x00000000c4800000|100%| O|  |TAMS 0x00000000c4800000, 0x00000000c4700000| Untracked 
|  42|0x00000000c4800000, 0x00000000c4900000, 0x00000000c4900000|100%| O|  |TAMS 0x00000000c4900000, 0x00000000c4800000| Untracked 
|  43|0x00000000c4900000, 0x00000000c4a00000, 0x00000000c4a00000|100%| O|  |TAMS 0x00000000c4a00000, 0x00000000c4900000| Untracked 
|  44|0x00000000c4a00000, 0x00000000c4b00000, 0x00000000c4b00000|100%| O|  |TAMS 0x00000000c4b00000, 0x00000000c4a00000| Untracked 
|  45|0x00000000c4b00000, 0x00000000c4c00000, 0x00000000c4c00000|100%| O|  |TAMS 0x00000000c4c00000, 0x00000000c4b00000| Untracked 
|  46|0x00000000c4c00000, 0x00000000c4d00000, 0x00000000c4d00000|100%| O|  |TAMS 0x00000000c4d00000, 0x00000000c4c00000| Untracked 
|  47|0x00000000c4d00000, 0x00000000c4e00000, 0x00000000c4e00000|100%| O|  |TAMS 0x00000000c4e00000, 0x00000000c4d00000| Untracked 
|  48|0x00000000c4e00000, 0x00000000c4f00000, 0x00000000c4f00000|100%| O|  |TAMS 0x00000000c4f00000, 0x00000000c4e00000| Untracked 
|  49|0x00000000c4f00000, 0x00000000c5000000, 0x00000000c5000000|100%| O|  |TAMS 0x00000000c5000000, 0x00000000c4f00000| Untracked 
|  50|0x00000000c5000000, 0x00000000c5100000, 0x00000000c5100000|100%| O|  |TAMS 0x00000000c5100000, 0x00000000c5000000| Untracked 
|  51|0x00000000c5100000, 0x00000000c5200000, 0x00000000c5200000|100%| O|  |TAMS 0x00000000c5200000, 0x00000000c5100000| Untracked 
|  52|0x00000000c5200000, 0x00000000c5300000, 0x00000000c5300000|100%| O|  |TAMS 0x00000000c5300000, 0x00000000c5200000| Untracked 
|  53|0x00000000c5300000, 0x00000000c5400000, 0x00000000c5400000|100%| O|  |TAMS 0x00000000c5400000, 0x00000000c5300000| Untracked 
|  54|0x00000000c5400000, 0x00000000c5500000, 0x00000000c5500000|100%| O|  |TAMS 0x00000000c5500000, 0x00000000c5400000| Untracked 
|  55|0x00000000c5500000, 0x00000000c5600000, 0x00000000c5600000|100%| O|  |TAMS 0x00000000c5600000, 0x00000000c5500000| Untracked 
|  56|0x00000000c5600000, 0x00000000c5700000, 0x00000000c5700000|100%| O|  |TAMS 0x00000000c5700000, 0x00000000c5600000| Untracked 
|  57|0x00000000c5700000, 0x00000000c5800000, 0x00000000c5800000|100%| O|  |TAMS 0x00000000c5800000, 0x00000000c5700000| Untracked 
|  58|0x00000000c5800000, 0x00000000c5900000, 0x00000000c5900000|100%| O|  |TAMS 0x00000000c5900000, 0x00000000c5800000| Untracked 
|  59|0x00000000c5900000, 0x00000000c5a00000, 0x00000000c5a00000|100%| O|  |TAMS 0x00000000c5a00000, 0x00000000c5900000| Untracked 
|  60|0x00000000c5a00000, 0x00000000c5b00000, 0x00000000c5b00000|100%| O|  |TAMS 0x00000000c5b00000, 0x00000000c5a00000| Untracked 
|  61|0x00000000c5b00000, 0x00000000c5c00000, 0x00000000c5c00000|100%| O|  |TAMS 0x00000000c5c00000, 0x00000000c5b00000| Untracked 
|  62|0x00000000c5c00000, 0x00000000c5d00000, 0x00000000c5d00000|100%| O|  |TAMS 0x00000000c5d00000, 0x00000000c5c00000| Untracked 
|  63|0x00000000c5d00000, 0x00000000c5e00000, 0x00000000c5e00000|100%| O|  |TAMS 0x00000000c5e00000, 0x00000000c5d00000| Untracked 
|  64|0x00000000c5e00000, 0x00000000c5f00000, 0x00000000c5f00000|100%| O|  |TAMS 0x00000000c5f00000, 0x00000000c5e00000| Untracked 
|  65|0x00000000c5f00000, 0x00000000c5fb9a00, 0x00000000c6000000| 72%| O|  |TAMS 0x00000000c5fb9a00, 0x00000000c5f00000| Untracked 
|  66|0x00000000c6000000, 0x00000000c6000000, 0x00000000c6100000|  0%| F|  |TAMS 0x00000000c6000000, 0x00000000c6000000| Untracked 
|  67|0x00000000c6100000, 0x00000000c6100000, 0x00000000c6200000|  0%| F|  |TAMS 0x00000000c6100000, 0x00000000c6100000| Untracked 
|  68|0x00000000c6200000, 0x00000000c6200000, 0x00000000c6300000|  0%| F|  |TAMS 0x00000000c6200000, 0x00000000c6200000| Untracked 
|  69|0x00000000c6300000, 0x00000000c6300000, 0x00000000c6400000|  0%| F|  |TAMS 0x00000000c6300000, 0x00000000c6300000| Untracked 
|  70|0x00000000c6400000, 0x00000000c6400000, 0x00000000c6500000|  0%| F|  |TAMS 0x00000000c6400000, 0x00000000c6400000| Untracked 
|  71|0x00000000c6500000, 0x00000000c6500000, 0x00000000c6600000|  0%| F|  |TAMS 0x00000000c6500000, 0x00000000c6500000| Untracked 
|  72|0x00000000c6600000, 0x00000000c6600000, 0x00000000c6700000|  0%| F|  |TAMS 0x00000000c6600000, 0x00000000c6600000| Untracked 
|  73|0x00000000c6700000, 0x00000000c6700000, 0x00000000c6800000|  0%| F|  |TAMS 0x00000000c6700000, 0x00000000c6700000| Untracked 
|  74|0x00000000c6800000, 0x00000000c6800000, 0x00000000c6900000|  0%| F|  |TAMS 0x00000000c6800000, 0x00000000c6800000| Untracked 
|  75|0x00000000c6900000, 0x00000000c6900000, 0x00000000c6a00000|  0%| F|  |TAMS 0x00000000c6900000, 0x00000000c6900000| Untracked 
|  76|0x00000000c6a00000, 0x00000000c6a00000, 0x00000000c6b00000|  0%| F|  |TAMS 0x00000000c6a00000, 0x00000000c6a00000| Untracked 
|  77|0x00000000c6b00000, 0x00000000c6b00000, 0x00000000c6c00000|  0%| F|  |TAMS 0x00000000c6b00000, 0x00000000c6b00000| Untracked 
|  78|0x00000000c6c00000, 0x00000000c6c00000, 0x00000000c6d00000|  0%| F|  |TAMS 0x00000000c6c00000, 0x00000000c6c00000| Untracked 
|  79|0x00000000c6d00000, 0x00000000c6d00000, 0x00000000c6e00000|  0%| F|  |TAMS 0x00000000c6d00000, 0x00000000c6d00000| Untracked 
|  80|0x00000000c6e00000, 0x00000000c6e00000, 0x00000000c6f00000|  0%| F|  |TAMS 0x00000000c6e00000, 0x00000000c6e00000| Untracked 
|  81|0x00000000c6f00000, 0x00000000c6f00000, 0x00000000c7000000|  0%| F|  |TAMS 0x00000000c6f00000, 0x00000000c6f00000| Untracked 
|  82|0x00000000c7000000, 0x00000000c7000000, 0x00000000c7100000|  0%| F|  |TAMS 0x00000000c7000000, 0x00000000c7000000| Untracked 
|  83|0x00000000c7100000, 0x00000000c7100000, 0x00000000c7200000|  0%| F|  |TAMS 0x00000000c7100000, 0x00000000c7100000| Untracked 
|  84|0x00000000c7200000, 0x00000000c7200000, 0x00000000c7300000|  0%| F|  |TAMS 0x00000000c7200000, 0x00000000c7200000| Untracked 
|  85|0x00000000c7300000, 0x00000000c7300000, 0x00000000c7400000|  0%| F|  |TAMS 0x00000000c7300000, 0x00000000c7300000| Untracked 
|  86|0x00000000c7400000, 0x00000000c74487c0, 0x00000000c7500000| 28%| S|CS|TAMS 0x00000000c7400000, 0x00000000c7400000| Complete 
|  87|0x00000000c7500000, 0x00000000c7600000, 0x00000000c7600000|100%| S|CS|TAMS 0x00000000c7500000, 0x00000000c7500000| Complete 
|  88|0x00000000c7600000, 0x00000000c7700000, 0x00000000c7700000|100%| S|CS|TAMS 0x00000000c7600000, 0x00000000c7600000| Complete 
|  89|0x00000000c7700000, 0x00000000c7700000, 0x00000000c7800000|  0%| F|  |TAMS 0x00000000c7700000, 0x00000000c7700000| Untracked 
|  90|0x00000000c7800000, 0x00000000c7800000, 0x00000000c7900000|  0%| F|  |TAMS 0x00000000c7800000, 0x00000000c7800000| Untracked 
|  91|0x00000000c7900000, 0x00000000c7900000, 0x00000000c7a00000|  0%| F|  |TAMS 0x00000000c7900000, 0x00000000c7900000| Untracked 
|  92|0x00000000c7a00000, 0x00000000c7a00000, 0x00000000c7b00000|  0%| F|  |TAMS 0x00000000c7a00000, 0x00000000c7a00000| Untracked 
|  93|0x00000000c7b00000, 0x00000000c7b00000, 0x00000000c7c00000|  0%| F|  |TAMS 0x00000000c7b00000, 0x00000000c7b00000| Untracked 
|  94|0x00000000c7c00000, 0x00000000c7c00000, 0x00000000c7d00000|  0%| F|  |TAMS 0x00000000c7c00000, 0x00000000c7c00000| Untracked 
|  95|0x00000000c7d00000, 0x00000000c7d00000, 0x00000000c7e00000|  0%| F|  |TAMS 0x00000000c7d00000, 0x00000000c7d00000| Untracked 
|  96|0x00000000c7e00000, 0x00000000c7e00000, 0x00000000c7f00000|  0%| F|  |TAMS 0x00000000c7e00000, 0x00000000c7e00000| Untracked 
|  97|0x00000000c7f00000, 0x00000000c7f00000, 0x00000000c8000000|  0%| F|  |TAMS 0x00000000c7f00000, 0x00000000c7f00000| Untracked 
|  98|0x00000000c8000000, 0x00000000c8000000, 0x00000000c8100000|  0%| F|  |TAMS 0x00000000c8000000, 0x00000000c8000000| Untracked 
|  99|0x00000000c8100000, 0x00000000c8100000, 0x00000000c8200000|  0%| F|  |TAMS 0x00000000c8100000, 0x00000000c8100000| Untracked 
| 100|0x00000000c8200000, 0x00000000c8200000, 0x00000000c8300000|  0%| F|  |TAMS 0x00000000c8200000, 0x00000000c8200000| Untracked 
| 101|0x00000000c8300000, 0x00000000c8300000, 0x00000000c8400000|  0%| F|  |TAMS 0x00000000c8300000, 0x00000000c8300000| Untracked 
| 102|0x00000000c8400000, 0x00000000c8400000, 0x00000000c8500000|  0%| F|  |TAMS 0x00000000c8400000, 0x00000000c8400000| Untracked 
| 103|0x00000000c8500000, 0x00000000c8500000, 0x00000000c8600000|  0%| F|  |TAMS 0x00000000c8500000, 0x00000000c8500000| Untracked 
| 104|0x00000000c8600000, 0x00000000c8600000, 0x00000000c8700000|  0%| F|  |TAMS 0x00000000c8600000, 0x00000000c8600000| Untracked 
| 105|0x00000000c8700000, 0x00000000c8700000, 0x00000000c8800000|  0%| F|  |TAMS 0x00000000c8700000, 0x00000000c8700000| Untracked 
| 106|0x00000000c8800000, 0x00000000c8800000, 0x00000000c8900000|  0%| F|  |TAMS 0x00000000c8800000, 0x00000000c8800000| Untracked 
| 107|0x00000000c8900000, 0x00000000c8900000, 0x00000000c8a00000|  0%| F|  |TAMS 0x00000000c8900000, 0x00000000c8900000| Untracked 
| 108|0x00000000c8a00000, 0x00000000c8a00000, 0x00000000c8b00000|  0%| F|  |TAMS 0x00000000c8a00000, 0x00000000c8a00000| Untracked 
| 109|0x00000000c8b00000, 0x00000000c8b00000, 0x00000000c8c00000|  0%| F|  |TAMS 0x00000000c8b00000, 0x00000000c8b00000| Untracked 
| 110|0x00000000c8c00000, 0x00000000c8c00000, 0x00000000c8d00000|  0%| F|  |TAMS 0x00000000c8c00000, 0x00000000c8c00000| Untracked 
| 111|0x00000000c8d00000, 0x00000000c8d00000, 0x00000000c8e00000|  0%| F|  |TAMS 0x00000000c8d00000, 0x00000000c8d00000| Untracked 
| 112|0x00000000c8e00000, 0x00000000c8e00000, 0x00000000c8f00000|  0%| F|  |TAMS 0x00000000c8e00000, 0x00000000c8e00000| Untracked 
| 113|0x00000000c8f00000, 0x00000000c8f00000, 0x00000000c9000000|  0%| F|  |TAMS 0x00000000c8f00000, 0x00000000c8f00000| Untracked 
| 114|0x00000000c9000000, 0x00000000c9000000, 0x00000000c9100000|  0%| F|  |TAMS 0x00000000c9000000, 0x00000000c9000000| Untracked 
| 115|0x00000000c9100000, 0x00000000c9100000, 0x00000000c9200000|  0%| F|  |TAMS 0x00000000c9100000, 0x00000000c9100000| Untracked 
| 116|0x00000000c9200000, 0x00000000c9200000, 0x00000000c9300000|  0%| F|  |TAMS 0x00000000c9200000, 0x00000000c9200000| Untracked 
| 117|0x00000000c9300000, 0x00000000c9300000, 0x00000000c9400000|  0%| F|  |TAMS 0x00000000c9300000, 0x00000000c9300000| Untracked 
| 118|0x00000000c9400000, 0x00000000c9400000, 0x00000000c9500000|  0%| F|  |TAMS 0x00000000c9400000, 0x00000000c9400000| Untracked 
| 119|0x00000000c9500000, 0x00000000c9500000, 0x00000000c9600000|  0%| F|  |TAMS 0x00000000c9500000, 0x00000000c9500000| Untracked 
| 120|0x00000000c9600000, 0x00000000c9600000, 0x00000000c9700000|  0%| F|  |TAMS 0x00000000c9600000, 0x00000000c9600000| Untracked 
| 121|0x00000000c9700000, 0x00000000c9700000, 0x00000000c9800000|  0%| F|  |TAMS 0x00000000c9700000, 0x00000000c9700000| Untracked 
| 122|0x00000000c9800000, 0x00000000c9800000, 0x00000000c9900000|  0%| F|  |TAMS 0x00000000c9800000, 0x00000000c9800000| Untracked 
| 123|0x00000000c9900000, 0x00000000c9900000, 0x00000000c9a00000|  0%| F|  |TAMS 0x00000000c9900000, 0x00000000c9900000| Untracked 
| 124|0x00000000c9a00000, 0x00000000c9a00000, 0x00000000c9b00000|  0%| F|  |TAMS 0x00000000c9a00000, 0x00000000c9a00000| Untracked 
| 125|0x00000000c9b00000, 0x00000000c9b00000, 0x00000000c9c00000|  0%| F|  |TAMS 0x00000000c9b00000, 0x00000000c9b00000| Untracked 
| 126|0x00000000c9c00000, 0x00000000c9c80800, 0x00000000c9d00000| 50%| E|  |TAMS 0x00000000c9c00000, 0x00000000c9c00000| Complete 
| 127|0x00000000c9d00000, 0x00000000c9e00000, 0x00000000c9e00000|100%| E|CS|TAMS 0x00000000c9d00000, 0x00000000c9d00000| Complete 
| 128|0x00000000c9e00000, 0x00000000c9f00000, 0x00000000c9f00000|100%| E|CS|TAMS 0x00000000c9e00000, 0x00000000c9e00000| Complete 
| 129|0x00000000c9f00000, 0x00000000ca000000, 0x00000000ca000000|100%| E|CS|TAMS 0x00000000c9f00000, 0x00000000c9f00000| Complete 
| 130|0x00000000ca000000, 0x00000000ca100000, 0x00000000ca100000|100%| E|CS|TAMS 0x00000000ca000000, 0x00000000ca000000| Complete 
| 131|0x00000000ca100000, 0x00000000ca200000, 0x00000000ca200000|100%| E|CS|TAMS 0x00000000ca100000, 0x00000000ca100000| Complete 
| 132|0x00000000ca200000, 0x00000000ca300000, 0x00000000ca300000|100%| E|CS|TAMS 0x00000000ca200000, 0x00000000ca200000| Complete 
| 133|0x00000000ca300000, 0x00000000ca400000, 0x00000000ca400000|100%| E|CS|TAMS 0x00000000ca300000, 0x00000000ca300000| Complete 
| 134|0x00000000ca400000, 0x00000000ca500000, 0x00000000ca500000|100%| E|CS|TAMS 0x00000000ca400000, 0x00000000ca400000| Complete 

Card table byte_map: [0x000002247f8a0000,0x000002247faa0000] _byte_map_base: 0x000002247f291000

Marking Bits (Prev, Next): (CMBitMap*) 0x000002247f5ed6d0, (CMBitMap*) 0x000002247f5ed698
 Prev Bits: [0x00000224174e0000, 0x0000022418468000)
 Next Bits: [0x0000022416550000, 0x00000224174d8000)

Polling page: 0x000002247d520000

Metaspace:

Usage:
  Non-class:     67.20 MB capacity,    66.84 MB (>99%) used,   258.32 KB ( <1%) free+waste,   106.50 KB ( <1%) overhead. 
      Class:      8.23 MB capacity,     7.97 MB ( 97%) used,   221.20 KB (  3%) free+waste,    40.94 KB ( <1%) overhead. 
       Both:     75.43 MB capacity,    74.81 MB (>99%) used,   479.52 KB ( <1%) free+waste,   147.44 KB ( <1%) overhead. 

Virtual space:
  Non-class space:       68.00 MB reserved,      67.25 MB ( 99%) committed 
      Class space:        1.00 GB reserved,       8.25 MB ( <1%) committed 
             Both:        1.07 GB reserved,      75.50 MB (  7%) committed 

Chunk freelists:
   Non-Class:  7.00 KB
       Class:  2.50 KB
        Both:  9.50 KB

CodeHeap 'non-profiled nmethods': size=120064Kb used=3776Kb max_used=3776Kb free=116287Kb
 bounds [0x000002240f010000, 0x000002240f3d0000, 0x0000022416550000]
CodeHeap 'profiled nmethods': size=120000Kb used=28023Kb max_used=28023Kb free=91976Kb
 bounds [0x0000022407ae0000, 0x0000022409640000, 0x000002240f010000]
CodeHeap 'non-nmethods': size=5696Kb used=1273Kb max_used=1296Kb free=4422Kb
 bounds [0x0000022407550000, 0x00000224077c0000, 0x0000022407ae0000]
 total_blobs=12214 nmethods=11564 adapters=558
 compilation: enabled
              stopped_count=0, restarted_count=0
 full_count=0

Compilation events (10 events):
Event: 26.917 Thread 0x000002241ae01800 11683       3       org.jetbrains.kotlin.ir.types.IrTypePredicatesKt::isClassWithFqName (36 bytes)
Event: 26.918 Thread 0x000002241ae01800 nmethod 11683 0x0000022409631a10 code [0x0000022409631cc0, 0x0000022409632968]
Event: 26.918 Thread 0x000002241ae01800 11684       3       org.jetbrains.kotlin.ir.types.IrTypePredicatesKt::classFqNameEquals (56 bytes)
Event: 26.918 Thread 0x000002241ae01800 nmethod 11684 0x0000022409632d90 code [0x0000022409632f80, 0x0000022409633408]
Event: 26.918 Thread 0x000002241ae01800 11685       3       org.jetbrains.kotlin.ir.types.IrTypePredicatesKt::classFqNameEquals (20 bytes)
Event: 26.919 Thread 0x000002241ae01800 nmethod 11685 0x0000022409633610 code [0x00000224096337c0, 0x0000022409633968]
Event: 26.919 Thread 0x000002241ae01800 11682       3       org.jetbrains.kotlin.resolve.jvm.jvmSignature.JvmMethodSignature::getValueParameters (13 bytes)
Event: 26.919 Thread 0x000002241ae01800 nmethod 11682 0x0000022409633a90 code [0x0000022409633c40, 0x0000022409633dc8]
Event: 26.919 Thread 0x000002241ae01800 11680       3       org.jetbrains.kotlin.backend.jvm.codegen.ExpressionCodegen::visitCall (10 bytes)
Event: 26.919 Thread 0x000002241ae01800 nmethod 11680 0x0000022409633e90 code [0x0000022409634040, 0x0000022409634248]

GC Heap History (10 events):
Event: 23.512 GC heap before
{Heap before GC invocations=29 (full 0):
 garbage-first heap   total 114688K, used 85270K [0x00000000c1e00000, 0x0000000100000000)
  region size 1024K, 26 young (26624K), 2 survivors (2048K)
 Metaspace       used 64784K, capacity 65430K, committed 65536K, reserved 1107968K
  class space    used 7076K, capacity 7330K, committed 7424K, reserved 1048576K
}
Event: 23.530 GC heap after
{Heap after GC invocations=30 (full 0):
 garbage-first heap   total 114688K, used 63020K [0x00000000c1e00000, 0x0000000100000000)
  region size 1024K, 4 young (4096K), 4 survivors (4096K)
 Metaspace       used 64784K, capacity 65430K, committed 65536K, reserved 1107968K
  class space    used 7076K, capacity 7330K, committed 7424K, reserved 1048576K
}
Event: 24.208 GC heap before
{Heap before GC invocations=31 (full 0):
 garbage-first heap   total 114688K, used 86572K [0x00000000c1e00000, 0x0000000100000000)
  region size 1024K, 28 young (28672K), 4 survivors (4096K)
 Metaspace       used 68395K, capacity 69014K, committed 69248K, reserved 1110016K
  class space    used 7474K, capacity 7714K, committed 7808K, reserved 1048576K
}
Event: 24.236 GC heap after
{Heap after GC invocations=32 (full 0):
 garbage-first heap   total 114688K, used 65253K [0x00000000c1e00000, 0x0000000100000000)
  region size 1024K, 3 young (3072K), 3 survivors (3072K)
 Metaspace       used 68395K, capacity 69014K, committed 69248K, reserved 1110016K
  class space    used 7474K, capacity 7714K, committed 7808K, reserved 1048576K
}
Event: 24.787 GC heap before
{Heap before GC invocations=32 (full 0):
 garbage-first heap   total 114688K, used 88805K [0x00000000c1e00000, 0x0000000100000000)
  region size 1024K, 26 young (26624K), 3 survivors (3072K)
 Metaspace       used 70575K, capacity 71167K, committed 71296K, reserved 1112064K
  class space    used 7699K, capacity 7941K, committed 8064K, reserved 1048576K
}
Event: 24.799 GC heap after
{Heap after GC invocations=33 (full 0):
 garbage-first heap   total 114688K, used 67699K [0x00000000c1e00000, 0x0000000100000000)
  region size 1024K, 3 young (3072K), 3 survivors (3072K)
 Metaspace       used 70575K, capacity 71167K, committed 71296K, reserved 1112064K
  class space    used 7699K, capacity 7941K, committed 8064K, reserved 1048576K
}
Event: 25.674 GC heap before
{Heap before GC invocations=34 (full 0):
 garbage-first heap   total 114688K, used 91251K [0x00000000c1e00000, 0x0000000100000000)
  region size 1024K, 26 young (26624K), 3 survivors (3072K)
 Metaspace       used 72387K, capacity 73029K, committed 73216K, reserved 1114112K
  class space    used 7822K, capacity 8071K, committed 8192K, reserved 1048576K
}
Event: 25.689 GC heap after
{Heap after GC invocations=35 (full 0):
 garbage-first heap   total 114688K, used 68865K [0x00000000c1e00000, 0x0000000100000000)
  region size 1024K, 4 young (4096K), 4 survivors (4096K)
 Metaspace       used 72387K, capacity 73029K, committed 73216K, reserved 1114112K
  class space    used 7822K, capacity 8071K, committed 8192K, reserved 1048576K
}
Event: 26.391 GC heap before
{Heap before GC invocations=35 (full 0):
 garbage-first heap   total 114688K, used 91393K [0x00000000c1e00000, 0x0000000100000000)
  region size 1024K, 27 young (27648K), 4 survivors (4096K)
 Metaspace       used 76101K, capacity 76691K, committed 76800K, reserved 1118208K
  class space    used 8138K, capacity 8396K, committed 8448K, reserved 1048576K
}
Event: 26.410 GC heap after
{Heap after GC invocations=36 (full 0):
 garbage-first heap   total 138240K, used 69640K [0x00000000c1e00000, 0x0000000100000000)
  region size 1024K, 3 young (3072K), 3 survivors (3072K)
 Metaspace       used 76101K, capacity 76691K, committed 76800K, reserved 1118208K
  class space    used 8138K, capacity 8396K, committed 8448K, reserved 1048576K
}

Deoptimization events (10 events):
Event: 26.044 Thread 0x000002247f5c3800 Uncommon trap: reason=unstable_if action=reinterpret pc=0x000002240f28ee98 method=org.jetbrains.org.objectweb.asm.ClassReader.readMethod(Lorg/jetbrains/org/objectweb/asm/ClassVisitor;Lorg/jetbrains/org/objectweb/asm/Context;I)I @ 151 c2
Event: 26.302 Thread 0x000002247f5c3800 Uncommon trap: reason=intrinsic_or_type_checked_inlining action=make_not_entrant pc=0x000002240f3a09ac method=java.util.ArrayList.toArray([Ljava/lang/Object;)[Ljava/lang/Object; @ 36 c2
Event: 26.412 Thread 0x000002247f5c3800 Uncommon trap: reason=class_check action=make_not_entrant pc=0x000002240f3a5254 method=java.util.ArrayList.toArray([Ljava/lang/Object;)[Ljava/lang/Object; @ 21 c2
Event: 26.505 Thread 0x000002247f5c3800 Uncommon trap: reason=unstable_if action=reinterpret pc=0x000002240f3938c0 method=gnu.trove.TObjectHash.index(Ljava/lang/Object;)I @ 54 c2
Event: 26.553 Thread 0x000002247f5c3800 Uncommon trap: reason=unstable_if action=reinterpret pc=0x000002240f35eab8 method=org.jetbrains.kotlin.backend.common.serialization.mangle.descriptor.DescriptorExportCheckerVisitor.visitClassDescriptor(Lorg/jetbrains/kotlin/descriptors/ClassDescriptor;Lor
Event: 26.636 Thread 0x000002247f5c3800 Uncommon trap: reason=bimorphic_or_optimized_type_check action=maybe_recompile pc=0x000002240f35c354 method=org.jetbrains.kotlin.storage.LockBasedStorageManager$MapBasedMemoizedFunction.invoke(Ljava/lang/Object;)Ljava/lang/Object; @ 34 c2
Event: 26.679 Thread 0x000002247f5c3800 Uncommon trap: reason=unstable_if action=reinterpret pc=0x000002240f1ef114 method=gnu.trove.TObjectHash.insertionIndex(Ljava/lang/Object;)I @ 150 c2
Event: 26.689 Thread 0x000002247f5c3800 Uncommon trap: reason=unstable_if action=reinterpret pc=0x000002240f383ce0 method=java.lang.String.valueOf(Ljava/lang/Object;)Ljava/lang/String; @ 1 c2
Event: 26.749 Thread 0x000002247f5c3800 Uncommon trap: reason=speculate_null_assert action=make_not_entrant pc=0x000002240f3ad49c method=org.jetbrains.kotlin.backend.jvm.codegen.IrTypeMapper.classInternalName(Lorg/jetbrains/kotlin/ir/declarations/IrClass;)Ljava/lang/String; @ 20 c2
Event: 26.866 Thread 0x000002247f5c3800 Uncommon trap: reason=speculate_null_assert action=make_not_entrant pc=0x000002240f2fa630 method=org.jetbrains.kotlin.load.java.components.JavaAnnotationMapper.findMappedJavaAnnotation(Lorg/jetbrains/kotlin/name/FqName;Lorg/jetbrains/kotlin/load/java/stru

Classes redefined (0 events):
No events

Internal exceptions (10 events):
Event: 18.925 Thread 0x000002247f5c3800 Exception <a 'java/lang/IncompatibleClassChangeError'{0x00000000c69147c8}: Found class java.lang.Object, but interface was expected> (0x00000000c69147c8) thrown at [./open/src/hotspot/share/interpreter/linkResolver.cpp, line 838]
Event: 18.973 Thread 0x000002247f5c3800 Exception <a 'java/lang/NoSuchMethodError'{0x00000000c68d9500}: java.lang.invoke.Invokers$Holder.linkToTargetMethod(Ljava/lang/Object;Ljava/lang/Object;Ljava/lang/Object;IILjava/lang/Object;)Ljava/lang/Object;> (0x00000000c68d9500) thrown at [./open/src/h
Event: 19.179 Thread 0x000002247f5c3800 Exception <a 'java/lang/NoSuchMethodError'{0x00000000c624f620}: java.lang.invoke.DirectMethodHandle$Holder.invokeStaticInit(Ljava/lang/Object;Ljava/lang/Object;Ljava/lang/Object;)Ljava/lang/Object;> (0x00000000c624f620) thrown at [./open/src/hotspot/share
Event: 19.181 Thread 0x000002247f5c3800 Exception <a 'java/lang/NoSuchMethodError'{0x00000000c625f3b8}: java.lang.invoke.DirectMethodHandle$Holder.invokeStatic(Ljava/lang/Object;ILjava/lang/Object;Ljava/lang/Object;)Ljava/lang/Object;> (0x00000000c625f3b8) thrown at [./open/src/hotspot/share/in
Event: 19.182 Thread 0x000002247f5c3800 Exception <a 'java/lang/NoSuchMethodError'{0x00000000c6266f20}: java.lang.invoke.DirectMethodHandle$Holder.invokeStatic(Ljava/lang/Object;ILjava/lang/Object;)Ljava/lang/Object;> (0x00000000c6266f20) thrown at [./open/src/hotspot/share/interpreter/linkReso
Event: 20.304 Thread 0x000002247f5c3800 Implicit null exception at 0x000002240f06ad55 to 0x000002240f06af1c
Event: 20.951 Thread 0x000002247f5c3800 Implicit null exception at 0x000002240f25cd0b to 0x000002240f25d234
Event: 21.810 Thread 0x000002247f5c3800 Implicit null exception at 0x000002240f265453 to 0x000002240f265714
Event: 25.287 Thread 0x000002247f5c3800 Implicit null exception at 0x000002240f364456 to 0x000002240f36467a
Event: 25.348 Thread 0x000002247f5c3800 Implicit null exception at 0x000002240f3696d2 to 0x000002240f369784

Events (10 events):
Event: 26.748 loading class org/jetbrains/kotlin/backend/jvm/codegen/ExpressionCodegen$visitClass$childCodegen$1
Event: 26.748 loading class org/jetbrains/kotlin/backend/jvm/codegen/ExpressionCodegen$visitClass$childCodegen$1 done
Event: 26.749 Thread 0x000002247f5c3800 Uncommon trap: trap_request=0xffffff5c fr.pc=0x000002240f3ad49c relative=0x000000000000093c
Event: 26.749 Thread 0x000002247f5c3800 DEOPT PACKING pc=0x000002240f3ad49c sp=0x000000bdbccfca50
Event: 26.749 Thread 0x000002247f5c3800 DEOPT UNPACKING pc=0x000002240757662f sp=0x000000bdbccfc8a8 mode 2
Event: 26.807 Executing VM operation: CGC_Operation
Event: 26.808 Executing VM operation: CGC_Operation done
Event: 26.866 Thread 0x000002247f5c3800 Uncommon trap: trap_request=0xffffff5c fr.pc=0x000002240f2fa630 relative=0x0000000000000750
Event: 26.866 Thread 0x000002247f5c3800 DEOPT PACKING pc=0x000002240f2fa630 sp=0x000000bdbccfd980
Event: 26.866 Thread 0x000002247f5c3800 DEOPT UNPACKING pc=0x000002240757662f sp=0x000000bdbccfd8f0 mode 2


Dynamic libraries:
0x00007ff6a31c0000 - 0x00007ff6a31cf000 	C:\Program Files\Java\jdk-11.0.13\bin\java.exe
0x00007ffcab020000 - 0x00007ffcab229000 	C:\Windows\SYSTEM32\ntdll.dll
0x00007ffca9bf0000 - 0x00007ffca9cad000 	C:\Windows\System32\KERNEL32.DLL
0x00007ffca8980000 - 0x00007ffca8cf4000 	C:\Windows\System32\KERNELBASE.dll
0x00007ffca8d00000 - 0x00007ffca8e11000 	C:\Windows\System32\ucrtbase.dll
0x00007ffca01e0000 - 0x00007ffca01f5000 	C:\Program Files\Java\jdk-11.0.13\bin\VCRUNTIME140.dll
0x00007ffca0220000 - 0x00007ffca0238000 	C:\Program Files\Java\jdk-11.0.13\bin\jli.dll
0x00007ffca9790000 - 0x00007ffca983e000 	C:\Windows\System32\ADVAPI32.dll
0x00007ffca9130000 - 0x00007ffca91d3000 	C:\Windows\System32\msvcrt.dll
0x00007ffca9b50000 - 0x00007ffca9bee000 	C:\Windows\System32\sechost.dll
0x00007ffca8ec0000 - 0x00007ffca8fe0000 	C:\Windows\System32\RPCRT4.dll
0x00007ffca9cd0000 - 0x00007ffca9e7c000 	C:\Windows\System32\USER32.dll
0x00007ffca88d0000 - 0x00007ffca88f6000 	C:\Windows\System32\win32u.dll
0x00007ffc8f510000 - 0x00007ffc8f7b5000 	C:\Windows\WinSxS\amd64_microsoft.windows.common-controls_6595b64144ccf1df_6.0.22000.120_none_9d947278b86cc467\COMCTL32.dll
0x00007ffca9300000 - 0x00007ffca9329000 	C:\Windows\System32\GDI32.dll
0x00007ffca8510000 - 0x00007ffca8622000 	C:\Windows\System32\gdi32full.dll
0x00007ffca8e20000 - 0x00007ffca8ebd000 	C:\Windows\System32\msvcp_win.dll
0x00007ffca28d0000 - 0x00007ffca28da000 	C:\Windows\SYSTEM32\VERSION.dll
0x00007ffca90f0000 - 0x00007ffca9121000 	C:\Windows\System32\IMM32.DLL
0x00007ffc87130000 - 0x00007ffc871cb000 	C:\Program Files\Java\jdk-11.0.13\bin\msvcp140.dll
0x00007ffc54c80000 - 0x00007ffc55793000 	C:\Program Files\Java\jdk-11.0.13\bin\server\jvm.dll
0x00007ffca9290000 - 0x00007ffca9298000 	C:\Windows\System32\PSAPI.DLL
0x00007ffca03b0000 - 0x00007ffca03b9000 	C:\Windows\SYSTEM32\WSOCK32.dll
0x00007ffca3380000 - 0x00007ffca33b3000 	C:\Windows\SYSTEM32\WINMM.dll
0x00007ffca9850000 - 0x00007ffca98bf000 	C:\Windows\System32\WS2_32.dll
0x00007ffca7610000 - 0x00007ffca7628000 	C:\Windows\SYSTEM32\kernel.appcore.dll
0x00007ffca0210000 - 0x00007ffca0220000 	C:\Program Files\Java\jdk-11.0.13\bin\verify.dll
0x00007ffc9fb20000 - 0x00007ffc9fd41000 	C:\Windows\SYSTEM32\DBGHELP.DLL
0x00007ffc9fa80000 - 0x00007ffc9fab1000 	C:\Windows\SYSTEM32\dbgcore.DLL
0x00007ffca8900000 - 0x00007ffca897f000 	C:\Windows\System32\bcryptPrimitives.dll
0x00007ffc9a120000 - 0x00007ffc9a148000 	C:\Program Files\Java\jdk-11.0.13\bin\java.dll
0x00007ffca01b0000 - 0x00007ffca01ba000 	C:\Program Files\Java\jdk-11.0.13\bin\jimage.dll
0x00007ffc94150000 - 0x00007ffc94166000 	C:\Program Files\Java\jdk-11.0.13\bin\zip.dll
0x00007ffca9ea0000 - 0x00007ffcaa64e000 	C:\Windows\System32\SHELL32.dll
0x00007ffca6680000 - 0x00007ffca6ee7000 	C:\Windows\SYSTEM32\windows.storage.dll
0x00007ffca9410000 - 0x00007ffca9788000 	C:\Windows\System32\combase.dll
0x00007ffca6510000 - 0x00007ffca6676000 	C:\Windows\SYSTEM32\wintypes.dll
0x00007ffca98c0000 - 0x00007ffca99aa000 	C:\Windows\System32\SHCORE.dll
0x00007ffcaa660000 - 0x00007ffcaa6bd000 	C:\Windows\System32\shlwapi.dll
0x00007ffca8440000 - 0x00007ffca8461000 	C:\Windows\SYSTEM32\profapi.dll
0x00007ffc93fd0000 - 0x00007ffc93fe9000 	C:\Program Files\Java\jdk-11.0.13\bin\net.dll
0x00007ffca2410000 - 0x00007ffca251c000 	C:\Windows\SYSTEM32\WINHTTP.dll
0x00007ffca7a40000 - 0x00007ffca7aa7000 	C:\Windows\system32\mswsock.dll
0x00007ffc91180000 - 0x00007ffc91192000 	C:\Program Files\Java\jdk-11.0.13\bin\nio.dll

dbghelp: loaded successfully - version: 4.0.5 - missing functions: none
symbol engine: initialized successfully - sym options: 0x614 - pdb path: .;C:\Program Files\Java\jdk-11.0.13\bin;C:\Windows\SYSTEM32;C:\Windows\WinSxS\amd64_microsoft.windows.common-controls_6595b64144ccf1df_6.0.22000.120_none_9d947278b86cc467;C:\Program Files\Java\jdk-11.0.13\bin\server

VM Arguments:
java_command: org.jetbrains.kotlin.cli.jvm.K2JVMCompiler @C:\Users\cervi\Desktop\react-native-projects\SCManga2\node_modules\react-native-pager-view\android\build\20220206_16807586967848713155.compiler.options
java_class_path (initial): C:\Users\cervi\.gradle\caches\modules-2\files-2.1\org.jetbrains.kotlin\kotlin-compiler-embeddable\1.5.30\3362a354066df1578a057c200da23cf2a1d8144f\kotlin-compiler-embeddable-1.5.30.jar;C:\Users\cervi\.gradle\caches\modules-2\files-2.1\org.jetbrains.kotlin\kotlin-reflect\1.5.30\6773e974437dd6432aa646cc2f8ab71de42b5773\kotlin-reflect-1.5.30.jar;C:\Users\cervi\.gradle\caches\modules-2\files-2.1\org.jetbrains.kotlin\kotlin-stdlib\1.5.30\d68efdea04955974ac1020f8f66ef8176bfbce1f\kotlin-stdlib-1.5.30.jar;C:\Users\cervi\.gradle\caches\modules-2\files-2.1\org.jetbrains.kotlin\kotlin-script-runtime\1.5.30\10697ab20bfd2f1b23baa91306950c36c4e89a8d\kotlin-script-runtime-1.5.30.jar;C:\Users\cervi\.gradle\caches\modules-2\files-2.1\org.jetbrains.kotlin\kotlin-daemon-embeddable\1.5.30\e355dc9011e559a475608265607948109e113ae0\kotlin-daemon-embeddable-1.5.30.jar;C:\Users\cervi\.gradle\caches\modules-2\files-2.1\org.jetbrains.intellij.deps\trove4j\1.0.20181211\216c2e14b070f334479d800987affe4054cd563f\trove4j-1.0.20181211.jar;C:\Users\cervi\.gradle\caches\modules-2\files-2.1\org.jetbrains\annotations\13.0\919f0dfe192fb4e063e7dacadee7f8bb9a2672a9\annotations-13.0.jar;C:\Users\cervi\.gradle\caches\modules-2\files-2.1\org.jetbrains.kotlin\kotlin-stdlib-common\1.5.30\649ffab7767038323fec0cc41e2d7b0a8f65a378\kotlin-stdlib-common-1.5.30.jar
Launcher Type: SUN_STANDARD

[Global flags]
     intx CICompilerCount                          = 3                                         {product} {ergonomic}
     uint ConcGCThreads                            = 1                                         {product} {ergonomic}
     uint G1ConcRefinementThreads                  = 4                                         {product} {ergonomic}
   size_t G1HeapRegionSize                         = 1048576                                   {product} {ergonomic}
    uintx GCDrainStackTargetSize                   = 64                                        {product} {ergonomic}
   size_t InitialHeapSize                          = 67108864                                  {product} {ergonomic}
   size_t MarkStackSize                            = 4194304                                   {product} {ergonomic}
   size_t MaxHeapSize                              = 1042284544                                {product} {ergonomic}
   size_t MaxNewSize                               = 624951296                                 {product} {ergonomic}
   size_t MinHeapDeltaBytes                        = 1048576                                   {product} {ergonomic}
    uintx NonNMethodCodeHeapSize                   = 5830732                                {pd product} {ergonomic}
    uintx NonProfiledCodeHeapSize                  = 122913754                              {pd product} {ergonomic}
    uintx ProfiledCodeHeapSize                     = 122913754                              {pd product} {ergonomic}
    uintx ReservedCodeCacheSize                    = 251658240                              {pd product} {ergonomic}
     bool SegmentedCodeCache                       = true                                      {product} {ergonomic}
     bool UseCompressedClassPointers               = true                                 {lp64_product} {ergonomic}
     bool UseCompressedOops                        = true                                 {lp64_product} {ergonomic}
     bool UseG1GC                                  = true                                      {product} {ergonomic}
     bool UseLargePagesIndividualAllocation        = false                                  {pd product} {ergonomic}

Logging:
Log output configuration:
 #0: stdout all=warning uptime,level,tags
 #1: stderr all=off uptime,level,tags

Environment Variables:
JAVA_HOME=C:\Program Files\Java\jdk-11.0.13
JRE_HOME=C:\Program Files\Java\jre1.8.0_311
CLASSPATH=C:\Users\cervi\Desktop\react-native-projects\SCManga2\android\\gradle\wrapper\gradle-wrapper.jar
PATH=C:\Users\cervi\Desktop\react-native-projects\SCManga2\android\node_modules\.bin;C:\Users\cervi\Desktop\react-native-projects\SCManga2\node_modules\.bin;C:\Users\cervi\Desktop\react-native-projects\node_modules\.bin;C:\Users\cervi\Desktop\node_modules\.bin;C:\Users\cervi\node_modules\.bin;C:\Users\node_modules\.bin;C:\node_modules\.bin;C:\Program Files\nodejs;C:\Users\cervi\AppData\Local\Temp\yarn--1644184467885-0.5108665452750587;C:\Users\cervi\Desktop\react-native-projects\SCManga2\node_modules\.bin;C:\Users\cervi\AppData\Local\Yarn\Data\link\node_modules\.bin;C:\Users\cervi\AppData\Local\Yarn\bin;C:\Program Files\libexec\lib\node_modules\npm\bin\node-gyp-bin;C:\Program Files\lib\node_modules\npm\bin\node-gyp-bin;C:\Program Files\nodejs\node_modules\npm\bin\node-gyp-bin;C:\Program Files\Common Files\Oracle\Java\javapath;C:\Windows\system32;C:\Windows;C:\Windows\System32\Wbem;C:\Windows\System32\WindowsPowerShell\v1.0\;C:\Windows\System32\OpenSSH\;C:\Program Files\nodejs\;C:\Program Files\dotnet\;C:\Program Files\Git\cmd;C:\Users\cervi\miniconda3;C:\Users\cervi\miniconda3\Library\mingw-w64\bin;C:\Users\cervi\miniconda3\Library\usr\bin;C:\Users\cervi\miniconda3\Library\bin;C:\Users\cervi\miniconda3\Scripts;C:\Users\cervi\AppData\Local\Programs\Python\Python310\Scripts\;C:\Users\cervi\AppData\Local\Programs\Python\Python310\;C:\Users\cervi\AppData\Local\Microsoft\WindowsApps;C:\Users\cervi\AppData\Roaming\npm;C:\Users\cervi\AppData\Local\Programs\Microsoft VS Code\bin;C:\Users\cervi\.dotnet\tools;C:\Users\cervi\AppData\Local\Android\Sdk\platform-tools;C:\Users\cervi\AppData\Local\Android\Sdk\tools;C:\Program Files\Java\jdk-11.0.13\bin;C:\Program Files\Java\jre1.8.0_311\bin;C:\gradle\bin;C:\Program Files (x86)\FreeArc\bin
USERNAME=cervi
OS=Windows_NT
PROCESSOR_IDENTIFIER=Intel64 Family 6 Model 142 Stepping 10, GenuineIntel



---------------  S Y S T E M  ---------------

OS: Windows 10 , 64 bit Build 22000 (10.0.22000.434)

CPU:total 4 (initial active 4) (2 cores per cpu, 2 threads per core) family 6 model 142 stepping 10 microcode 0xe0, cmov, cx8, fxsr, mmx, sse, sse2, sse3, ssse3, sse4.1, sse4.2, popcnt, avx, avx2, aes, clmul, erms, 3dnowpref, lzcnt, ht, tsc, tscinvbit, bmi1, bmi2, adx, fma

Memory: 4k page, system-wide physical 3973M (277M free)
TotalPageFile size 16261M (AvailPageFile size 2M)
current process WorkingSet (physical memory assigned to process): 303M, peak: 303M
current process commit charge ("private bytes"): 350M, peak: 351M

vm_info: Java HotSpot(TM) 64-Bit Server VM (11.0.13+10-LTS-370) for windows-amd64 JRE (11.0.13+10-LTS-370), built on Sep 15 2021 22:10:36 by "mach5one" with MS VC++ 15.9 (VS2017)

END.
