#
# There is insufficient memory for the Java Runtime Environment to continue.
# Native memory allocation (mmap) failed to map 297795584 bytes for Failed to commit area from 0x0000000711c00000 to 0x0000000723800000 of length 297795584.
# Possible reasons:
#   The system is out of physical RAM or swap space
#   The process is running with CompressedOops enabled, and the Java Heap may be blocking the growth of the native heap
# Possible solutions:
#   Reduce memory load on the system
#   Increase physical memory or swap space
#   Check if swap backing store is full
#   Decrease Java heap size (-Xmx/-Xms)
#   Decrease number of Java threads
#   Decrease Java thread stack sizes (-Xss)
#   Set larger code cache with -XX:ReservedCodeCacheSize=
#   JVM is running with Zero Based Compressed Oops mode in which the Java heap is
#     placed in the first 32GB address space. The Java Heap base address is the
#     maximum limit for the native heap growth. Please use -XX:HeapBaseMinAddress
#     to set the Java Heap base and to place the Java Heap above 32GB virtual address.
# This output file may be truncated or incomplete.
#
#  Out of Memory Error (./src/hotspot/os/windows/os_windows.cpp:3301), pid=13308, tid=8648
#
# JRE version: OpenJDK Runtime Environment (11.0.10) (build 11.0.10+0-b96-7249189)
# Java VM: OpenJDK 64-Bit Server VM (11.0.10+0-b96-7249189, mixed mode, tiered, compressed oops, g1 gc, windows-amd64)
# No core dump will be written. Minidumps are not enabled by default on client versions of Windows
#

---------------  S U M M A R Y ------------

Command Line: --add-opens=java.base/java.util=ALL-UNNAMED --add-opens=java.base/java.lang=ALL-UNNAMED --add-opens=java.base/java.lang.invoke=ALL-UNNAMED --add-opens=java.prefs/java.util.prefs=ALL-UNNAMED -Xmx4096m -Dfile.encoding=windows-1252 -Duser.country=AR -Duser.language=es -Duser.variant org.gradle.launcher.daemon.bootstrap.GradleDaemon 6.9

Host: Intel(R) Core(TM) i3-7020U CPU @ 2.30GHz, 4 cores, 3G,  Windows 10 , 64 bit Build 22000 (10.0.22000.434)
Time: Sat Feb  5 12:56:20 2022 Hora estándar de Argentina elapsed time: 569.471551 seconds (0d 0h 9m 29s)

---------------  T H R E A D  ---------------

Current thread (0x0000021759490000):  VMThread "VM Thread" [stack: 0x0000006f51200000,0x0000006f51300000] [id=8648]

Stack: [0x0000006f51200000,0x0000006f51300000]
[error occurred during error reporting (printing stack bounds), id 0xc0000005, EXCEPTION_ACCESS_VIOLATION (0xc0000005) at pc=0x000002173e7d0f2d]

Native frames: (J=compiled Java code, j=interpreted, Vv=VM code, C=native code)
V  [jvm.dll+0x5ecfaa]
V  [jvm.dll+0x722bd5]
V  [jvm.dll+0x72412d]
V  [jvm.dll+0x724745]
V  [jvm.dll+0x7246fb]
V  [jvm.dll+0x5ec348]
V  [jvm.dll+0x5ecad8]
C  [ntdll.dll+0xa86ef]
C  [ntdll.dll+0x35aea]
C  [ntdll.dll+0xa76fe]
C  0x000002173e7d0f2d

VM_Operation (0x0000006f526f5c60): G1CollectForAllocation, mode: safepoint, requested by thread 0x000002175bb76800


---------------  P R O C E S S  ---------------

Threads class SMR info:
_java_thread_list=0x0000021765725fc0, length=34, elements={
0x0000021738bdc000, 0x00000217594b5800, 0x00000217594be800, 0x00000217594d5000,
0x00000217594d5800, 0x00000217594d7000, 0x00000217594dc800, 0x00000217594e1800,
0x00000217594ec000, 0x0000021759fe3000, 0x000002175afeb000, 0x000002175b561000,
0x000002175c183800, 0x000002175bac1000, 0x000002175b600800, 0x000002175b717800,
0x000002175bb76800, 0x000002175b7a0000, 0x000002175bc18800, 0x000002175bc19800,
0x000002175bc1a800, 0x000002175bc1b000, 0x000002175bc18000, 0x000002175cd25800,
0x000002175cd28000, 0x000002175cd24000, 0x000002175ad85800, 0x000002175ad81800,
0x000002175ad87000, 0x000002175ad88000, 0x000002175ad82000, 0x000002175ad88800,
0x000002175ad84800, 0x0000021760d06000
}

Java Threads: ( => current thread )
  0x0000021738bdc000 JavaThread "main" [_thread_blocked, id=13944, stack(0x0000006f50c00000,0x0000006f50d00000)]
  0x00000217594b5800 JavaThread "Reference Handler" daemon [_thread_blocked, id=3208, stack(0x0000006f51300000,0x0000006f51400000)]
  0x00000217594be800 JavaThread "Finalizer" daemon [_thread_blocked, id=11092, stack(0x0000006f51400000,0x0000006f51500000)]
  0x00000217594d5000 JavaThread "Signal Dispatcher" daemon [_thread_blocked, id=4632, stack(0x0000006f51500000,0x0000006f51600000)]
  0x00000217594d5800 JavaThread "Attach Listener" daemon [_thread_blocked, id=7540, stack(0x0000006f51600000,0x0000006f51700000)]
  0x00000217594d7000 JavaThread "Service Thread" daemon [_thread_blocked, id=11172, stack(0x0000006f51700000,0x0000006f51800000)]
  0x00000217594dc800 JavaThread "C2 CompilerThread0" daemon [_thread_blocked, id=17032, stack(0x0000006f51800000,0x0000006f51900000)]
  0x00000217594e1800 JavaThread "C1 CompilerThread0" daemon [_thread_blocked, id=1448, stack(0x0000006f51900000,0x0000006f51a00000)]
  0x00000217594ec000 JavaThread "Sweeper thread" daemon [_thread_blocked, id=19616, stack(0x0000006f51a00000,0x0000006f51b00000)]
  0x0000021759fe3000 JavaThread "Common-Cleaner" daemon [_thread_blocked, id=19400, stack(0x0000006f51b00000,0x0000006f51c00000)]
  0x000002175afeb000 JavaThread "Daemon health stats" [_thread_blocked, id=9712, stack(0x0000006f51e00000,0x0000006f51f00000)]
  0x000002175b561000 JavaThread "Incoming local TCP Connector on port 55419" [_thread_in_native, id=19348, stack(0x0000006f52100000,0x0000006f52200000)]
  0x000002175c183800 JavaThread "Daemon periodic checks" [_thread_blocked, id=14972, stack(0x0000006f52200000,0x0000006f52300000)]
  0x000002175bac1000 JavaThread "Daemon" [_thread_blocked, id=20160, stack(0x0000006f52300000,0x0000006f52400000)]
  0x000002175b600800 JavaThread "Handler for socket connection from /127.0.0.1:55419 to /127.0.0.1:55420" [_thread_in_native, id=14616, stack(0x0000006f52400000,0x0000006f52500000)]
  0x000002175b717800 JavaThread "Cancel handler" [_thread_blocked, id=18604, stack(0x0000006f52500000,0x0000006f52600000)]
  0x000002175bb76800 JavaThread "Daemon worker" [_thread_blocked, id=8952, stack(0x0000006f52600000,0x0000006f52700000)]
  0x000002175b7a0000 JavaThread "Asynchronous log dispatcher for DefaultDaemonConnection: socket connection from /127.0.0.1:55419 to /127.0.0.1:55420" [_thread_blocked, id=20132, stack(0x0000006f52700000,0x0000006f52800000)]
  0x000002175bc18800 JavaThread "Daemon client event forwarder" [_thread_blocked, id=19312, stack(0x0000006f52900000,0x0000006f52a00000)]
  0x000002175bc19800 JavaThread "Cache worker for file hash cache (C:\Users\cervi\.gradle\caches\6.9\fileHashes)" [_thread_blocked, id=12388, stack(0x0000006f52a00000,0x0000006f52b00000)]
  0x000002175bc1a800 JavaThread "File lock request listener" [_thread_in_native, id=11280, stack(0x0000006f52b00000,0x0000006f52c00000)]
  0x000002175bc1b000 JavaThread "Cache worker for journal cache (C:\Users\cervi\.gradle\caches\journal-1)" [_thread_blocked, id=19680, stack(0x0000006f52c00000,0x0000006f52d00000)]
  0x000002175bc18000 JavaThread "Cache worker for file hash cache (C:\Users\cervi\Desktop\react-native-projects\SCManga2\android\.gradle\6.9\fileHashes)" [_thread_blocked, id=12348, stack(0x0000006f52d00000,0x0000006f52e00000)]
  0x000002175cd25800 JavaThread "Cache worker for checksums cache (C:\Users\cervi\Desktop\react-native-projects\SCManga2\android\.gradle\checksums)" [_thread_blocked, id=7468, stack(0x0000006f54200000,0x0000006f54300000)]
  0x000002175cd28000 JavaThread "Cache worker for cache directory md-supplier (C:\Users\cervi\.gradle\caches\6.9\md-supplier)" [_thread_blocked, id=16680, stack(0x0000006f54300000,0x0000006f54400000)]
  0x000002175cd24000 JavaThread "Cache worker for cache directory md-rule (C:\Users\cervi\.gradle\caches\6.9\md-rule)" [_thread_blocked, id=18268, stack(0x0000006f54400000,0x0000006f54500000)]
  0x000002175ad85800 JavaThread "Cache worker for execution history cache (C:\Users\cervi\.gradle\caches\6.9\executionHistory)" [_thread_blocked, id=11852, stack(0x0000006f54500000,0x0000006f54600000)]
  0x000002175ad81800 JavaThread "Cache worker for file content cache (C:\Users\cervi\.gradle\caches\6.9\fileContent)" [_thread_blocked, id=14840, stack(0x0000006f54600000,0x0000006f54700000)]
  0x000002175ad87000 JavaThread "Cache worker for Build Output Cleanup Cache (C:\Users\cervi\Desktop\react-native-projects\SCManga2\android\.gradle\buildOutputCleanup)" [_thread_blocked, id=17972, stack(0x0000006f50900000,0x0000006f50a00000)]
  0x000002175ad88000 JavaThread "Build operations" [_thread_blocked, id=11940, stack(0x0000006f50a00000,0x0000006f50b00000)]
  0x000002175ad82000 JavaThread "Build operations Thread 2" [_thread_blocked, id=8872, stack(0x0000006f50b00000,0x0000006f50c00000)]
  0x000002175ad88800 JavaThread "Build operations Thread 3" [_thread_blocked, id=18640, stack(0x0000006f52800000,0x0000006f52900000)]
  0x000002175ad84800 JavaThread "Build operations Thread 4" [_thread_blocked, id=2480, stack(0x0000006f52e00000,0x0000006f52f00000)]
  0x0000021760d06000 JavaThread "Memory manager" [_thread_blocked, id=19664, stack(0x0000006f59800000,0x0000006f59900000)]

Other Threads:
=>0x0000021759490000 VMThread "VM Thread" [stack: 0x0000006f51200000,0x0000006f51300000] [id=8648]
  0x000002175a016000 WatcherThread [stack: 0x0000006f51c00000,0x0000006f51d00000] [id=14548]
  0x000002173acf6000 GCTaskThread "GC Thread#0" [stack: 0x0000006f50d00000,0x0000006f50e00000] [id=17884]
  0x000002175a782800 GCTaskThread "GC Thread#1" [stack: 0x0000006f51d00000,0x0000006f51e00000] [id=2972]
  0x000002175b103800 GCTaskThread "GC Thread#2" [stack: 0x0000006f51f00000,0x0000006f52000000] [id=13520]
  0x000002175bb2f000 GCTaskThread "GC Thread#3" [stack: 0x0000006f52000000,0x0000006f52100000] [id=12268]
  0x000002173ad54000 ConcurrentGCThread "G1 Main Marker" [stack: 0x0000006f50e00000,0x0000006f50f00000] [id=11936]
  0x000002173ad55800 ConcurrentGCThread "G1 Conc#0" [stack: 0x0000006f50f00000,0x0000006f51000000] [id=20404]
  0x000002173adb3800 ConcurrentGCThread "G1 Refine#0" [stack: 0x0000006f51000000,0x0000006f51100000] [id=10332]
  0x000002173adb4800 ConcurrentGCThread "G1 Young RemSet Sampling" [stack: 0x0000006f51100000,0x0000006f51200000] [id=8500]

Threads with active compile tasks:
C2 CompilerThread0 569575 18390       4       kotlin.io.FilesKt__UtilsKt::toRelativeStringOrNull$FilesKt__UtilsKt (301 bytes)

VM state:at safepoint (normal execution)

VM Mutex/Monitor currently owned by a thread:  ([mutex/lock_event])
[0x000002173acdd210] Threads_lock - owner thread: 0x0000021759490000
[0x000002173acdea40] Heap_lock - owner thread: 0x000002175bb76800

Heap address: 0x0000000700000000, size: 4096 MB, Compressed Oops mode: Zero based, Oop shift amount: 3
Narrow klass base: 0x0000000800000000, Narrow klass shift: 0
Compressed class space size: 1073741824 Address: 0x0000000800000000

Heap:
 garbage-first heap   total 581632K, used 193042K [0x0000000700000000, 0x0000000800000000)
  region size 1024K, 6 young (6144K), 6 survivors (6144K)
 Metaspace       used 121238K, capacity 126719K, committed 126932K, reserved 1159168K
  class space    used 15304K, capacity 17234K, committed 17280K, reserved 1048576K
Heap Regions: E=young(eden), S=young(survivor), O=old, HS=humongous(starts), HC=humongous(continues), CS=collection set, F=free, A=archive, TAMS=top-at-mark-start (previous, next)
|   0|0x0000000700000000, 0x0000000700100000, 0x0000000700100000|100%| O|  |TAMS 0x0000000700100000, 0x0000000700000000| Untracked 
|   1|0x0000000700100000, 0x0000000700200000, 0x0000000700200000|100%| O|  |TAMS 0x0000000700200000, 0x0000000700100000| Untracked 
|   2|0x0000000700200000, 0x0000000700300000, 0x0000000700300000|100%| O|  |TAMS 0x0000000700300000, 0x0000000700200000| Untracked 
|   3|0x0000000700300000, 0x0000000700400000, 0x0000000700400000|100%|HS|  |TAMS 0x0000000700400000, 0x0000000700300000| Complete 
|   4|0x0000000700400000, 0x0000000700500000, 0x0000000700500000|100%|HC|  |TAMS 0x0000000700500000, 0x0000000700400000| Complete 
|   5|0x0000000700500000, 0x0000000700600000, 0x0000000700600000|100%|HC|  |TAMS 0x0000000700600000, 0x0000000700500000| Complete 
|   6|0x0000000700600000, 0x0000000700700000, 0x0000000700700000|100%| O|  |TAMS 0x0000000700700000, 0x0000000700600000| Untracked 
|   7|0x0000000700700000, 0x0000000700800000, 0x0000000700800000|100%| O|  |TAMS 0x0000000700800000, 0x0000000700700000| Untracked 
|   8|0x0000000700800000, 0x0000000700900000, 0x0000000700900000|100%| O|  |TAMS 0x0000000700900000, 0x0000000700800000| Untracked 
|   9|0x0000000700900000, 0x0000000700a00000, 0x0000000700a00000|100%| O|  |TAMS 0x0000000700a00000, 0x0000000700900000| Untracked 
|  10|0x0000000700a00000, 0x0000000700b00000, 0x0000000700b00000|100%| O|  |TAMS 0x0000000700b00000, 0x0000000700a00000| Untracked 
|  11|0x0000000700b00000, 0x0000000700c00000, 0x0000000700c00000|100%| O|  |TAMS 0x0000000700c00000, 0x0000000700b00000| Untracked 
|  12|0x0000000700c00000, 0x0000000700d00000, 0x0000000700d00000|100%| O|  |TAMS 0x0000000700d00000, 0x0000000700c00000| Untracked 
|  13|0x0000000700d00000, 0x0000000700e00000, 0x0000000700e00000|100%| O|  |TAMS 0x0000000700e00000, 0x0000000700d00000| Untracked 
|  14|0x0000000700e00000, 0x0000000700f00000, 0x0000000700f00000|100%| O|  |TAMS 0x0000000700f00000, 0x0000000700e00000| Untracked 
|  15|0x0000000700f00000, 0x0000000701000000, 0x0000000701000000|100%|HS|  |TAMS 0x0000000701000000, 0x0000000700f00000| Complete 
|  16|0x0000000701000000, 0x0000000701100000, 0x0000000701100000|100%|HC|  |TAMS 0x0000000701100000, 0x0000000701000000| Complete 
|  17|0x0000000701100000, 0x0000000701200000, 0x0000000701200000|100%|HS|  |TAMS 0x0000000701200000, 0x0000000701100000| Complete 
|  18|0x0000000701200000, 0x0000000701300000, 0x0000000701300000|100%|HC|  |TAMS 0x0000000701300000, 0x0000000701200000| Complete 
|  19|0x0000000701300000, 0x0000000701400000, 0x0000000701400000|100%|HC|  |TAMS 0x0000000701400000, 0x0000000701300000| Complete 
|  20|0x0000000701400000, 0x0000000701500000, 0x0000000701500000|100%| O|  |TAMS 0x0000000701500000, 0x0000000701400000| Untracked 
|  21|0x0000000701500000, 0x0000000701600000, 0x0000000701600000|100%|HS|  |TAMS 0x0000000701600000, 0x0000000701500000| Complete 
|  22|0x0000000701600000, 0x0000000701700000, 0x0000000701700000|100%|HC|  |TAMS 0x0000000701700000, 0x0000000701600000| Complete 
|  23|0x0000000701700000, 0x0000000701800000, 0x0000000701800000|100%|HC|  |TAMS 0x0000000701800000, 0x0000000701700000| Complete 
|  24|0x0000000701800000, 0x0000000701900000, 0x0000000701900000|100%|HC|  |TAMS 0x0000000701900000, 0x0000000701800000| Complete 
|  25|0x0000000701900000, 0x0000000701a00000, 0x0000000701a00000|100%|HC|  |TAMS 0x0000000701a00000, 0x0000000701900000| Complete 
|  26|0x0000000701a00000, 0x0000000701b00000, 0x0000000701b00000|100%| O|  |TAMS 0x0000000701b00000, 0x0000000701a00000| Untracked 
|  27|0x0000000701b00000, 0x0000000701c00000, 0x0000000701c00000|100%| O|  |TAMS 0x0000000701c00000, 0x0000000701b00000| Untracked 
|  28|0x0000000701c00000, 0x0000000701d00000, 0x0000000701d00000|100%| O|  |TAMS 0x0000000701d00000, 0x0000000701c00000| Untracked 
|  29|0x0000000701d00000, 0x0000000701e00000, 0x0000000701e00000|100%| O|  |TAMS 0x0000000701e00000, 0x0000000701d00000| Untracked 
|  30|0x0000000701e00000, 0x0000000701f00000, 0x0000000701f00000|100%| O|  |TAMS 0x0000000701f00000, 0x0000000701e00000| Untracked 
|  31|0x0000000701f00000, 0x0000000702000000, 0x0000000702000000|100%| O|  |TAMS 0x0000000702000000, 0x0000000701f00000| Untracked 
|  32|0x0000000702000000, 0x0000000702100000, 0x0000000702100000|100%| O|  |TAMS 0x0000000702100000, 0x0000000702000000| Untracked 
|  33|0x0000000702100000, 0x0000000702200000, 0x0000000702200000|100%| O|  |TAMS 0x0000000702200000, 0x0000000702100000| Untracked 
|  34|0x0000000702200000, 0x0000000702300000, 0x0000000702300000|100%| O|  |TAMS 0x0000000702300000, 0x0000000702200000| Untracked 
|  35|0x0000000702300000, 0x0000000702400000, 0x0000000702400000|100%| O|  |TAMS 0x0000000702400000, 0x0000000702300000| Untracked 
|  36|0x0000000702400000, 0x0000000702500000, 0x0000000702500000|100%| O|  |TAMS 0x0000000702500000, 0x0000000702400000| Untracked 
|  37|0x0000000702500000, 0x0000000702600000, 0x0000000702600000|100%| O|  |TAMS 0x0000000702600000, 0x0000000702500000| Untracked 
|  38|0x0000000702600000, 0x0000000702700000, 0x0000000702700000|100%| O|  |TAMS 0x0000000702700000, 0x0000000702600000| Untracked 
|  39|0x0000000702700000, 0x0000000702800000, 0x0000000702800000|100%| O|  |TAMS 0x0000000702800000, 0x0000000702700000| Untracked 
|  40|0x0000000702800000, 0x0000000702900000, 0x0000000702900000|100%| O|  |TAMS 0x0000000702900000, 0x0000000702800000| Untracked 
|  41|0x0000000702900000, 0x0000000702a00000, 0x0000000702a00000|100%| O|  |TAMS 0x0000000702a00000, 0x0000000702900000| Untracked 
|  42|0x0000000702a00000, 0x0000000702b00000, 0x0000000702b00000|100%| O|  |TAMS 0x0000000702b00000, 0x0000000702a00000| Untracked 
|  43|0x0000000702b00000, 0x0000000702c00000, 0x0000000702c00000|100%| O|  |TAMS 0x0000000702c00000, 0x0000000702b00000| Untracked 
|  44|0x0000000702c00000, 0x0000000702d00000, 0x0000000702d00000|100%| O|  |TAMS 0x0000000702d00000, 0x0000000702c00000| Untracked 
|  45|0x0000000702d00000, 0x0000000702e00000, 0x0000000702e00000|100%| O|  |TAMS 0x0000000702e00000, 0x0000000702d00000| Untracked 
|  46|0x0000000702e00000, 0x0000000702f00000, 0x0000000702f00000|100%| O|  |TAMS 0x0000000702f00000, 0x0000000702e00000| Untracked 
|  47|0x0000000702f00000, 0x0000000703000000, 0x0000000703000000|100%| O|  |TAMS 0x0000000703000000, 0x0000000702f00000| Untracked 
|  48|0x0000000703000000, 0x0000000703100000, 0x0000000703100000|100%| O|  |TAMS 0x0000000703100000, 0x0000000703000000| Untracked 
|  49|0x0000000703100000, 0x0000000703200000, 0x0000000703200000|100%| O|  |TAMS 0x0000000703200000, 0x0000000703100000| Untracked 
|  50|0x0000000703200000, 0x0000000703300000, 0x0000000703300000|100%|HS|  |TAMS 0x0000000703300000, 0x0000000703200000| Complete 
|  51|0x0000000703300000, 0x0000000703400000, 0x0000000703400000|100%|HC|  |TAMS 0x0000000703400000, 0x0000000703300000| Complete 
|  52|0x0000000703400000, 0x0000000703500000, 0x0000000703500000|100%|HC|  |TAMS 0x0000000703500000, 0x0000000703400000| Complete 
|  53|0x0000000703500000, 0x0000000703600000, 0x0000000703600000|100%|HC|  |TAMS 0x0000000703600000, 0x0000000703500000| Complete 
|  54|0x0000000703600000, 0x0000000703700000, 0x0000000703700000|100%|HC|  |TAMS 0x0000000703700000, 0x0000000703600000| Complete 
|  55|0x0000000703700000, 0x0000000703800000, 0x0000000703800000|100%|HS|  |TAMS 0x0000000703800000, 0x0000000703700000| Complete 
|  56|0x0000000703800000, 0x0000000703900000, 0x0000000703900000|100%|HC|  |TAMS 0x0000000703900000, 0x0000000703800000| Complete 
|  57|0x0000000703900000, 0x0000000703a00000, 0x0000000703a00000|100%|HC|  |TAMS 0x0000000703a00000, 0x0000000703900000| Complete 
|  58|0x0000000703a00000, 0x0000000703b00000, 0x0000000703b00000|100%|HS|  |TAMS 0x0000000703b00000, 0x0000000703a00000| Complete 
|  59|0x0000000703b00000, 0x0000000703c00000, 0x0000000703c00000|100%|HS|  |TAMS 0x0000000703c00000, 0x0000000703b00000| Complete 
|  60|0x0000000703c00000, 0x0000000703d00000, 0x0000000703d00000|100%|HC|  |TAMS 0x0000000703d00000, 0x0000000703c00000| Complete 
|  61|0x0000000703d00000, 0x0000000703e00000, 0x0000000703e00000|100%| O|  |TAMS 0x0000000703e00000, 0x0000000703d00000| Untracked 
|  62|0x0000000703e00000, 0x0000000703f00000, 0x0000000703f00000|100%| O|  |TAMS 0x0000000703f00000, 0x0000000703e00000| Untracked 
|  63|0x0000000703f00000, 0x0000000704000000, 0x0000000704000000|100%| O|  |TAMS 0x0000000704000000, 0x0000000703f00000| Untracked 
|  64|0x0000000704000000, 0x0000000704100000, 0x0000000704100000|100%| O|  |TAMS 0x0000000704100000, 0x0000000704000000| Untracked 
|  65|0x0000000704100000, 0x0000000704200000, 0x0000000704200000|100%| O|  |TAMS 0x0000000704200000, 0x0000000704100000| Untracked 
|  66|0x0000000704200000, 0x0000000704300000, 0x0000000704300000|100%| O|  |TAMS 0x0000000704300000, 0x0000000704200000| Untracked 
|  67|0x0000000704300000, 0x0000000704400000, 0x0000000704400000|100%| O|  |TAMS 0x0000000704400000, 0x0000000704300000| Untracked 
|  68|0x0000000704400000, 0x0000000704500000, 0x0000000704500000|100%| O|  |TAMS 0x0000000704500000, 0x0000000704400000| Untracked 
|  69|0x0000000704500000, 0x0000000704600000, 0x0000000704600000|100%| O|  |TAMS 0x0000000704600000, 0x0000000704500000| Untracked 
|  70|0x0000000704600000, 0x0000000704700000, 0x0000000704700000|100%| O|  |TAMS 0x0000000704700000, 0x0000000704600000| Untracked 
|  71|0x0000000704700000, 0x0000000704800000, 0x0000000704800000|100%| O|  |TAMS 0x0000000704800000, 0x0000000704700000| Untracked 
|  72|0x0000000704800000, 0x0000000704900000, 0x0000000704900000|100%| O|  |TAMS 0x0000000704900000, 0x0000000704800000| Untracked 
|  73|0x0000000704900000, 0x0000000704a00000, 0x0000000704a00000|100%| O|  |TAMS 0x0000000704a00000, 0x0000000704900000| Untracked 
|  74|0x0000000704a00000, 0x0000000704b00000, 0x0000000704b00000|100%| O|  |TAMS 0x0000000704b00000, 0x0000000704a00000| Untracked 
|  75|0x0000000704b00000, 0x0000000704c00000, 0x0000000704c00000|100%| O|  |TAMS 0x0000000704c00000, 0x0000000704b00000| Untracked 
|  76|0x0000000704c00000, 0x0000000704d00000, 0x0000000704d00000|100%| O|  |TAMS 0x0000000704d00000, 0x0000000704c00000| Untracked 
|  77|0x0000000704d00000, 0x0000000704e00000, 0x0000000704e00000|100%| O|  |TAMS 0x0000000704e00000, 0x0000000704d00000| Untracked 
|  78|0x0000000704e00000, 0x0000000704f00000, 0x0000000704f00000|100%| O|  |TAMS 0x0000000704f00000, 0x0000000704e00000| Untracked 
|  79|0x0000000704f00000, 0x0000000705000000, 0x0000000705000000|100%| O|  |TAMS 0x0000000705000000, 0x0000000704f00000| Untracked 
|  80|0x0000000705000000, 0x0000000705100000, 0x0000000705100000|100%| O|  |TAMS 0x0000000705100000, 0x0000000705000000| Untracked 
|  81|0x0000000705100000, 0x0000000705200000, 0x0000000705200000|100%| O|  |TAMS 0x0000000705200000, 0x0000000705100000| Untracked 
|  82|0x0000000705200000, 0x0000000705300000, 0x0000000705300000|100%| O|  |TAMS 0x0000000705300000, 0x0000000705200000| Untracked 
|  83|0x0000000705300000, 0x0000000705400000, 0x0000000705400000|100%| O|  |TAMS 0x0000000705400000, 0x0000000705300000| Untracked 
|  84|0x0000000705400000, 0x0000000705500000, 0x0000000705500000|100%| O|  |TAMS 0x0000000705500000, 0x0000000705400000| Untracked 
|  85|0x0000000705500000, 0x0000000705600000, 0x0000000705600000|100%|HS|  |TAMS 0x0000000705600000, 0x0000000705500000| Complete 
|  86|0x0000000705600000, 0x0000000705700000, 0x0000000705700000|100%|HC|  |TAMS 0x0000000705700000, 0x0000000705600000| Complete 
|  87|0x0000000705700000, 0x0000000705800000, 0x0000000705800000|100%|HC|  |TAMS 0x0000000705800000, 0x0000000705700000| Complete 
|  88|0x0000000705800000, 0x0000000705900000, 0x0000000705900000|100%|HS|  |TAMS 0x0000000705900000, 0x0000000705800000| Complete 
|  89|0x0000000705900000, 0x0000000705a00000, 0x0000000705a00000|100%|HC|  |TAMS 0x0000000705a00000, 0x0000000705900000| Complete 
|  90|0x0000000705a00000, 0x0000000705b00000, 0x0000000705b00000|100%| O|  |TAMS 0x0000000705b00000, 0x0000000705a00000| Untracked 
|  91|0x0000000705b00000, 0x0000000705c00000, 0x0000000705c00000|100%| O|  |TAMS 0x0000000705c00000, 0x0000000705b00000| Untracked 
|  92|0x0000000705c00000, 0x0000000705d00000, 0x0000000705d00000|100%| O|  |TAMS 0x0000000705d00000, 0x0000000705c00000| Untracked 
|  93|0x0000000705d00000, 0x0000000705e00000, 0x0000000705e00000|100%| O|  |TAMS 0x0000000705e00000, 0x0000000705d00000| Untracked 
|  94|0x0000000705e00000, 0x0000000705f00000, 0x0000000705f00000|100%| O|  |TAMS 0x0000000705f00000, 0x0000000705e00000| Untracked 
|  95|0x0000000705f00000, 0x0000000706000000, 0x0000000706000000|100%| O|  |TAMS 0x0000000706000000, 0x0000000705f00000| Untracked 
|  96|0x0000000706000000, 0x0000000706100000, 0x0000000706100000|100%| O|  |TAMS 0x0000000706100000, 0x0000000706000000| Untracked 
|  97|0x0000000706100000, 0x0000000706200000, 0x0000000706200000|100%| O|  |TAMS 0x0000000706200000, 0x0000000706100000| Untracked 
|  98|0x0000000706200000, 0x0000000706300000, 0x0000000706300000|100%| O|  |TAMS 0x0000000706300000, 0x0000000706200000| Untracked 
|  99|0x0000000706300000, 0x0000000706400000, 0x0000000706400000|100%| O|  |TAMS 0x0000000706400000, 0x0000000706300000| Untracked 
| 100|0x0000000706400000, 0x0000000706500000, 0x0000000706500000|100%|HS|  |TAMS 0x0000000706500000, 0x0000000706400000| Complete 
| 101|0x0000000706500000, 0x0000000706600000, 0x0000000706600000|100%|HS|  |TAMS 0x0000000706600000, 0x0000000706500000| Complete 
| 102|0x0000000706600000, 0x0000000706700000, 0x0000000706700000|100%|HS|  |TAMS 0x0000000706700000, 0x0000000706600000| Complete 
| 103|0x0000000706700000, 0x0000000706800000, 0x0000000706800000|100%|HC|  |TAMS 0x0000000706800000, 0x0000000706700000| Complete 
| 104|0x0000000706800000, 0x0000000706900000, 0x0000000706900000|100%|HC|  |TAMS 0x0000000706900000, 0x0000000706800000| Complete 
| 105|0x0000000706900000, 0x0000000706a00000, 0x0000000706a00000|100%| O|  |TAMS 0x0000000706a00000, 0x0000000706900000| Untracked 
| 106|0x0000000706a00000, 0x0000000706b00000, 0x0000000706b00000|100%| O|  |TAMS 0x0000000706b00000, 0x0000000706a00000| Untracked 
| 107|0x0000000706b00000, 0x0000000706c00000, 0x0000000706c00000|100%| O|  |TAMS 0x0000000706c00000, 0x0000000706b00000| Untracked 
| 108|0x0000000706c00000, 0x0000000706d00000, 0x0000000706d00000|100%| O|  |TAMS 0x0000000706d00000, 0x0000000706c00000| Untracked 
| 109|0x0000000706d00000, 0x0000000706e00000, 0x0000000706e00000|100%| O|  |TAMS 0x0000000706e00000, 0x0000000706d00000| Untracked 
| 110|0x0000000706e00000, 0x0000000706f00000, 0x0000000706f00000|100%| O|  |TAMS 0x0000000706f00000, 0x0000000706e00000| Untracked 
| 111|0x0000000706f00000, 0x0000000707000000, 0x0000000707000000|100%| O|  |TAMS 0x0000000707000000, 0x0000000706f00000| Untracked 
| 112|0x0000000707000000, 0x0000000707100000, 0x0000000707100000|100%| O|  |TAMS 0x0000000707100000, 0x0000000707000000| Untracked 
| 113|0x0000000707100000, 0x0000000707200000, 0x0000000707200000|100%| O|  |TAMS 0x0000000707200000, 0x0000000707100000| Untracked 
| 114|0x0000000707200000, 0x0000000707300000, 0x0000000707300000|100%| O|  |TAMS 0x0000000707300000, 0x0000000707200000| Untracked 
| 115|0x0000000707300000, 0x0000000707400000, 0x0000000707400000|100%| O|  |TAMS 0x0000000707400000, 0x0000000707300000| Untracked 
| 116|0x0000000707400000, 0x0000000707500000, 0x0000000707500000|100%| O|  |TAMS 0x0000000707500000, 0x0000000707400000| Untracked 
| 117|0x0000000707500000, 0x0000000707600000, 0x0000000707600000|100%| O|  |TAMS 0x0000000707600000, 0x0000000707500000| Untracked 
| 118|0x0000000707600000, 0x0000000707700000, 0x0000000707700000|100%| O|  |TAMS 0x0000000707700000, 0x0000000707600000| Untracked 
| 119|0x0000000707700000, 0x0000000707800000, 0x0000000707800000|100%| O|  |TAMS 0x0000000707800000, 0x0000000707700000| Untracked 
| 120|0x0000000707800000, 0x0000000707900000, 0x0000000707900000|100%| O|  |TAMS 0x0000000707900000, 0x0000000707800000| Untracked 
| 121|0x0000000707900000, 0x0000000707a00000, 0x0000000707a00000|100%| O|  |TAMS 0x0000000707a00000, 0x0000000707900000| Untracked 
| 122|0x0000000707a00000, 0x0000000707b00000, 0x0000000707b00000|100%| O|  |TAMS 0x0000000707b00000, 0x0000000707a00000| Untracked 
| 123|0x0000000707b00000, 0x0000000707c00000, 0x0000000707c00000|100%| O|  |TAMS 0x0000000707c00000, 0x0000000707b00000| Untracked 
| 124|0x0000000707c00000, 0x0000000707d00000, 0x0000000707d00000|100%| O|  |TAMS 0x0000000707d00000, 0x0000000707c00000| Untracked 
| 125|0x0000000707d00000, 0x0000000707e00000, 0x0000000707e00000|100%| O|  |TAMS 0x0000000707e00000, 0x0000000707d00000| Untracked 
| 126|0x0000000707e00000, 0x0000000707f00000, 0x0000000707f00000|100%| O|  |TAMS 0x0000000707f00000, 0x0000000707e00000| Untracked 
| 127|0x0000000707f00000, 0x0000000708000000, 0x0000000708000000|100%| O|  |TAMS 0x0000000708000000, 0x0000000707f00000| Untracked 
| 128|0x0000000708000000, 0x0000000708100000, 0x0000000708100000|100%| O|  |TAMS 0x0000000708100000, 0x0000000708000000| Untracked 
| 129|0x0000000708100000, 0x0000000708200000, 0x0000000708200000|100%| O|  |TAMS 0x0000000708200000, 0x0000000708100000| Untracked 
| 130|0x0000000708200000, 0x0000000708300000, 0x0000000708300000|100%| O|  |TAMS 0x0000000708300000, 0x0000000708200000| Untracked 
| 131|0x0000000708300000, 0x0000000708400000, 0x0000000708400000|100%|HS|  |TAMS 0x0000000708400000, 0x0000000708300000| Complete 
| 132|0x0000000708400000, 0x0000000708500000, 0x0000000708500000|100%|HC|  |TAMS 0x0000000708500000, 0x0000000708400000| Complete 
| 133|0x0000000708500000, 0x0000000708600000, 0x0000000708600000|100%|HC|  |TAMS 0x0000000708600000, 0x0000000708500000| Complete 
| 134|0x0000000708600000, 0x0000000708700000, 0x0000000708700000|100%| O|  |TAMS 0x0000000708700000, 0x0000000708600000| Untracked 
| 135|0x0000000708700000, 0x0000000708800000, 0x0000000708800000|100%| O|  |TAMS 0x0000000708800000, 0x0000000708700000| Untracked 
| 136|0x0000000708800000, 0x0000000708900000, 0x0000000708900000|100%| O|  |TAMS 0x0000000708900000, 0x0000000708800000| Untracked 
| 137|0x0000000708900000, 0x0000000708a00000, 0x0000000708a00000|100%| O|  |TAMS 0x0000000708a00000, 0x0000000708900000| Untracked 
| 138|0x0000000708a00000, 0x0000000708b00000, 0x0000000708b00000|100%| O|  |TAMS 0x0000000708b00000, 0x0000000708a00000| Untracked 
| 139|0x0000000708b00000, 0x0000000708c00000, 0x0000000708c00000|100%| O|  |TAMS 0x0000000708c00000, 0x0000000708b00000| Untracked 
| 140|0x0000000708c00000, 0x0000000708d00000, 0x0000000708d00000|100%| O|  |TAMS 0x0000000708d00000, 0x0000000708c00000| Untracked 
| 141|0x0000000708d00000, 0x0000000708e00000, 0x0000000708e00000|100%| O|  |TAMS 0x0000000708e00000, 0x0000000708d00000| Untracked 
| 142|0x0000000708e00000, 0x0000000708f00000, 0x0000000708f00000|100%| O|  |TAMS 0x0000000708f00000, 0x0000000708e00000| Untracked 
| 143|0x0000000708f00000, 0x0000000709000000, 0x0000000709000000|100%| O|  |TAMS 0x0000000709000000, 0x0000000708f00000| Untracked 
| 144|0x0000000709000000, 0x0000000709100000, 0x0000000709100000|100%| O|  |TAMS 0x0000000709100000, 0x0000000709000000| Untracked 
| 145|0x0000000709100000, 0x0000000709200000, 0x0000000709200000|100%| O|  |TAMS 0x0000000709200000, 0x0000000709100000| Untracked 
| 146|0x0000000709200000, 0x0000000709300000, 0x0000000709300000|100%| O|  |TAMS 0x0000000709300000, 0x0000000709200000| Untracked 
| 147|0x0000000709300000, 0x0000000709400000, 0x0000000709400000|100%| O|  |TAMS 0x0000000709400000, 0x0000000709300000| Untracked 
| 148|0x0000000709400000, 0x0000000709500000, 0x0000000709500000|100%| O|  |TAMS 0x0000000709500000, 0x0000000709400000| Untracked 
| 149|0x0000000709500000, 0x0000000709600000, 0x0000000709600000|100%| O|  |TAMS 0x0000000709600000, 0x0000000709500000| Untracked 
| 150|0x0000000709600000, 0x0000000709700000, 0x0000000709700000|100%| O|  |TAMS 0x0000000709700000, 0x0000000709600000| Untracked 
| 151|0x0000000709700000, 0x0000000709800000, 0x0000000709800000|100%| O|  |TAMS 0x0000000709800000, 0x0000000709700000| Untracked 
| 152|0x0000000709800000, 0x0000000709900000, 0x0000000709900000|100%| O|  |TAMS 0x0000000709900000, 0x0000000709800000| Untracked 
| 153|0x0000000709900000, 0x0000000709a00000, 0x0000000709a00000|100%| O|  |TAMS 0x0000000709a00000, 0x0000000709900000| Untracked 
| 154|0x0000000709a00000, 0x0000000709b00000, 0x0000000709b00000|100%| O|  |TAMS 0x0000000709b00000, 0x0000000709a00000| Untracked 
| 155|0x0000000709b00000, 0x0000000709c00000, 0x0000000709c00000|100%| O|  |TAMS 0x0000000709c00000, 0x0000000709b00000| Untracked 
| 156|0x0000000709c00000, 0x0000000709d00000, 0x0000000709d00000|100%| O|  |TAMS 0x0000000709d00000, 0x0000000709c00000| Untracked 
| 157|0x0000000709d00000, 0x0000000709e00000, 0x0000000709e00000|100%| O|  |TAMS 0x0000000709e00000, 0x0000000709d00000| Untracked 
| 158|0x0000000709e00000, 0x0000000709f00000, 0x0000000709f00000|100%| O|  |TAMS 0x0000000709f00000, 0x0000000709e00000| Untracked 
| 159|0x0000000709f00000, 0x000000070a000000, 0x000000070a000000|100%| O|  |TAMS 0x000000070a000000, 0x0000000709f00000| Untracked 
| 160|0x000000070a000000, 0x000000070a100000, 0x000000070a100000|100%| O|  |TAMS 0x000000070a100000, 0x000000070a000000| Untracked 
| 161|0x000000070a100000, 0x000000070a200000, 0x000000070a200000|100%| O|  |TAMS 0x000000070a200000, 0x000000070a100000| Untracked 
| 162|0x000000070a200000, 0x000000070a300000, 0x000000070a300000|100%| O|  |TAMS 0x000000070a300000, 0x000000070a200000| Untracked 
| 163|0x000000070a300000, 0x000000070a400000, 0x000000070a400000|100%| O|  |TAMS 0x000000070a400000, 0x000000070a300000| Untracked 
| 164|0x000000070a400000, 0x000000070a500000, 0x000000070a500000|100%| O|  |TAMS 0x000000070a500000, 0x000000070a400000| Untracked 
| 165|0x000000070a500000, 0x000000070a600000, 0x000000070a600000|100%| O|  |TAMS 0x000000070a600000, 0x000000070a500000| Untracked 
| 166|0x000000070a600000, 0x000000070a700000, 0x000000070a700000|100%| O|  |TAMS 0x000000070a700000, 0x000000070a600000| Untracked 
| 167|0x000000070a700000, 0x000000070a800000, 0x000000070a800000|100%| O|  |TAMS 0x000000070a800000, 0x000000070a700000| Untracked 
| 168|0x000000070a800000, 0x000000070a900000, 0x000000070a900000|100%| O|  |TAMS 0x000000070a900000, 0x000000070a800000| Untracked 
| 169|0x000000070a900000, 0x000000070aa00000, 0x000000070aa00000|100%| O|  |TAMS 0x000000070aa00000, 0x000000070a900000| Untracked 
| 170|0x000000070aa00000, 0x000000070ab00000, 0x000000070ab00000|100%| O|  |TAMS 0x000000070ab00000, 0x000000070aa00000| Untracked 
| 171|0x000000070ab00000, 0x000000070ac00000, 0x000000070ac00000|100%| O|  |TAMS 0x000000070ac00000, 0x000000070ab00000| Untracked 
| 172|0x000000070ac00000, 0x000000070ad00000, 0x000000070ad00000|100%| O|  |TAMS 0x000000070ad00000, 0x000000070ac00000| Untracked 
| 173|0x000000070ad00000, 0x000000070ae00000, 0x000000070ae00000|100%| O|  |TAMS 0x000000070ae00000, 0x000000070ad00000| Untracked 
| 174|0x000000070ae00000, 0x000000070af00000, 0x000000070af00000|100%| O|  |TAMS 0x000000070af00000, 0x000000070ae00000| Untracked 
| 175|0x000000070af00000, 0x000000070b000000, 0x000000070b000000|100%| O|  |TAMS 0x000000070af8b400, 0x000000070af00000| Untracked 
| 176|0x000000070b000000, 0x000000070b100000, 0x000000070b100000|100%| O|  |TAMS 0x000000070b100000, 0x000000070b000000| Untracked 
| 177|0x000000070b100000, 0x000000070b200000, 0x000000070b200000|100%| O|  |TAMS 0x000000070b200000, 0x000000070b100000| Untracked 
| 178|0x000000070b200000, 0x000000070b300000, 0x000000070b300000|100%| O|  |TAMS 0x000000070b300000, 0x000000070b200000| Untracked 
| 179|0x000000070b300000, 0x000000070b400000, 0x000000070b400000|100%| O|  |TAMS 0x000000070b300000, 0x000000070b300000| Untracked 
| 180|0x000000070b400000, 0x000000070b500000, 0x000000070b500000|100%| O|  |TAMS 0x000000070b500000, 0x000000070b400000| Untracked 
| 181|0x000000070b500000, 0x000000070b600000, 0x000000070b600000|100%| O|  |TAMS 0x000000070b500000, 0x000000070b500000| Untracked 
| 182|0x000000070b600000, 0x000000070b69da00, 0x000000070b700000| 61%| O|  |TAMS 0x000000070b600000, 0x000000070b600000| Untracked 
| 183|0x000000070b700000, 0x000000070b700000, 0x000000070b800000|  0%| F|  |TAMS 0x000000070b700000, 0x000000070b700000| Untracked 
| 184|0x000000070b800000, 0x000000070b800000, 0x000000070b900000|  0%| F|  |TAMS 0x000000070b800000, 0x000000070b800000| Untracked 
| 185|0x000000070b900000, 0x000000070b900000, 0x000000070ba00000|  0%| F|  |TAMS 0x000000070b900000, 0x000000070b900000| Untracked 
| 186|0x000000070ba00000, 0x000000070ba00000, 0x000000070bb00000|  0%| F|  |TAMS 0x000000070ba00000, 0x000000070ba00000| Untracked 
| 187|0x000000070bb00000, 0x000000070bb00000, 0x000000070bc00000|  0%| F|  |TAMS 0x000000070bb00000, 0x000000070bb00000| Untracked 
| 188|0x000000070bc00000, 0x000000070bc00000, 0x000000070bd00000|  0%| F|  |TAMS 0x000000070bc00000, 0x000000070bc00000| Untracked 
| 189|0x000000070bd00000, 0x000000070bd00000, 0x000000070be00000|  0%| F|  |TAMS 0x000000070bd00000, 0x000000070bd00000| Untracked 
| 190|0x000000070be00000, 0x000000070be00000, 0x000000070bf00000|  0%| F|  |TAMS 0x000000070be00000, 0x000000070be00000| Untracked 
| 191|0x000000070bf00000, 0x000000070bf00000, 0x000000070c000000|  0%| F|  |TAMS 0x000000070bf00000, 0x000000070bf00000| Untracked 
| 192|0x000000070c000000, 0x000000070c000000, 0x000000070c100000|  0%| F|  |TAMS 0x000000070c000000, 0x000000070c000000| Untracked 
| 193|0x000000070c100000, 0x000000070c100000, 0x000000070c200000|  0%| F|  |TAMS 0x000000070c100000, 0x000000070c100000| Untracked 
| 194|0x000000070c200000, 0x000000070c200000, 0x000000070c300000|  0%| F|  |TAMS 0x000000070c200000, 0x000000070c200000| Untracked 
| 195|0x000000070c300000, 0x000000070c300000, 0x000000070c400000|  0%| F|  |TAMS 0x000000070c300000, 0x000000070c300000| Untracked 
| 196|0x000000070c400000, 0x000000070c400000, 0x000000070c500000|  0%| F|  |TAMS 0x000000070c400000, 0x000000070c400000| Untracked 
| 197|0x000000070c500000, 0x000000070c500000, 0x000000070c600000|  0%| F|  |TAMS 0x000000070c500000, 0x000000070c500000| Untracked 
| 198|0x000000070c600000, 0x000000070c600000, 0x000000070c700000|  0%| F|  |TAMS 0x000000070c600000, 0x000000070c600000| Untracked 
| 199|0x000000070c700000, 0x000000070c700000, 0x000000070c800000|  0%| F|  |TAMS 0x000000070c700000, 0x000000070c700000| Untracked 
| 200|0x000000070c800000, 0x000000070c800000, 0x000000070c900000|  0%| F|  |TAMS 0x000000070c800000, 0x000000070c800000| Untracked 
| 201|0x000000070c900000, 0x000000070c900000, 0x000000070ca00000|  0%| F|  |TAMS 0x000000070c900000, 0x000000070c900000| Untracked 
| 202|0x000000070ca00000, 0x000000070ca00000, 0x000000070cb00000|  0%| F|  |TAMS 0x000000070ca00000, 0x000000070ca00000| Untracked 
| 203|0x000000070cb00000, 0x000000070cb00000, 0x000000070cc00000|  0%| F|  |TAMS 0x000000070cb00000, 0x000000070cb00000| Untracked 
| 204|0x000000070cc00000, 0x000000070cc00000, 0x000000070cd00000|  0%| F|  |TAMS 0x000000070cc00000, 0x000000070cc00000| Untracked 
| 205|0x000000070cd00000, 0x000000070cd00000, 0x000000070ce00000|  0%| F|  |TAMS 0x000000070cd00000, 0x000000070cd00000| Untracked 
| 206|0x000000070ce00000, 0x000000070ce00000, 0x000000070cf00000|  0%| F|  |TAMS 0x000000070ce00000, 0x000000070ce00000| Untracked 
| 207|0x000000070cf00000, 0x000000070cf00000, 0x000000070d000000|  0%| F|  |TAMS 0x000000070cf00000, 0x000000070cf00000| Untracked 
| 208|0x000000070d000000, 0x000000070d000000, 0x000000070d100000|  0%| F|  |TAMS 0x000000070d000000, 0x000000070d000000| Untracked 
| 209|0x000000070d100000, 0x000000070d100000, 0x000000070d200000|  0%| F|  |TAMS 0x000000070d100000, 0x000000070d100000| Untracked 
| 210|0x000000070d200000, 0x000000070d200000, 0x000000070d300000|  0%| F|  |TAMS 0x000000070d200000, 0x000000070d200000| Untracked 
| 211|0x000000070d300000, 0x000000070d300000, 0x000000070d400000|  0%| F|  |TAMS 0x000000070d300000, 0x000000070d300000| Untracked 
| 212|0x000000070d400000, 0x000000070d400000, 0x000000070d500000|  0%| F|  |TAMS 0x000000070d400000, 0x000000070d400000| Untracked 
| 213|0x000000070d500000, 0x000000070d500000, 0x000000070d600000|  0%| F|  |TAMS 0x000000070d500000, 0x000000070d500000| Untracked 
| 214|0x000000070d600000, 0x000000070d600000, 0x000000070d700000|  0%| F|  |TAMS 0x000000070d600000, 0x000000070d600000| Untracked 
| 215|0x000000070d700000, 0x000000070d700000, 0x000000070d800000|  0%| F|  |TAMS 0x000000070d700000, 0x000000070d700000| Untracked 
| 216|0x000000070d800000, 0x000000070d800000, 0x000000070d900000|  0%| F|  |TAMS 0x000000070d800000, 0x000000070d800000| Untracked 
| 217|0x000000070d900000, 0x000000070d900000, 0x000000070da00000|  0%| F|  |TAMS 0x000000070d900000, 0x000000070d900000| Untracked 
| 218|0x000000070da00000, 0x000000070da00000, 0x000000070db00000|  0%| F|  |TAMS 0x000000070da00000, 0x000000070da00000| Untracked 
| 219|0x000000070db00000, 0x000000070db00000, 0x000000070dc00000|  0%| F|  |TAMS 0x000000070db00000, 0x000000070db00000| Untracked 
| 220|0x000000070dc00000, 0x000000070dc00000, 0x000000070dd00000|  0%| F|  |TAMS 0x000000070dc00000, 0x000000070dc00000| Untracked 
| 221|0x000000070dd00000, 0x000000070dd00000, 0x000000070de00000|  0%| F|  |TAMS 0x000000070dd00000, 0x000000070dd00000| Untracked 
| 222|0x000000070de00000, 0x000000070de00000, 0x000000070df00000|  0%| F|  |TAMS 0x000000070de00000, 0x000000070de00000| Untracked 
| 223|0x000000070df00000, 0x000000070df00000, 0x000000070e000000|  0%| F|  |TAMS 0x000000070df00000, 0x000000070df00000| Untracked 
| 224|0x000000070e000000, 0x000000070e000000, 0x000000070e100000|  0%| F|  |TAMS 0x000000070e000000, 0x000000070e000000| Untracked 
| 225|0x000000070e100000, 0x000000070e1e6e40, 0x000000070e200000| 90%| S|CS|TAMS 0x000000070e100000, 0x000000070e100000| Complete 
| 226|0x000000070e200000, 0x000000070e300000, 0x000000070e300000|100%| S|CS|TAMS 0x000000070e200000, 0x000000070e200000| Complete 
| 227|0x000000070e300000, 0x000000070e400000, 0x000000070e400000|100%| S|CS|TAMS 0x000000070e300000, 0x000000070e300000| Complete 
| 228|0x000000070e400000, 0x000000070e500000, 0x000000070e500000|100%| S|CS|TAMS 0x000000070e400000, 0x000000070e400000| Complete 
| 229|0x000000070e500000, 0x000000070e600000, 0x000000070e600000|100%| S|CS|TAMS 0x000000070e500000, 0x000000070e500000| Complete 
| 230|0x000000070e600000, 0x000000070e700000, 0x000000070e700000|100%| S|CS|TAMS 0x000000070e600000, 0x000000070e600000| Complete 
| 231|0x000000070e700000, 0x000000070e700000, 0x000000070e800000|  0%| F|  |TAMS 0x000000070e700000, 0x000000070e700000| Untracked 
| 232|0x000000070e800000, 0x000000070e800000, 0x000000070e900000|  0%| F|  |TAMS 0x000000070e800000, 0x000000070e800000| Untracked 
| 233|0x000000070e900000, 0x000000070e900000, 0x000000070ea00000|  0%| F|  |TAMS 0x000000070e900000, 0x000000070e900000| Untracked 
| 234|0x000000070ea00000, 0x000000070ea00000, 0x000000070eb00000|  0%| F|  |TAMS 0x000000070ea00000, 0x000000070ea00000| Untracked 
| 235|0x000000070eb00000, 0x000000070eb00000, 0x000000070ec00000|  0%| F|  |TAMS 0x000000070eb00000, 0x000000070eb00000| Untracked 
| 236|0x000000070ec00000, 0x000000070ec00000, 0x000000070ed00000|  0%| F|  |TAMS 0x000000070ec00000, 0x000000070ec00000| Untracked 
| 237|0x000000070ed00000, 0x000000070ed00000, 0x000000070ee00000|  0%| F|  |TAMS 0x000000070ed00000, 0x000000070ed00000| Untracked 
| 238|0x000000070ee00000, 0x000000070ee00000, 0x000000070ef00000|  0%| F|  |TAMS 0x000000070ee00000, 0x000000070ee00000| Untracked 
| 239|0x000000070ef00000, 0x000000070ef00000, 0x000000070f000000|  0%| F|  |TAMS 0x000000070ef00000, 0x000000070ef00000| Untracked 
| 240|0x000000070f000000, 0x000000070f000000, 0x000000070f100000|  0%| F|  |TAMS 0x000000070f000000, 0x000000070f000000| Untracked 
| 241|0x000000070f100000, 0x000000070f100000, 0x000000070f200000|  0%| F|  |TAMS 0x000000070f100000, 0x000000070f100000| Untracked 
| 242|0x000000070f200000, 0x000000070f200000, 0x000000070f300000|  0%| F|  |TAMS 0x000000070f200000, 0x000000070f200000| Untracked 
| 243|0x000000070f300000, 0x000000070f300000, 0x000000070f400000|  0%| F|  |TAMS 0x000000070f300000, 0x000000070f300000| Untracked 
| 244|0x000000070f400000, 0x000000070f400000, 0x000000070f500000|  0%| F|  |TAMS 0x000000070f400000, 0x000000070f400000| Untracked 
| 245|0x000000070f500000, 0x000000070f500000, 0x000000070f600000|  0%| F|  |TAMS 0x000000070f500000, 0x000000070f500000| Untracked 
| 246|0x000000070f600000, 0x000000070f600000, 0x000000070f700000|  0%| F|  |TAMS 0x000000070f600000, 0x000000070f600000| Untracked 
| 247|0x000000070f700000, 0x000000070f700000, 0x000000070f800000|  0%| F|  |TAMS 0x000000070f700000, 0x000000070f700000| Untracked 
| 248|0x000000070f800000, 0x000000070f800000, 0x000000070f900000|  0%| F|  |TAMS 0x000000070f800000, 0x000000070f800000| Untracked 
| 249|0x000000070f900000, 0x000000070f900000, 0x000000070fa00000|  0%| F|  |TAMS 0x000000070f900000, 0x000000070f900000| Untracked 
| 250|0x000000070fa00000, 0x000000070fa00000, 0x000000070fb00000|  0%| F|  |TAMS 0x000000070fa00000, 0x000000070fa00000| Untracked 
| 251|0x000000070fb00000, 0x000000070fb00000, 0x000000070fc00000|  0%| F|  |TAMS 0x000000070fb00000, 0x000000070fb00000| Untracked 
| 252|0x000000070fc00000, 0x000000070fc00000, 0x000000070fd00000|  0%| F|  |TAMS 0x000000070fc00000, 0x000000070fc00000| Untracked 
| 253|0x000000070fd00000, 0x000000070fd00000, 0x000000070fe00000|  0%| F|  |TAMS 0x000000070fd00000, 0x000000070fd00000| Untracked 
| 254|0x000000070fe00000, 0x000000070fe00000, 0x000000070ff00000|  0%| F|  |TAMS 0x000000070fe00000, 0x000000070fe00000| Untracked 
| 255|0x000000070ff00000, 0x000000070ff00000, 0x0000000710000000|  0%| F|  |TAMS 0x000000070ff00000, 0x000000070ff00000| Untracked 
| 256|0x0000000710000000, 0x0000000710000000, 0x0000000710100000|  0%| F|  |TAMS 0x0000000710000000, 0x0000000710000000| Untracked 
| 257|0x0000000710100000, 0x0000000710100000, 0x0000000710200000|  0%| F|  |TAMS 0x0000000710100000, 0x0000000710100000| Untracked 
| 258|0x0000000710200000, 0x0000000710200000, 0x0000000710300000|  0%| F|  |TAMS 0x0000000710200000, 0x0000000710200000| Untracked 
| 259|0x0000000710300000, 0x0000000710300000, 0x0000000710400000|  0%| F|  |TAMS 0x0000000710300000, 0x0000000710300000| Untracked 
| 260|0x0000000710400000, 0x0000000710400000, 0x0000000710500000|  0%| F|  |TAMS 0x0000000710400000, 0x0000000710400000| Untracked 
| 261|0x0000000710500000, 0x0000000710500000, 0x0000000710600000|  0%| F|  |TAMS 0x0000000710500000, 0x0000000710500000| Untracked 
| 262|0x0000000710600000, 0x0000000710600000, 0x0000000710700000|  0%| F|  |TAMS 0x0000000710600000, 0x0000000710600000| Untracked 
| 263|0x0000000710700000, 0x0000000710700000, 0x0000000710800000|  0%| F|  |TAMS 0x0000000710700000, 0x0000000710700000| Untracked 
| 264|0x0000000710800000, 0x0000000710800000, 0x0000000710900000|  0%| F|  |TAMS 0x0000000710800000, 0x0000000710800000| Untracked 
| 265|0x0000000710900000, 0x0000000710900000, 0x0000000710a00000|  0%| F|  |TAMS 0x0000000710900000, 0x0000000710900000| Untracked 
| 266|0x0000000710a00000, 0x0000000710a00000, 0x0000000710b00000|  0%| F|  |TAMS 0x0000000710a00000, 0x0000000710a00000| Untracked 
| 267|0x0000000710b00000, 0x0000000710b00000, 0x0000000710c00000|  0%| F|  |TAMS 0x0000000710b00000, 0x0000000710b00000| Untracked 
| 268|0x0000000710c00000, 0x0000000710c00000, 0x0000000710d00000|  0%| F|  |TAMS 0x0000000710c00000, 0x0000000710c00000| Untracked 
| 269|0x0000000710d00000, 0x0000000710d00000, 0x0000000710e00000|  0%| F|  |TAMS 0x0000000710d00000, 0x0000000710d00000| Untracked 
| 270|0x0000000710e00000, 0x0000000710e00000, 0x0000000710f00000|  0%| F|  |TAMS 0x0000000710e00000, 0x0000000710e00000| Untracked 
| 271|0x0000000710f00000, 0x0000000710f00000, 0x0000000711000000|  0%| F|  |TAMS 0x0000000710f00000, 0x0000000710f00000| Untracked 
| 272|0x0000000711000000, 0x0000000711000000, 0x0000000711100000|  0%| F|  |TAMS 0x0000000711000000, 0x0000000711000000| Untracked 
| 273|0x0000000711100000, 0x0000000711100000, 0x0000000711200000|  0%| F|  |TAMS 0x0000000711100000, 0x0000000711100000| Untracked 
| 274|0x0000000711200000, 0x0000000711200000, 0x0000000711300000|  0%| F|  |TAMS 0x0000000711200000, 0x0000000711200000| Untracked 
| 275|0x0000000711300000, 0x0000000711300000, 0x0000000711400000|  0%| F|  |TAMS 0x0000000711300000, 0x0000000711300000| Untracked 
| 276|0x0000000711400000, 0x0000000711400000, 0x0000000711500000|  0%| F|  |TAMS 0x0000000711400000, 0x0000000711400000| Untracked 
| 277|0x0000000711500000, 0x0000000711500000, 0x0000000711600000|  0%| F|  |TAMS 0x0000000711500000, 0x0000000711500000| Untracked 
| 278|0x0000000711600000, 0x0000000711600000, 0x0000000711700000|  0%| F|  |TAMS 0x0000000711600000, 0x0000000711600000| Untracked 
| 279|0x0000000711700000, 0x0000000711700000, 0x0000000711800000|  0%| F|  |TAMS 0x0000000711700000, 0x0000000711700000| Untracked 
| 280|0x0000000711800000, 0x0000000711800000, 0x0000000711900000|  0%| F|  |TAMS 0x0000000711800000, 0x0000000711800000| Untracked 
| 281|0x0000000711900000, 0x0000000711900000, 0x0000000711a00000|  0%| F|  |TAMS 0x0000000711900000, 0x0000000711900000| Untracked 
| 282|0x0000000711a00000, 0x0000000711a00000, 0x0000000711b00000|  0%| F|  |TAMS 0x0000000711a00000, 0x0000000711a00000| Untracked 
| 283|0x0000000711b00000, 0x0000000711b00000, 0x0000000711c00000|  0%| F|  |TAMS 0x0000000711b00000, 0x0000000711b00000| Untracked 

Card table byte_map: [0x000002174dfd0000,0x000002174e7d0000] _byte_map_base: 0x000002174a7d0000

Marking Bits (Prev, Next): (CMBitMap*) 0x000002173ad43140, (CMBitMap*) 0x000002173ad43108
 Prev Bits: [0x0000021752fd0000, 0x0000021756fd0000)
 Next Bits: [0x000002174efd0000, 0x0000021752fd0000)

Polling page: 0x000002173a4c0000

Metaspace:

Usage:
  Non-class:    106.92 MB capacity,   103.45 MB ( 97%) used,     3.10 MB (  3%) free+waste,   376.69 KB ( <1%) overhead. 
      Class:     16.83 MB capacity,    14.95 MB ( 89%) used,     1.71 MB ( 10%) free+waste,   178.19 KB (  1%) overhead. 
       Both:    123.75 MB capacity,   118.40 MB ( 96%) used,     4.81 MB (  4%) free+waste,   554.88 KB ( <1%) overhead. 

Virtual space:
  Non-class space:      108.00 MB reserved,     107.08 MB (>99%) committed 
      Class space:        1.00 GB reserved,      16.88 MB (  2%) committed 
             Both:        1.11 GB reserved,     123.96 MB ( 11%) committed 

Chunk freelists:
   Non-Class:  39.00 KB
       Class:  14.00 KB
        Both:  53.00 KB

MaxMetaspaceSize: 17179869184.00 GB
CompressedClassSpaceSize: 1.00 GB

CodeHeap 'non-profiled nmethods': size=120064Kb used=11997Kb max_used=11997Kb free=108066Kb
 bounds [0x0000021746290000, 0x0000021746e50000, 0x000002174d7d0000]
CodeHeap 'profiled nmethods': size=120000Kb used=40612Kb max_used=40612Kb free=79387Kb
 bounds [0x000002173ed60000, 0x0000021741520000, 0x0000021746290000]
CodeHeap 'non-nmethods': size=5696Kb used=2358Kb max_used=2400Kb free=3337Kb
 bounds [0x000002173e7d0000, 0x000002173ea40000, 0x000002173ed60000]
 total_blobs=18370 nmethods=17409 adapters=871
 compilation: enabled
              stopped_count=0, restarted_count=0
 full_count=0

Compilation events (20 events):
Event: 569.369 Thread 0x00000217594e1800 18425       2       org.gradle.internal.component.external.model.maven.DefaultMutableMavenModuleResolveMetadata::<init> (64 bytes)
Event: 569.370 Thread 0x00000217594e1800 nmethod 18425 0x000002174150cb90 code [0x000002174150cda0, 0x000002174150d208]
Event: 569.370 Thread 0x00000217594e1800 18429       2       org.gradle.internal.component.model.ImmutableModuleSources::withSources (28 bytes)
Event: 569.370 Thread 0x00000217594e1800 nmethod 18429 0x000002174150d310 code [0x000002174150d4c0, 0x000002174150d668]
Event: 569.370 Thread 0x00000217594e1800 18426       2       org.gradle.internal.component.external.model.AbstractMutableModuleComponentResolveMetadata::<init> (163 bytes)
Event: 569.372 Thread 0x00000217594e1800 nmethod 18426 0x000002174150d790 code [0x000002174150da40, 0x000002174150e4f8]
Event: 569.372 Thread 0x00000217594e1800 18427       2       org.gradle.internal.component.model.MutableModuleSources$$Lambda$775/0x0000000800f12c40::get$Lambda (9 bytes)
Event: 569.372 Thread 0x00000217594e1800 nmethod 18427 0x000002174150e790 code [0x000002174150e940, 0x000002174150ead8]
Event: 569.372 Thread 0x00000217594e1800 18430       2       org.gradle.api.internal.artifacts.dsl.DefaultComponentMetadataProcessor::processAllRules (96 bytes)
Event: 569.373 Thread 0x00000217594e1800 nmethod 18430 0x000002174150eb90 code [0x000002174150edc0, 0x000002174150f168]
Event: 569.373 Thread 0x00000217594e1800 18432       2       org.gradle.api.internal.artifacts.dsl.DefaultComponentMetadataProcessor::collectRulesAndCreateAction (106 bytes)
Event: 569.375 Thread 0x00000217594e1800 nmethod 18432 0x000002174150f410 code [0x000002174150f680, 0x000002174150feb8]
Event: 569.375 Thread 0x00000217594e1800 18428       2       org.gradle.internal.component.model.MutableModuleSources$$Lambda$775/0x0000000800f12c40::<init> (10 bytes)
Event: 569.375 Thread 0x00000217594e1800 nmethod 18428 0x0000021741510310 code [0x00000217415104c0, 0x0000021741510618]
Event: 569.375 Thread 0x00000217594e1800 18431       2       org.gradle.api.internal.artifacts.dsl.ComponentMetadataRuleContainer::iterator (10 bytes)
Event: 569.375 Thread 0x00000217594e1800 nmethod 18431 0x0000021741510690 code [0x0000021741510840, 0x0000021741510968]
Event: 569.375 Thread 0x00000217594e1800 18433       2       org.gradle.api.internal.artifacts.dsl.DefaultComponentMetadataProcessor$ExceptionHandler::<init> (5 bytes)
Event: 569.375 Thread 0x00000217594e1800 nmethod 18433 0x0000021741510a10 code [0x0000021741510bc0, 0x0000021741510cb8]
Event: 569.375 Thread 0x00000217594e1800 18434       2       org.gradle.internal.component.model.VariantFilesRules::<init> (12 bytes)
Event: 569.376 Thread 0x00000217594e1800 nmethod 18434 0x0000021741510d90 code [0x0000021741510f40, 0x00000217415110f8]

GC Heap History (20 events):
Event: 560.341 GC heap after
{Heap after GC invocations=107 (full 0):
 garbage-first heap   total 241664K, used 185618K [0x0000000700000000, 0x0000000800000000)
  region size 1024K, 1 young (1024K), 1 survivors (1024K)
 Metaspace       used 112173K, capacity 117505K, committed 118100K, reserved 1150976K
  class space    used 14133K, capacity 15958K, committed 16128K, reserved 1048576K
}
Event: 560.412 GC heap before
{Heap before GC invocations=107 (full 0):
 garbage-first heap   total 241664K, used 195858K [0x0000000700000000, 0x0000000800000000)
  region size 1024K, 11 young (11264K), 1 survivors (1024K)
 Metaspace       used 112173K, capacity 117505K, committed 118100K, reserved 1150976K
  class space    used 14133K, capacity 15958K, committed 16128K, reserved 1048576K
}
Event: 560.417 GC heap after
{Heap after GC invocations=108 (full 0):
 garbage-first heap   total 241664K, used 184907K [0x0000000700000000, 0x0000000800000000)
  region size 1024K, 1 young (1024K), 1 survivors (1024K)
 Metaspace       used 112173K, capacity 117505K, committed 118100K, reserved 1150976K
  class space    used 14133K, capacity 15958K, committed 16128K, reserved 1048576K
}
Event: 560.576 GC heap before
{Heap before GC invocations=108 (full 0):
 garbage-first heap   total 241664K, used 210507K [0x0000000700000000, 0x0000000800000000)
  region size 1024K, 26 young (26624K), 1 survivors (1024K)
 Metaspace       used 112177K, capacity 117505K, committed 118100K, reserved 1150976K
  class space    used 14133K, capacity 15958K, committed 16128K, reserved 1048576K
}
Event: 560.579 GC heap after
{Heap after GC invocations=109 (full 0):
 garbage-first heap   total 241664K, used 184953K [0x0000000700000000, 0x0000000800000000)
  region size 1024K, 2 young (2048K), 2 survivors (2048K)
 Metaspace       used 112177K, capacity 117505K, committed 118100K, reserved 1150976K
  class space    used 14133K, capacity 15958K, committed 16128K, reserved 1048576K
}
Event: 560.821 GC heap before
{Heap before GC invocations=109 (full 0):
 garbage-first heap   total 241664K, used 209529K [0x0000000700000000, 0x0000000800000000)
  region size 1024K, 27 young (27648K), 2 survivors (2048K)
 Metaspace       used 112177K, capacity 117505K, committed 118100K, reserved 1150976K
  class space    used 14133K, capacity 15958K, committed 16128K, reserved 1048576K
}
Event: 560.823 GC heap after
{Heap after GC invocations=110 (full 0):
 garbage-first heap   total 241664K, used 185053K [0x0000000700000000, 0x0000000800000000)
  region size 1024K, 2 young (2048K), 2 survivors (2048K)
 Metaspace       used 112177K, capacity 117505K, committed 118100K, reserved 1150976K
  class space    used 14133K, capacity 15958K, committed 16128K, reserved 1048576K
}
Event: 561.006 GC heap before
{Heap before GC invocations=110 (full 0):
 garbage-first heap   total 241664K, used 209629K [0x0000000700000000, 0x0000000800000000)
  region size 1024K, 27 young (27648K), 2 survivors (2048K)
 Metaspace       used 112194K, capacity 117505K, committed 118100K, reserved 1150976K
  class space    used 14135K, capacity 15958K, committed 16128K, reserved 1048576K
}
Event: 561.010 GC heap after
{Heap after GC invocations=111 (full 0):
 garbage-first heap   total 241664K, used 185218K [0x0000000700000000, 0x0000000800000000)
  region size 1024K, 2 young (2048K), 2 survivors (2048K)
 Metaspace       used 112194K, capacity 117505K, committed 118100K, reserved 1150976K
  class space    used 14135K, capacity 15958K, committed 16128K, reserved 1048576K
}
Event: 561.184 GC heap before
{Heap before GC invocations=111 (full 0):
 garbage-first heap   total 241664K, used 209794K [0x0000000700000000, 0x0000000800000000)
  region size 1024K, 27 young (27648K), 2 survivors (2048K)
 Metaspace       used 112194K, capacity 117505K, committed 118100K, reserved 1150976K
  class space    used 14135K, capacity 15958K, committed 16128K, reserved 1048576K
}
Event: 561.188 GC heap after
{Heap after GC invocations=112 (full 0):
 garbage-first heap   total 241664K, used 185134K [0x0000000700000000, 0x0000000800000000)
  region size 1024K, 2 young (2048K), 2 survivors (2048K)
 Metaspace       used 112194K, capacity 117505K, committed 118100K, reserved 1150976K
  class space    used 14135K, capacity 15958K, committed 16128K, reserved 1048576K
}
Event: 561.818 GC heap before
{Heap before GC invocations=113 (full 0):
 garbage-first heap   total 241664K, used 211758K [0x0000000700000000, 0x0000000800000000)
  region size 1024K, 28 young (28672K), 2 survivors (2048K)
 Metaspace       used 115090K, capacity 120512K, committed 120788K, reserved 1153024K
  class space    used 14575K, capacity 16470K, committed 16512K, reserved 1048576K
}
Event: 561.826 GC heap after
{Heap after GC invocations=114 (full 0):
 garbage-first heap   total 290816K, used 183753K [0x0000000700000000, 0x0000000800000000)
  region size 1024K, 2 young (2048K), 2 survivors (2048K)
 Metaspace       used 115090K, capacity 120512K, committed 120788K, reserved 1153024K
  class space    used 14575K, capacity 16470K, committed 16512K, reserved 1048576K
}
Event: 564.143 GC heap before
{Heap before GC invocations=114 (full 0):
 garbage-first heap   total 290816K, used 228809K [0x0000000700000000, 0x0000000800000000)
  region size 1024K, 47 young (48128K), 2 survivors (2048K)
 Metaspace       used 115731K, capacity 121267K, committed 121428K, reserved 1155072K
  class space    used 14642K, capacity 16544K, committed 16640K, reserved 1048576K
}
Event: 564.268 GC heap after
{Heap after GC invocations=115 (full 0):
 garbage-first heap   total 290816K, used 186320K [0x0000000700000000, 0x0000000800000000)
  region size 1024K, 5 young (5120K), 5 survivors (5120K)
 Metaspace       used 115731K, capacity 121267K, committed 121428K, reserved 1155072K
  class space    used 14642K, capacity 16544K, committed 16640K, reserved 1048576K
}
Event: 565.619 GC heap before
{Heap before GC invocations=116 (full 0):
 garbage-first heap   total 290816K, used 232400K [0x0000000700000000, 0x0000000800000000)
  region size 1024K, 51 young (52224K), 5 survivors (5120K)
 Metaspace       used 115875K, capacity 121363K, committed 121684K, reserved 1155072K
  class space    used 14645K, capacity 16546K, committed 16640K, reserved 1048576K
}
Event: 565.636 GC heap after
{Heap after GC invocations=117 (full 0):
 garbage-first heap   total 290816K, used 188730K [0x0000000700000000, 0x0000000800000000)
  region size 1024K, 7 young (7168K), 7 survivors (7168K)
 Metaspace       used 115875K, capacity 121363K, committed 121684K, reserved 1155072K
  class space    used 14645K, capacity 16546K, committed 16640K, reserved 1048576K
}
Event: 566.593 GC heap before
{Heap before GC invocations=117 (full 0):
 garbage-first heap   total 290816K, used 234810K [0x0000000700000000, 0x0000000800000000)
  region size 1024K, 53 young (54272K), 7 survivors (7168K)
 Metaspace       used 118611K, capacity 124109K, committed 124372K, reserved 1157120K
  class space    used 15010K, capacity 16903K, committed 17024K, reserved 1048576K
}
Event: 566.619 GC heap after
{Heap after GC invocations=118 (full 0):
 garbage-first heap   total 290816K, used 189546K [0x0000000700000000, 0x0000000800000000)
  region size 1024K, 5 young (5120K), 5 survivors (5120K)
 Metaspace       used 118611K, capacity 124109K, committed 124372K, reserved 1157120K
  class space    used 15010K, capacity 16903K, committed 17024K, reserved 1048576K
}
Event: 569.384 GC heap before
{Heap before GC invocations=119 (full 0):
 garbage-first heap   total 290816K, used 237674K [0x0000000700000000, 0x0000000800000000)
  region size 1024K, 53 young (54272K), 5 survivors (5120K)
 Metaspace       used 121238K, capacity 126719K, committed 126932K, reserved 1159168K
  class space    used 15304K, capacity 17234K, committed 17280K, reserved 1048576K
}

Deoptimization events (20 events):
Event: 565.777 Thread 0x000002175bb76800 Uncommon trap: trap_request=0xffffffde fr.pc=0x0000021746d92c20 relative=0x00000000000002e0
Event: 565.777 Thread 0x000002175bb76800 Uncommon trap: reason=class_check action=maybe_recompile pc=0x0000021746d92c20 method=com.google.common.collect.NaturalOrdering.compare(Ljava/lang/Comparable;Ljava/lang/Comparable;)I @ 12 c2
Event: 565.777 Thread 0x000002175bb76800 DEOPT PACKING pc=0x0000021746d92c20 sp=0x0000006f526f5130
Event: 565.777 Thread 0x000002175bb76800 DEOPT UNPACKING pc=0x000002173e7f7b2f sp=0x0000006f526f5088 mode 2
Event: 565.796 Thread 0x000002175ad82000 Uncommon trap: trap_request=0xffffff4d fr.pc=0x0000021746dde364 relative=0x00000000000018a4
Event: 565.796 Thread 0x000002175ad82000 Uncommon trap: reason=unstable_if action=reinterpret pc=0x0000021746dde364 method=java.util.concurrent.ConcurrentHashMap.computeIfAbsent(Ljava/lang/Object;Ljava/util/function/Function;)Ljava/lang/Object; @ 104 c2
Event: 565.796 Thread 0x000002175ad82000 DEOPT PACKING pc=0x0000021746dde364 sp=0x0000006f50bfe250
Event: 565.797 Thread 0x000002175ad82000 DEOPT UNPACKING pc=0x000002173e7f7b2f sp=0x0000006f50bfe1d8 mode 2
Event: 565.809 Thread 0x000002175ad88000 Uncommon trap: trap_request=0xffffff4d fr.pc=0x0000021746cd9230 relative=0x0000000000000850
Event: 565.809 Thread 0x000002175ad88000 Uncommon trap: reason=unstable_if action=reinterpret pc=0x0000021746cd9230 method=java.util.concurrent.locks.AbstractQueuedSynchronizer.enq(Ljava/util/concurrent/locks/AbstractQueuedSynchronizer$Node;)Ljava/util/concurrent/locks/AbstractQueuedSynchronizer
Event: 565.810 Thread 0x000002175ad88000 DEOPT PACKING pc=0x0000021746cd9230 sp=0x0000006f50afcbe0
Event: 565.810 Thread 0x000002175ad88000 DEOPT UNPACKING pc=0x000002173e7f7b2f sp=0x0000006f50afc9f0 mode 2
Event: 566.851 Thread 0x000002175bb76800 Uncommon trap: trap_request=0xffffff4d fr.pc=0x00000217468489d0 relative=0x0000000000000610
Event: 566.851 Thread 0x000002175bb76800 Uncommon trap: reason=unstable_if action=reinterpret pc=0x00000217468489d0 method=java.lang.String.indexOf([BBILjava/lang/String;I)I @ 54 c2
Event: 566.851 Thread 0x000002175bb76800 DEOPT PACKING pc=0x00000217468489d0 sp=0x0000006f526f6450
Event: 566.851 Thread 0x000002175bb76800 DEOPT UNPACKING pc=0x000002173e7f7b2f sp=0x0000006f526f63b8 mode 2
Event: 569.329 Thread 0x000002175bb76800 DEOPT PACKING pc=0x0000021740010aad sp=0x0000006f526f7660
Event: 569.329 Thread 0x000002175bb76800 DEOPT UNPACKING pc=0x000002173e7f794e sp=0x0000006f526f6b88 mode 0
Event: 569.334 Thread 0x000002175bb76800 DEOPT PACKING pc=0x000002173f5df408 sp=0x0000006f526f7190
Event: 569.334 Thread 0x000002175bb76800 DEOPT UNPACKING pc=0x000002173e7f794e sp=0x0000006f526f66c0 mode 0

Classes redefined (0 events):
No events

Internal exceptions (20 events):
Event: 550.545 Thread 0x000002175bb76800 Exception <a 'java/lang/reflect/InvocationTargetException'{0x000000070d6fc940}> (0x000000070d6fc940) thrown at [./src/hotspot/share/runtime/reflection.cpp, line 1247]
Event: 553.260 Thread 0x000002175ad88000 Exception <a 'java/lang/NoSuchMethodError'{0x000000070e7c4798}: 'java.lang.Object java.lang.invoke.DirectMethodHandle$Holder.invokeSpecialIFC(java.lang.Object, java.lang.Object, java.lang.Object)'> (0x000000070e7c4798) thrown at [./src/hotspot/share/interpreter/linkResolver.cpp, line 773]
Event: 553.260 Thread 0x000002175ad82000 Exception <a 'java/lang/NoSuchMethodError'{0x000000070e7c26f0}: 'java.lang.Object java.lang.invoke.DirectMethodHandle$Holder.invokeSpecialIFC(java.lang.Object, java.lang.Object, java.lang.Object)'> (0x000000070e7c26f0) thrown at [./src/hotspot/share/interpreter/linkResolver.cpp, line 773]
Event: 553.260 Thread 0x000002175ad84800 Exception <a 'java/lang/NoSuchMethodError'{0x000000070e7bf618}: 'java.lang.Object java.lang.invoke.DirectMethodHandle$Holder.invokeSpecialIFC(java.lang.Object, java.lang.Object, java.lang.Object)'> (0x000000070e7bf618) thrown at [./src/hotspot/share/interpreter/linkResolver.cpp, line 773]
Event: 553.260 Thread 0x000002175bb76800 Exception <a 'java/lang/NoSuchMethodError'{0x000000070e72fa28}: 'java.lang.Object java.lang.invoke.DirectMethodHandle$Holder.invokeSpecialIFC(java.lang.Object, java.lang.Object, java.lang.Object)'> (0x000000070e72fa28) thrown at [./src/hotspot/share/interpreter/linkResolver.cpp, line 773]
Event: 553.546 Thread 0x000002175ad82000 Exception <a 'java/lang/NoSuchMethodError'{0x000000070e35fa78}: 'int java.lang.invoke.DirectMethodHandle$Holder.invokeStaticInit(java.lang.Object, java.lang.Object, java.lang.Object, java.lang.Object, java.lang.Object)'> (0x000000070e35fa78) thrown at [./src/hotspot/share/interpreter/linkResolver.cpp, line 773]
Event: 554.038 Thread 0x000002175ad84800 Exception <a 'java/lang/NoSuchMethodError'{0x000000070d0d70b8}: 'void java.lang.invoke.DirectMethodHandle$Holder.invokeVirtual(java.lang.Object, java.lang.Object)'> (0x000000070d0d70b8) thrown at [./src/hotspot/share/interpreter/linkResolver.cpp, line 773]
Event: 554.618 Thread 0x000002175ad82000 Exception <a 'java/lang/NoSuchMethodError'{0x000000070defcd30}: 'void java.lang.invoke.DirectMethodHandle$Holder.invokeStatic(java.lang.Object, java.lang.Object, java.lang.Object, java.lang.Object, java.lang.Object, java.lang.Object, java.lang.Object)'> (0x000000070defcd30) thrown at [./src/hotspot/share/interpreter/linkResolver.cpp, line 773]
Event: 558.592 Thread 0x000002175bb76800 Exception <a 'java/lang/NoSuchMethodError'{0x000000070d99e040}: 'int java.lang.invoke.DirectMethodHandle$Holder.invokeSpecialIFC(java.lang.Object, java.lang.Object, java.lang.Object)'> (0x000000070d99e040) thrown at [./src/hotspot/share/interpreter/linkResolver.cpp, line 773]
Event: 561.515 Thread 0x000002175bb76800 Exception <a 'java/lang/NoSuchMethodError'{0x000000070dbe0468}: 'int java.lang.invoke.DirectMethodHandle$Holder.invokeVirtual(java.lang.Object, java.lang.Object, java.lang.Object)'> (0x000000070dbe0468) thrown at [./src/hotspot/share/interpreter/linkResolver.cpp, line 773]
Event: 561.621 Thread 0x000002175bb76800 Exception <a 'java/lang/NoSuchMethodError'{0x000000070d87d628}: 'java.lang.Object java.lang.invoke.DirectMethodHandle$Holder.invokeStatic(java.lang.Object, java.lang.Object, java.lang.Object, java.lang.Object, java.lang.Object, java.lang.Object, java.lang.Object, java.lang.Object, java.lang.Object, java.lang.Object, java.lang.Object, java.lang.Object, java.lang.Object, java.lang.Object, java.lang.Object, java.lang.Object, java.lang.Object, int, java.lang.Object)'> (0x000000070d87d628) thrown at [./src/hots
Event: 561.622 Thread 0x000002175bb76800 Exception <a 'java/lang/NoSuchMethodError'{0x000000070d883b30}: 'java.lang.Object java.lang.invoke.DirectMethodHandle$Holder.invokeStaticInit(java.lang.Object, java.lang.Object, java.lang.Object, java.lang.Object, java.lang.Object, java.lang.Object, java.lang.Object, java.lang.Object, java.lang.Object, java.lang.Object, java.lang.Object, java.lang.Object, java.lang.Object, java.lang.Object, java.lang.Object, java.lang.Object, java.lang.Object, int, java.lang.Object)'> (0x000000070d883b30) thrown at [./src/
Event: 561.701 Thread 0x000002175bb76800 Exception <a 'java/lang/NoSuchMethodError'{0x000000070d538520}: 'void java.lang.invoke.DirectMethodHandle$Holder.invokeStaticInit(java.lang.Object, java.lang.Object, java.lang.Object, java.lang.Object, java.lang.Object)'> (0x000000070d538520) thrown at [./src/hotspot/share/interpreter/linkResolver.cpp, line 773]
Event: 561.749 Thread 0x000002175bb76800 Exception <a 'java/lang/NoSuchMethodError'{0x000000070d4df380}: 'java.lang.Object java.lang.invoke.DirectMethodHandle$Holder.invokeStatic(java.lang.Object, int, java.lang.Object, java.lang.Object)'> (0x000000070d4df380) thrown at [./src/hotspot/share/interpreter/linkResolver.cpp, line 773]
Event: 562.034 Thread 0x000002175bb76800 Exception <a 'java/lang/reflect/InvocationTargetException'{0x0000000710ea2f38}> (0x0000000710ea2f38) thrown at [./src/hotspot/share/runtime/reflection.cpp, line 1247]
Event: 563.411 Thread 0x000002175ad88800 Implicit null exception at 0x0000021746bd404d to 0x0000021746bd4bd4
Event: 563.436 Thread 0x000002175ad88800 Implicit null exception at 0x0000021746bd404d to 0x0000021746bd4bd4
Event: 564.925 Thread 0x000002175bb76800 Exception <a 'java/lang/reflect/InvocationTargetException'{0x0000000710df6858}> (0x0000000710df6858) thrown at [./src/hotspot/share/runtime/reflection.cpp, line 1247]
Event: 565.298 Thread 0x000002175ad82000 Implicit null exception at 0x0000021746d04e8c to 0x0000021746d04f00
Event: 569.320 Thread 0x000002175bb76800 Exception <a 'java/lang/reflect/InvocationTargetException'{0x000000070eea7630}> (0x000000070eea7630) thrown at [./src/hotspot/share/runtime/reflection.cpp, line 1247]

Events (20 events):
Event: 569.093 loading class org/jetbrains/kotlin/gradle/KotlinTaskProperties done
Event: 569.095 loading class org/gradle/api/internal/FactoryNamedDomainObjectContainer
Event: 569.095 loading class org/gradle/api/internal/FactoryNamedDomainObjectContainer done
Event: 569.095 loading class org/jetbrains/kotlin/gradle/plugin/KotlinSourceSet$Companion
Event: 569.095 loading class org/jetbrains/kotlin/gradle/plugin/KotlinSourceSet$Companion done
Event: 569.102 loading class com/android/build/gradle/internal/dependency/ArtifactCollectionWithExtraArtifact$TestedComponentIdentifierImpl
Event: 569.102 loading class com/android/build/gradle/internal/dependency/ArtifactCollectionWithExtraArtifact$TestedComponentIdentifierImpl done
Event: 569.103 loading class com/android/build/gradle/internal/dependency/ArtifactCollectionWithExtraArtifact$ExtraResolvedArtifactResult
Event: 569.103 loading class com/android/build/gradle/internal/dependency/ArtifactCollectionWithExtraArtifact$ExtraResolvedArtifactResult done
Event: 569.104 Executing VM operation: Deoptimize
Event: 569.109 Executing VM operation: Deoptimize done
Event: 569.117 loading class org/jetbrains/kotlin/utils/StringsKt
Event: 569.117 loading class org/jetbrains/kotlin/utils/StringsKt done
Event: 569.140 loading class org/jetbrains/kotlin/gradle/KotlinGradleModelImpl
Event: 569.140 loading class org/jetbrains/kotlin/gradle/KotlinGradleModelImpl done
Event: 569.151 loading class org/jetbrains/kotlin/gradle/KotlinTaskProperties
Event: 569.151 loading class org/jetbrains/kotlin/gradle/KotlinTaskProperties done
Event: 569.217 loading class org/jetbrains/kotlin/gradle/ArgsInfo
Event: 569.217 loading class org/jetbrains/kotlin/gradle/ArgsInfo done
Event: 569.384 Executing VM operation: G1CollectForAllocation


Dynamic libraries:
0x00007ff6ccc40000 - 0x00007ff6ccc4a000 	C:\Program Files\Android\Android Studio\jre\bin\java.exe
0x00007ffcab020000 - 0x00007ffcab229000 	C:\Windows\SYSTEM32\ntdll.dll
0x00007ffca9bf0000 - 0x00007ffca9cad000 	C:\Windows\System32\KERNEL32.DLL
0x00007ffca8980000 - 0x00007ffca8cf4000 	C:\Windows\System32\KERNELBASE.dll
0x00007ffca8d00000 - 0x00007ffca8e11000 	C:\Windows\System32\ucrtbase.dll
0x00007ffc894b0000 - 0x00007ffc894c7000 	C:\Program Files\Android\Android Studio\jre\bin\VCRUNTIME140.dll
0x00007ffc89270000 - 0x00007ffc89289000 	C:\Program Files\Android\Android Studio\jre\bin\jli.dll
0x00007ffca9cd0000 - 0x00007ffca9e7c000 	C:\Windows\System32\USER32.dll
0x00007ffca88d0000 - 0x00007ffca88f6000 	C:\Windows\System32\win32u.dll
0x00007ffca9300000 - 0x00007ffca9329000 	C:\Windows\System32\GDI32.dll
0x00007ffca8510000 - 0x00007ffca8622000 	C:\Windows\System32\gdi32full.dll
0x00007ffca8e20000 - 0x00007ffca8ebd000 	C:\Windows\System32\msvcp_win.dll
0x00007ffc8f510000 - 0x00007ffc8f7b5000 	C:\Windows\WinSxS\amd64_microsoft.windows.common-controls_6595b64144ccf1df_6.0.22000.120_none_9d947278b86cc467\COMCTL32.dll
0x00007ffca9130000 - 0x00007ffca91d3000 	C:\Windows\System32\msvcrt.dll
0x00007ffca90f0000 - 0x00007ffca9121000 	C:\Windows\System32\IMM32.DLL
0x00007ffc87830000 - 0x00007ffc878cd000 	C:\Program Files\Android\Android Studio\jre\bin\msvcp140.dll
0x00007ffc600f0000 - 0x00007ffc60bbf000 	C:\Program Files\Android\Android Studio\jre\bin\server\jvm.dll
0x00007ffca9790000 - 0x00007ffca983e000 	C:\Windows\System32\ADVAPI32.dll
0x00007ffca9b50000 - 0x00007ffca9bee000 	C:\Windows\System32\sechost.dll
0x00007ffca8ec0000 - 0x00007ffca8fe0000 	C:\Windows\System32\RPCRT4.dll
0x00007ffca9290000 - 0x00007ffca9298000 	C:\Windows\System32\PSAPI.DLL
0x00007ffca28d0000 - 0x00007ffca28da000 	C:\Windows\SYSTEM32\VERSION.dll
0x00007ffca3380000 - 0x00007ffca33b3000 	C:\Windows\SYSTEM32\WINMM.dll
0x00007ffca3810000 - 0x00007ffca3819000 	C:\Windows\SYSTEM32\WSOCK32.dll
0x00007ffca9850000 - 0x00007ffca98bf000 	C:\Windows\System32\WS2_32.dll
0x00007ffca7610000 - 0x00007ffca7628000 	C:\Windows\SYSTEM32\kernel.appcore.dll
0x00007ffca59b0000 - 0x00007ffca59c1000 	C:\Program Files\Android\Android Studio\jre\bin\verify.dll
0x00007ffc9fb20000 - 0x00007ffc9fd41000 	C:\Windows\SYSTEM32\DBGHELP.DLL
0x00007ffc9fa80000 - 0x00007ffc9fab1000 	C:\Windows\SYSTEM32\dbgcore.DLL
0x00007ffca8900000 - 0x00007ffca897f000 	C:\Windows\System32\bcryptPrimitives.dll
0x00007ffc9fea0000 - 0x00007ffc9fec9000 	C:\Program Files\Android\Android Studio\jre\bin\java.dll
0x00007ffca37f0000 - 0x00007ffca37fb000 	C:\Program Files\Android\Android Studio\jre\bin\jimage.dll
0x00007ffc93fb0000 - 0x00007ffc93fc8000 	C:\Program Files\Android\Android Studio\jre\bin\zip.dll
0x00007ffca9ea0000 - 0x00007ffcaa64e000 	C:\Windows\System32\SHELL32.dll
0x00007ffca6680000 - 0x00007ffca6ee7000 	C:\Windows\SYSTEM32\windows.storage.dll
0x00007ffca9410000 - 0x00007ffca9788000 	C:\Windows\System32\combase.dll
0x00007ffca6510000 - 0x00007ffca6676000 	C:\Windows\SYSTEM32\wintypes.dll
0x00007ffca98c0000 - 0x00007ffca99aa000 	C:\Windows\System32\SHCORE.dll
0x00007ffcaa660000 - 0x00007ffcaa6bd000 	C:\Windows\System32\shlwapi.dll
0x00007ffca8440000 - 0x00007ffca8461000 	C:\Windows\SYSTEM32\profapi.dll
0x00007ffc896d0000 - 0x00007ffc896ea000 	C:\Program Files\Android\Android Studio\jre\bin\net.dll
0x00007ffca2410000 - 0x00007ffca251c000 	C:\Windows\SYSTEM32\WINHTTP.dll
0x00007ffca7a40000 - 0x00007ffca7aa7000 	C:\Windows\system32\mswsock.dll
0x00007ffc896b0000 - 0x00007ffc896c4000 	C:\Program Files\Android\Android Studio\jre\bin\nio.dll
0x00007ffc89570000 - 0x00007ffc89597000 	C:\Users\cervi\.gradle\native\49d0259a56938c7f99b2704e745ce422c4f750a7a20b539a32ccef96729676b1\windows-amd64\native-platform.dll
0x00007ffc68c90000 - 0x00007ffc68e26000 	C:\Users\cervi\.gradle\native\12488b8bf47d2d4c9fbf2f6322a914ad602e24e48041cd04a747c6da556b65c4\windows-amd64\native-platform-file-events.dll
0x00007ffca01d0000 - 0x00007ffca01da000 	C:\Program Files\Android\Android Studio\jre\bin\management.dll
0x00007ffca01c0000 - 0x00007ffca01cc000 	C:\Program Files\Android\Android Studio\jre\bin\management_ext.dll
0x00007ffca7c80000 - 0x00007ffca7c98000 	C:\Windows\SYSTEM32\CRYPTSP.dll
0x00007ffca7570000 - 0x00007ffca75a5000 	C:\Windows\system32\rsaenh.dll
0x00007ffca7b30000 - 0x00007ffca7b59000 	C:\Windows\SYSTEM32\USERENV.dll
0x00007ffca7e00000 - 0x00007ffca7e27000 	C:\Windows\SYSTEM32\bcrypt.dll
0x00007ffca7ca0000 - 0x00007ffca7cac000 	C:\Windows\SYSTEM32\CRYPTBASE.dll
0x00007ffca7140000 - 0x00007ffca716d000 	C:\Windows\SYSTEM32\IPHLPAPI.DLL
0x00007ffca9840000 - 0x00007ffca9849000 	C:\Windows\System32\NSI.dll
0x00007ffca28b0000 - 0x00007ffca28c9000 	C:\Windows\SYSTEM32\dhcpcsvc6.DLL
0x00007ffca29e0000 - 0x00007ffca29fe000 	C:\Windows\SYSTEM32\dhcpcsvc.DLL
0x00007ffca7170000 - 0x00007ffca7257000 	C:\Windows\SYSTEM32\DNSAPI.dll
0x00007ffc892d0000 - 0x00007ffc892f7000 	C:\Program Files\Android\Android Studio\jre\bin\sunec.dll
0x00007ffc98290000 - 0x00007ffc9829a000 	C:\Windows\System32\rasadhlp.dll
0x00007ffc9de80000 - 0x00007ffc9df01000 	C:\Windows\System32\fwpuclnt.dll

dbghelp: loaded successfully - version: 4.0.5 - missing functions: none
symbol engine: initialized successfully - sym options: 0x614 - pdb path: .;C:\Program Files\Android\Android Studio\jre\bin;C:\Windows\SYSTEM32;C:\Windows\WinSxS\amd64_microsoft.windows.common-controls_6595b64144ccf1df_6.0.22000.120_none_9d947278b86cc467;C:\Program Files\Android\Android Studio\jre\bin\server;C:\Users\cervi\.gradle\native\49d0259a56938c7f99b2704e745ce422c4f750a7a20b539a32ccef96729676b1\windows-amd64;C:\Users\cervi\.gradle\native\12488b8bf47d2d4c9fbf2f6322a914ad602e24e48041cd04a747c6da556b65c4\windows-amd64

VM Arguments:
jvm_args: --add-opens=java.base/java.util=ALL-UNNAMED --add-opens=java.base/java.lang=ALL-UNNAMED --add-opens=java.base/java.lang.invoke=ALL-UNNAMED --add-opens=java.prefs/java.util.prefs=ALL-UNNAMED -Xmx4096m -Dfile.encoding=windows-1252 -Duser.country=AR -Duser.language=es -Duser.variant 
java_command: org.gradle.launcher.daemon.bootstrap.GradleDaemon 6.9
java_class_path (initial): C:\Users\cervi\.gradle\wrapper\dists\gradle-6.9-all\dooywd8nv05k16orzxge2b1bs\gradle-6.9\lib\gradle-launcher-6.9.jar
Launcher Type: SUN_STANDARD

[Global flags]
     intx CICompilerCount                          = 3                                         {product} {ergonomic}
     uint ConcGCThreads                            = 1                                         {product} {ergonomic}
     uint G1ConcRefinementThreads                  = 4                                         {product} {ergonomic}
   size_t G1HeapRegionSize                         = 1048576                                   {product} {ergonomic}
    uintx GCDrainStackTargetSize                   = 64                                        {product} {ergonomic}
   size_t InitialHeapSize                          = 67108864                                  {product} {ergonomic}
   size_t MarkStackSize                            = 4194304                                   {product} {ergonomic}
   size_t MaxHeapSize                              = 4294967296                                {product} {command line}
   size_t MaxNewSize                               = 2576351232                                {product} {ergonomic}
   size_t MinHeapDeltaBytes                        = 1048576                                   {product} {ergonomic}
    uintx NonNMethodCodeHeapSize                   = 5830732                                {pd product} {ergonomic}
    uintx NonProfiledCodeHeapSize                  = 122913754                              {pd product} {ergonomic}
    uintx ProfiledCodeHeapSize                     = 122913754                              {pd product} {ergonomic}
    uintx ReservedCodeCacheSize                    = 251658240                              {pd product} {ergonomic}
     bool SegmentedCodeCache                       = true                                      {product} {ergonomic}
     bool UseCompressedClassPointers               = true                                 {lp64_product} {ergonomic}
     bool UseCompressedOops                        = true                                 {lp64_product} {ergonomic}
     bool UseG1GC                                  = true                                      {product} {ergonomic}
     bool UseLargePagesIndividualAllocation        = false                                  {pd product} {ergonomic}

Logging:
Log output configuration:
 #0: stdout all=warning uptime,level,tags
 #1: stderr all=off uptime,level,tags

Environment Variables:
JAVA_HOME=C:\Program Files\Java\jdk-11.0.13
JRE_HOME=C:\Program Files\Java\jre1.8.0_311
PATH=C:\Program Files\Common Files\Oracle\Java\javapath;C:\Windows\system32;C:\Windows;C:\Windows\System32\Wbem;C:\Windows\System32\WindowsPowerShell\v1.0\;C:\Windows\System32\OpenSSH\;C:\Program Files\nodejs\;C:\Program Files\dotnet\;C:\Program Files\Git\cmd;C:\Users\cervi\miniconda3;C:\Users\cervi\miniconda3\Library\mingw-w64\bin;C:\Users\cervi\miniconda3\Library\usr\bin;C:\Users\cervi\miniconda3\Library\bin;C:\Users\cervi\miniconda3\Scripts;C:\Users\cervi\AppData\Local\Programs\Python\Python310\Scripts\;C:\Users\cervi\AppData\Local\Programs\Python\Python310\;C:\Users\cervi\AppData\Local\Microsoft\WindowsApps;C:\Users\cervi\AppData\Roaming\npm;C:\Users\cervi\AppData\Local\Programs\Microsoft VS Code\bin;C:\Users\cervi\.dotnet\tools;C:\Users\cervi\AppData\Local\Android\Sdk\platform-tools;C:\Users\cervi\AppData\Local\Android\Sdk\tools;C:\Program Files\Java\jdk-11.0.13\bin;C:\Program Files\Java\jre1.8.0_311\bin;C:\gradle\bin;C:\Program Files (x86)\FreeArc\bin
USERNAME=cervi
OS=Windows_NT
PROCESSOR_IDENTIFIER=Intel64 Family 6 Model 142 Stepping 10, GenuineIntel



---------------  S Y S T E M  ---------------

OS: Windows 10 , 64 bit Build 22000 (10.0.22000.434)
OS uptime: 2 days 17:45 hours

CPU:total 4 (initial active 4) (2 cores per cpu, 2 threads per core) family 6 model 142 stepping 10 microcode 0xe0, cmov, cx8, fxsr, mmx, sse, sse2, sse3, ssse3, sse4.1, sse4.2, popcnt, avx, avx2, aes, clmul, erms, 3dnowpref, lzcnt, ht, tsc, tscinvbit, bmi1, bmi2, adx, fma

Memory: 4k page, system-wide physical 3973M (313M free)
TotalPageFile size 16261M (AvailPageFile size 178M)
current process WorkingSet (physical memory assigned to process): 482M, peak: 482M
current process commit charge ("private bytes"): 644M, peak: 928M

vm_info: OpenJDK 64-Bit Server VM (11.0.10+0-b96-7249189) for windows-amd64 JRE (11.0.10+0-b96-7249189), built on Mar 31 2021 21:44:00 by "builder" with MS VC++ 14.0 (VS2015)

END.
